{"D:\\STUDIES\\Web Dev\\Inventory\\src\\controllers\\student.js": {"path":"D:\\STUDIES\\Web Dev\\Inventory\\src\\controllers\\student.js","statementMap":{"0":{"start":{"line":1,"column":15},"end":{"line":1,"column":43}},"1":{"start":{"line":4,"column":0},"end":{"line":33,"column":1}},"2":{"start":{"line":5,"column":19},"end":{"line":5,"column":81}},"3":{"start":{"line":6,"column":19},"end":{"line":6,"column":129}},"4":{"start":{"line":8,"column":4},"end":{"line":14,"column":5}},"5":{"start":{"line":9,"column":8},"end":{"line":13,"column":11}},"6":{"start":{"line":16,"column":4},"end":{"line":22,"column":5}},"7":{"start":{"line":17,"column":8},"end":{"line":21,"column":11}},"8":{"start":{"line":23,"column":4},"end":{"line":23,"column":23}},"9":{"start":{"line":24,"column":4},"end":{"line":28,"column":5}},"10":{"start":{"line":25,"column":8},"end":{"line":27,"column":11}},"11":{"start":{"line":30,"column":4},"end":{"line":32,"column":7}},"12":{"start":{"line":35,"column":0},"end":{"line":60,"column":1}},"13":{"start":{"line":36,"column":19},"end":{"line":36,"column":104}},"14":{"start":{"line":37,"column":19},"end":{"line":37,"column":152}},"15":{"start":{"line":39,"column":4},"end":{"line":43,"column":5}},"16":{"start":{"line":40,"column":8},"end":{"line":42,"column":11}},"17":{"start":{"line":45,"column":4},"end":{"line":49,"column":5}},"18":{"start":{"line":46,"column":8},"end":{"line":48,"column":11}},"19":{"start":{"line":51,"column":4},"end":{"line":55,"column":5}},"20":{"start":{"line":52,"column":8},"end":{"line":54,"column":11}},"21":{"start":{"line":57,"column":4},"end":{"line":59,"column":6}},"22":{"start":{"line":63,"column":0},"end":{"line":89,"column":1}},"23":{"start":{"line":64,"column":19},"end":{"line":64,"column":104}},"24":{"start":{"line":65,"column":19},"end":{"line":65,"column":82}},"25":{"start":{"line":66,"column":4},"end":{"line":66,"column":24}},"26":{"start":{"line":67,"column":4},"end":{"line":71,"column":5}},"27":{"start":{"line":68,"column":8},"end":{"line":70,"column":11}},"28":{"start":{"line":73,"column":4},"end":{"line":77,"column":5}},"29":{"start":{"line":74,"column":8},"end":{"line":76,"column":11}},"30":{"start":{"line":79,"column":4},"end":{"line":83,"column":5}},"31":{"start":{"line":80,"column":8},"end":{"line":82,"column":11}},"32":{"start":{"line":85,"column":4},"end":{"line":88,"column":6}},"33":{"start":{"line":92,"column":0},"end":{"line":111,"column":1}},"34":{"start":{"line":93,"column":19},"end":{"line":93,"column":104}},"35":{"start":{"line":94,"column":19},"end":{"line":94,"column":52}},"36":{"start":{"line":96,"column":4},"end":{"line":100,"column":5}},"37":{"start":{"line":97,"column":8},"end":{"line":99,"column":11}},"38":{"start":{"line":102,"column":4},"end":{"line":106,"column":5}},"39":{"start":{"line":103,"column":8},"end":{"line":105,"column":11}},"40":{"start":{"line":108,"column":4},"end":{"line":110,"column":6}},"41":{"start":{"line":113,"column":0},"end":{"line":132,"column":1}},"42":{"start":{"line":114,"column":19},"end":{"line":114,"column":104}},"43":{"start":{"line":115,"column":19},"end":{"line":115,"column":49}},"44":{"start":{"line":117,"column":4},"end":{"line":121,"column":5}},"45":{"start":{"line":118,"column":8},"end":{"line":120,"column":11}},"46":{"start":{"line":123,"column":4},"end":{"line":127,"column":5}},"47":{"start":{"line":124,"column":8},"end":{"line":126,"column":11}},"48":{"start":{"line":129,"column":4},"end":{"line":131,"column":6}},"49":{"start":{"line":134,"column":0},"end":{"line":153,"column":1}},"50":{"start":{"line":135,"column":19},"end":{"line":135,"column":104}},"51":{"start":{"line":136,"column":19},"end":{"line":136,"column":62}},"52":{"start":{"line":138,"column":4},"end":{"line":142,"column":5}},"53":{"start":{"line":139,"column":8},"end":{"line":141,"column":11}},"54":{"start":{"line":144,"column":4},"end":{"line":148,"column":5}},"55":{"start":{"line":145,"column":8},"end":{"line":147,"column":11}},"56":{"start":{"line":150,"column":4},"end":{"line":152,"column":6}},"57":{"start":{"line":155,"column":0},"end":{"line":174,"column":1}},"58":{"start":{"line":156,"column":19},"end":{"line":156,"column":104}},"59":{"start":{"line":157,"column":19},"end":{"line":157,"column":54}},"60":{"start":{"line":159,"column":4},"end":{"line":163,"column":5}},"61":{"start":{"line":160,"column":8},"end":{"line":162,"column":11}},"62":{"start":{"line":165,"column":4},"end":{"line":169,"column":5}},"63":{"start":{"line":166,"column":8},"end":{"line":168,"column":11}},"64":{"start":{"line":171,"column":4},"end":{"line":173,"column":6}},"65":{"start":{"line":176,"column":0},"end":{"line":195,"column":1}},"66":{"start":{"line":177,"column":19},"end":{"line":177,"column":104}},"67":{"start":{"line":178,"column":19},"end":{"line":178,"column":83}},"68":{"start":{"line":180,"column":4},"end":{"line":184,"column":5}},"69":{"start":{"line":181,"column":8},"end":{"line":183,"column":11}},"70":{"start":{"line":186,"column":4},"end":{"line":190,"column":5}},"71":{"start":{"line":187,"column":8},"end":{"line":189,"column":11}},"72":{"start":{"line":192,"column":4},"end":{"line":194,"column":6}},"73":{"start":{"line":197,"column":0},"end":{"line":216,"column":1}},"74":{"start":{"line":198,"column":19},"end":{"line":198,"column":104}},"75":{"start":{"line":199,"column":17},"end":{"line":199,"column":47}},"76":{"start":{"line":201,"column":4},"end":{"line":205,"column":5}},"77":{"start":{"line":202,"column":8},"end":{"line":204,"column":11}},"78":{"start":{"line":207,"column":4},"end":{"line":211,"column":5}},"79":{"start":{"line":208,"column":8},"end":{"line":210,"column":11}},"80":{"start":{"line":213,"column":4},"end":{"line":215,"column":7}},"81":{"start":{"line":218,"column":0},"end":{"line":240,"column":1}},"82":{"start":{"line":219,"column":19},"end":{"line":219,"column":104}},"83":{"start":{"line":220,"column":17},"end":{"line":220,"column":40}},"84":{"start":{"line":221,"column":4},"end":{"line":221,"column":25}},"85":{"start":{"line":222,"column":4},"end":{"line":227,"column":5}},"86":{"start":{"line":223,"column":8},"end":{"line":226,"column":11}},"87":{"start":{"line":229,"column":4},"end":{"line":234,"column":5}},"88":{"start":{"line":230,"column":8},"end":{"line":233,"column":11}},"89":{"start":{"line":236,"column":4},"end":{"line":239,"column":7}},"90":{"start":{"line":242,"column":0},"end":{"line":264,"column":1}},"91":{"start":{"line":243,"column":19},"end":{"line":243,"column":104}},"92":{"start":{"line":244,"column":17},"end":{"line":244,"column":45}},"93":{"start":{"line":245,"column":4},"end":{"line":245,"column":25}},"94":{"start":{"line":246,"column":4},"end":{"line":251,"column":5}},"95":{"start":{"line":247,"column":8},"end":{"line":250,"column":11}},"96":{"start":{"line":253,"column":4},"end":{"line":258,"column":5}},"97":{"start":{"line":254,"column":8},"end":{"line":257,"column":11}},"98":{"start":{"line":260,"column":4},"end":{"line":263,"column":7}}},"fnMap":{"0":{"name":"(anonymous_0)","decl":{"start":{"line":4,"column":17},"end":{"line":4,"column":18}},"loc":{"start":{"line":4,"column":34},"end":{"line":33,"column":1}},"line":4},"1":{"name":"(anonymous_1)","decl":{"start":{"line":35,"column":26},"end":{"line":35,"column":27}},"loc":{"start":{"line":35,"column":43},"end":{"line":60,"column":1}},"line":35},"2":{"name":"(anonymous_2)","decl":{"start":{"line":63,"column":26},"end":{"line":63,"column":27}},"loc":{"start":{"line":63,"column":43},"end":{"line":89,"column":1}},"line":63},"3":{"name":"(anonymous_3)","decl":{"start":{"line":92,"column":26},"end":{"line":92,"column":27}},"loc":{"start":{"line":92,"column":43},"end":{"line":111,"column":1}},"line":92},"4":{"name":"(anonymous_4)","decl":{"start":{"line":113,"column":23},"end":{"line":113,"column":24}},"loc":{"start":{"line":113,"column":40},"end":{"line":132,"column":1}},"line":113},"5":{"name":"(anonymous_5)","decl":{"start":{"line":134,"column":20},"end":{"line":134,"column":21}},"loc":{"start":{"line":134,"column":37},"end":{"line":153,"column":1}},"line":134},"6":{"name":"(anonymous_6)","decl":{"start":{"line":155,"column":28},"end":{"line":155,"column":29}},"loc":{"start":{"line":155,"column":45},"end":{"line":174,"column":1}},"line":155},"7":{"name":"(anonymous_7)","decl":{"start":{"line":176,"column":26},"end":{"line":176,"column":27}},"loc":{"start":{"line":176,"column":43},"end":{"line":195,"column":1}},"line":176},"8":{"name":"(anonymous_8)","decl":{"start":{"line":197,"column":25},"end":{"line":197,"column":26}},"loc":{"start":{"line":197,"column":41},"end":{"line":216,"column":1}},"line":197},"9":{"name":"(anonymous_9)","decl":{"start":{"line":218,"column":18},"end":{"line":218,"column":19}},"loc":{"start":{"line":218,"column":34},"end":{"line":240,"column":1}},"line":218},"10":{"name":"(anonymous_10)","decl":{"start":{"line":242,"column":23},"end":{"line":242,"column":24}},"loc":{"start":{"line":242,"column":39},"end":{"line":264,"column":1}},"line":242}},"branchMap":{"0":{"loc":{"start":{"line":8,"column":4},"end":{"line":14,"column":5}},"type":"if","locations":[{"start":{"line":8,"column":4},"end":{"line":14,"column":5}},{"start":{"line":8,"column":4},"end":{"line":14,"column":5}}],"line":8},"1":{"loc":{"start":{"line":16,"column":4},"end":{"line":22,"column":5}},"type":"if","locations":[{"start":{"line":16,"column":4},"end":{"line":22,"column":5}},{"start":{"line":16,"column":4},"end":{"line":22,"column":5}}],"line":16},"2":{"loc":{"start":{"line":24,"column":4},"end":{"line":28,"column":5}},"type":"if","locations":[{"start":{"line":24,"column":4},"end":{"line":28,"column":5}},{"start":{"line":24,"column":4},"end":{"line":28,"column":5}}],"line":24},"3":{"loc":{"start":{"line":39,"column":4},"end":{"line":43,"column":5}},"type":"if","locations":[{"start":{"line":39,"column":4},"end":{"line":43,"column":5}},{"start":{"line":39,"column":4},"end":{"line":43,"column":5}}],"line":39},"4":{"loc":{"start":{"line":45,"column":4},"end":{"line":49,"column":5}},"type":"if","locations":[{"start":{"line":45,"column":4},"end":{"line":49,"column":5}},{"start":{"line":45,"column":4},"end":{"line":49,"column":5}}],"line":45},"5":{"loc":{"start":{"line":51,"column":4},"end":{"line":55,"column":5}},"type":"if","locations":[{"start":{"line":51,"column":4},"end":{"line":55,"column":5}},{"start":{"line":51,"column":4},"end":{"line":55,"column":5}}],"line":51},"6":{"loc":{"start":{"line":67,"column":4},"end":{"line":71,"column":5}},"type":"if","locations":[{"start":{"line":67,"column":4},"end":{"line":71,"column":5}},{"start":{"line":67,"column":4},"end":{"line":71,"column":5}}],"line":67},"7":{"loc":{"start":{"line":73,"column":4},"end":{"line":77,"column":5}},"type":"if","locations":[{"start":{"line":73,"column":4},"end":{"line":77,"column":5}},{"start":{"line":73,"column":4},"end":{"line":77,"column":5}}],"line":73},"8":{"loc":{"start":{"line":79,"column":4},"end":{"line":83,"column":5}},"type":"if","locations":[{"start":{"line":79,"column":4},"end":{"line":83,"column":5}},{"start":{"line":79,"column":4},"end":{"line":83,"column":5}}],"line":79},"9":{"loc":{"start":{"line":86,"column":12},"end":{"line":86,"column":45}},"type":"cond-expr","locations":[{"start":{"line":86,"column":25},"end":{"line":86,"column":35}},{"start":{"line":86,"column":37},"end":{"line":86,"column":45}}],"line":86},"10":{"loc":{"start":{"line":96,"column":4},"end":{"line":100,"column":5}},"type":"if","locations":[{"start":{"line":96,"column":4},"end":{"line":100,"column":5}},{"start":{"line":96,"column":4},"end":{"line":100,"column":5}}],"line":96},"11":{"loc":{"start":{"line":102,"column":4},"end":{"line":106,"column":5}},"type":"if","locations":[{"start":{"line":102,"column":4},"end":{"line":106,"column":5}},{"start":{"line":102,"column":4},"end":{"line":106,"column":5}}],"line":102},"12":{"loc":{"start":{"line":117,"column":4},"end":{"line":121,"column":5}},"type":"if","locations":[{"start":{"line":117,"column":4},"end":{"line":121,"column":5}},{"start":{"line":117,"column":4},"end":{"line":121,"column":5}}],"line":117},"13":{"loc":{"start":{"line":123,"column":4},"end":{"line":127,"column":5}},"type":"if","locations":[{"start":{"line":123,"column":4},"end":{"line":127,"column":5}},{"start":{"line":123,"column":4},"end":{"line":127,"column":5}}],"line":123},"14":{"loc":{"start":{"line":138,"column":4},"end":{"line":142,"column":5}},"type":"if","locations":[{"start":{"line":138,"column":4},"end":{"line":142,"column":5}},{"start":{"line":138,"column":4},"end":{"line":142,"column":5}}],"line":138},"15":{"loc":{"start":{"line":144,"column":4},"end":{"line":148,"column":5}},"type":"if","locations":[{"start":{"line":144,"column":4},"end":{"line":148,"column":5}},{"start":{"line":144,"column":4},"end":{"line":148,"column":5}}],"line":144},"16":{"loc":{"start":{"line":159,"column":4},"end":{"line":163,"column":5}},"type":"if","locations":[{"start":{"line":159,"column":4},"end":{"line":163,"column":5}},{"start":{"line":159,"column":4},"end":{"line":163,"column":5}}],"line":159},"17":{"loc":{"start":{"line":165,"column":4},"end":{"line":169,"column":5}},"type":"if","locations":[{"start":{"line":165,"column":4},"end":{"line":169,"column":5}},{"start":{"line":165,"column":4},"end":{"line":169,"column":5}}],"line":165},"18":{"loc":{"start":{"line":180,"column":4},"end":{"line":184,"column":5}},"type":"if","locations":[{"start":{"line":180,"column":4},"end":{"line":184,"column":5}},{"start":{"line":180,"column":4},"end":{"line":184,"column":5}}],"line":180},"19":{"loc":{"start":{"line":186,"column":4},"end":{"line":190,"column":5}},"type":"if","locations":[{"start":{"line":186,"column":4},"end":{"line":190,"column":5}},{"start":{"line":186,"column":4},"end":{"line":190,"column":5}}],"line":186},"20":{"loc":{"start":{"line":201,"column":4},"end":{"line":205,"column":5}},"type":"if","locations":[{"start":{"line":201,"column":4},"end":{"line":205,"column":5}},{"start":{"line":201,"column":4},"end":{"line":205,"column":5}}],"line":201},"21":{"loc":{"start":{"line":207,"column":4},"end":{"line":211,"column":5}},"type":"if","locations":[{"start":{"line":207,"column":4},"end":{"line":211,"column":5}},{"start":{"line":207,"column":4},"end":{"line":211,"column":5}}],"line":207},"22":{"loc":{"start":{"line":222,"column":4},"end":{"line":227,"column":5}},"type":"if","locations":[{"start":{"line":222,"column":4},"end":{"line":227,"column":5}},{"start":{"line":222,"column":4},"end":{"line":227,"column":5}}],"line":222},"23":{"loc":{"start":{"line":229,"column":4},"end":{"line":234,"column":5}},"type":"if","locations":[{"start":{"line":229,"column":4},"end":{"line":234,"column":5}},{"start":{"line":229,"column":4},"end":{"line":234,"column":5}}],"line":229},"24":{"loc":{"start":{"line":246,"column":4},"end":{"line":251,"column":5}},"type":"if","locations":[{"start":{"line":246,"column":4},"end":{"line":251,"column":5}},{"start":{"line":246,"column":4},"end":{"line":251,"column":5}}],"line":246},"25":{"loc":{"start":{"line":253,"column":4},"end":{"line":258,"column":5}},"type":"if","locations":[{"start":{"line":253,"column":4},"end":{"line":258,"column":5}},{"start":{"line":253,"column":4},"end":{"line":258,"column":5}}],"line":253}},"s":{"0":1,"1":1,"2":0,"3":0,"4":0,"5":0,"6":0,"7":0,"8":0,"9":0,"10":0,"11":0,"12":1,"13":0,"14":0,"15":0,"16":0,"17":0,"18":0,"19":0,"20":0,"21":0,"22":1,"23":0,"24":0,"25":0,"26":0,"27":0,"28":0,"29":0,"30":0,"31":0,"32":0,"33":1,"34":0,"35":0,"36":0,"37":0,"38":0,"39":0,"40":0,"41":1,"42":0,"43":0,"44":0,"45":0,"46":0,"47":0,"48":0,"49":1,"50":0,"51":0,"52":0,"53":0,"54":0,"55":0,"56":0,"57":1,"58":0,"59":0,"60":0,"61":0,"62":0,"63":0,"64":0,"65":1,"66":0,"67":0,"68":0,"69":0,"70":0,"71":0,"72":0,"73":1,"74":0,"75":0,"76":0,"77":0,"78":0,"79":0,"80":0,"81":1,"82":0,"83":0,"84":0,"85":0,"86":0,"87":0,"88":0,"89":0,"90":1,"91":0,"92":0,"93":0,"94":0,"95":0,"96":0,"97":0,"98":0},"f":{"0":0,"1":0,"2":0,"3":0,"4":0,"5":0,"6":0,"7":0,"8":0,"9":0,"10":0},"b":{"0":[0,0],"1":[0,0],"2":[0,0],"3":[0,0],"4":[0,0],"5":[0,0],"6":[0,0],"7":[0,0],"8":[0,0],"9":[0,0],"10":[0,0],"11":[0,0],"12":[0,0],"13":[0,0],"14":[0,0],"15":[0,0],"16":[0,0],"17":[0,0],"18":[0,0],"19":[0,0],"20":[0,0],"21":[0,0],"22":[0,0],"23":[0,0],"24":[0,0],"25":[0,0]},"_coverageSchema":"1a1c01bbd47fc00a2c39e90264f33305004495a9","hash":"69ccc8da44993af20548768d74d854c7921c4aef"}
,"D:\\STUDIES\\Web Dev\\Inventory\\src\\database\\database.js": {"path":"D:\\STUDIES\\Web Dev\\Inventory\\src\\database\\database.js","statementMap":{"0":{"start":{"line":1,"column":24},"end":{"line":1,"column":37}},"1":{"start":{"line":2,"column":15},"end":{"line":2,"column":35}},"2":{"start":{"line":4,"column":15},"end":{"line":4,"column":32}},"3":{"start":{"line":5,"column":10},"end":{"line":5,"column":28}},"4":{"start":{"line":6,"column":14},"end":{"line":6,"column":27}},"5":{"start":{"line":7,"column":25},"end":{"line":7,"column":38}},"6":{"start":{"line":8,"column":20},"end":{"line":8,"column":33}},"7":{"start":{"line":10,"column":0},"end":{"line":10,"column":16}},"8":{"start":{"line":15,"column":21},"end":{"line":24,"column":7}},"9":{"start":{"line":25,"column":6},"end":{"line":25,"column":42}},"10":{"start":{"line":38,"column":4},"end":{"line":38,"column":38}},"11":{"start":{"line":42,"column":4},"end":{"line":52,"column":7}},"12":{"start":{"line":43,"column":6},"end":{"line":51,"column":7}},"13":{"start":{"line":44,"column":8},"end":{"line":46,"column":44}},"14":{"start":{"line":44,"column":50},"end":{"line":44,"column":79}},"15":{"start":{"line":45,"column":8},"end":{"line":45,"column":23}},"16":{"start":{"line":46,"column":20},"end":{"line":46,"column":42}},"17":{"start":{"line":47,"column":8},"end":{"line":47,"column":41}},"18":{"start":{"line":50,"column":8},"end":{"line":50,"column":39}},"19":{"start":{"line":59,"column":4},"end":{"line":82,"column":7}},"20":{"start":{"line":61,"column":6},"end":{"line":61,"column":57}},"21":{"start":{"line":62,"column":6},"end":{"line":71,"column":7}},"22":{"start":{"line":63,"column":8},"end":{"line":63,"column":72}},"23":{"start":{"line":65,"column":8},"end":{"line":70,"column":10}},"24":{"start":{"line":72,"column":6},"end":{"line":72,"column":24}},"25":{"start":{"line":73,"column":19},"end":{"line":73,"column":39}},"26":{"start":{"line":75,"column":6},"end":{"line":81,"column":10}},"27":{"start":{"line":77,"column":10},"end":{"line":77,"column":27}},"28":{"start":{"line":78,"column":10},"end":{"line":78,"column":126}},"29":{"start":{"line":79,"column":10},"end":{"line":79,"column":52}},"30":{"start":{"line":86,"column":4},"end":{"line":96,"column":6}},"31":{"start":{"line":87,"column":16},"end":{"line":87,"column":86}},"32":{"start":{"line":88,"column":19},"end":{"line":88,"column":39}},"33":{"start":{"line":90,"column":6},"end":{"line":94,"column":9}},"34":{"start":{"line":91,"column":8},"end":{"line":91,"column":25}},"35":{"start":{"line":92,"column":8},"end":{"line":92,"column":124}},"36":{"start":{"line":93,"column":8},"end":{"line":93,"column":45}},"37":{"start":{"line":101,"column":4},"end":{"line":131,"column":7}},"38":{"start":{"line":103,"column":6},"end":{"line":120,"column":7}},"39":{"start":{"line":104,"column":8},"end":{"line":110,"column":10}},"40":{"start":{"line":112,"column":8},"end":{"line":119,"column":10}},"41":{"start":{"line":121,"column":19},"end":{"line":121,"column":39}},"42":{"start":{"line":122,"column":6},"end":{"line":129,"column":10}},"43":{"start":{"line":124,"column":10},"end":{"line":124,"column":58}},"44":{"start":{"line":125,"column":10},"end":{"line":125,"column":27}},"45":{"start":{"line":126,"column":10},"end":{"line":126,"column":126}},"46":{"start":{"line":127,"column":10},"end":{"line":127,"column":52}},"47":{"start":{"line":136,"column":4},"end":{"line":166,"column":7}},"48":{"start":{"line":138,"column":6},"end":{"line":157,"column":7}},"49":{"start":{"line":139,"column":6},"end":{"line":146,"column":8}},"50":{"start":{"line":148,"column":8},"end":{"line":156,"column":10}},"51":{"start":{"line":159,"column":19},"end":{"line":159,"column":39}},"52":{"start":{"line":161,"column":5},"end":{"line":165,"column":9}},"53":{"start":{"line":162,"column":6},"end":{"line":162,"column":23}},"54":{"start":{"line":163,"column":6},"end":{"line":163,"column":122}},"55":{"start":{"line":164,"column":8},"end":{"line":164,"column":51}},"56":{"start":{"line":188,"column":4},"end":{"line":204,"column":7}},"57":{"start":{"line":189,"column":20},"end":{"line":197,"column":7}},"58":{"start":{"line":198,"column":19},"end":{"line":198,"column":39}},"59":{"start":{"line":199,"column":6},"end":{"line":203,"column":9}},"60":{"start":{"line":200,"column":8},"end":{"line":200,"column":25}},"61":{"start":{"line":201,"column":8},"end":{"line":201,"column":124}},"62":{"start":{"line":202,"column":8},"end":{"line":202,"column":51}},"63":{"start":{"line":208,"column":4},"end":{"line":245,"column":7}},"64":{"start":{"line":210,"column":6},"end":{"line":236,"column":9}},"65":{"start":{"line":211,"column":8},"end":{"line":223,"column":10}},"66":{"start":{"line":226,"column":7},"end":{"line":236,"column":8}},"67":{"start":{"line":237,"column":6},"end":{"line":237,"column":24}},"68":{"start":{"line":238,"column":19},"end":{"line":238,"column":39}},"69":{"start":{"line":239,"column":6},"end":{"line":244,"column":9}},"70":{"start":{"line":240,"column":8},"end":{"line":240,"column":25}},"71":{"start":{"line":241,"column":8},"end":{"line":241,"column":26}},"72":{"start":{"line":242,"column":8},"end":{"line":242,"column":124}},"73":{"start":{"line":243,"column":8},"end":{"line":243,"column":51}},"74":{"start":{"line":249,"column":4},"end":{"line":266,"column":7}},"75":{"start":{"line":259,"column":6},"end":{"line":259,"column":25}},"76":{"start":{"line":260,"column":19},"end":{"line":260,"column":39}},"77":{"start":{"line":261,"column":6},"end":{"line":265,"column":9}},"78":{"start":{"line":262,"column":8},"end":{"line":262,"column":25}},"79":{"start":{"line":263,"column":8},"end":{"line":263,"column":124}},"80":{"start":{"line":264,"column":8},"end":{"line":264,"column":51}},"81":{"start":{"line":270,"column":4},"end":{"line":287,"column":7}},"82":{"start":{"line":271,"column":18},"end":{"line":280,"column":7}},"83":{"start":{"line":281,"column":19},"end":{"line":281,"column":39}},"84":{"start":{"line":282,"column":6},"end":{"line":286,"column":9}},"85":{"start":{"line":283,"column":8},"end":{"line":283,"column":25}},"86":{"start":{"line":284,"column":8},"end":{"line":284,"column":124}},"87":{"start":{"line":285,"column":8},"end":{"line":285,"column":51}},"88":{"start":{"line":292,"column":4},"end":{"line":308,"column":7}},"89":{"start":{"line":293,"column":18},"end":{"line":299,"column":7}},"90":{"start":{"line":300,"column":19},"end":{"line":300,"column":39}},"91":{"start":{"line":302,"column":6},"end":{"line":307,"column":9}},"92":{"start":{"line":303,"column":8},"end":{"line":303,"column":25}},"93":{"start":{"line":304,"column":8},"end":{"line":304,"column":124}},"94":{"start":{"line":306,"column":8},"end":{"line":306,"column":51}},"95":{"start":{"line":322,"column":4},"end":{"line":339,"column":7}},"96":{"start":{"line":324,"column":6},"end":{"line":330,"column":7}},"97":{"start":{"line":325,"column":10},"end":{"line":325,"column":151}},"98":{"start":{"line":328,"column":8},"end":{"line":328,"column":112}},"99":{"start":{"line":331,"column":6},"end":{"line":331,"column":25}},"100":{"start":{"line":332,"column":19},"end":{"line":332,"column":39}},"101":{"start":{"line":334,"column":6},"end":{"line":338,"column":9}},"102":{"start":{"line":335,"column":8},"end":{"line":335,"column":25}},"103":{"start":{"line":336,"column":8},"end":{"line":336,"column":124}},"104":{"start":{"line":337,"column":8},"end":{"line":337,"column":46}},"105":{"start":{"line":343,"column":4},"end":{"line":351,"column":6}},"106":{"start":{"line":344,"column":18},"end":{"line":344,"column":316}},"107":{"start":{"line":345,"column":19},"end":{"line":345,"column":39}},"108":{"start":{"line":346,"column":6},"end":{"line":350,"column":9}},"109":{"start":{"line":347,"column":8},"end":{"line":347,"column":25}},"110":{"start":{"line":348,"column":8},"end":{"line":348,"column":124}},"111":{"start":{"line":349,"column":8},"end":{"line":349,"column":46}},"112":{"start":{"line":355,"column":4},"end":{"line":363,"column":6}},"113":{"start":{"line":356,"column":18},"end":{"line":356,"column":199}},"114":{"start":{"line":357,"column":19},"end":{"line":357,"column":39}},"115":{"start":{"line":358,"column":6},"end":{"line":362,"column":9}},"116":{"start":{"line":359,"column":8},"end":{"line":359,"column":25}},"117":{"start":{"line":360,"column":8},"end":{"line":360,"column":124}},"118":{"start":{"line":361,"column":8},"end":{"line":361,"column":46}},"119":{"start":{"line":367,"column":4},"end":{"line":375,"column":6}},"120":{"start":{"line":368,"column":18},"end":{"line":368,"column":238}},"121":{"start":{"line":369,"column":19},"end":{"line":369,"column":39}},"122":{"start":{"line":370,"column":6},"end":{"line":374,"column":9}},"123":{"start":{"line":371,"column":8},"end":{"line":371,"column":25}},"124":{"start":{"line":372,"column":8},"end":{"line":372,"column":124}},"125":{"start":{"line":373,"column":8},"end":{"line":373,"column":46}},"126":{"start":{"line":386,"column":4},"end":{"line":437,"column":32}},"127":{"start":{"line":387,"column":19},"end":{"line":391,"column":7}},"128":{"start":{"line":388,"column":8},"end":{"line":388,"column":35}},"129":{"start":{"line":389,"column":10},"end":{"line":389,"column":35}},"130":{"start":{"line":390,"column":10},"end":{"line":390,"column":35}},"131":{"start":{"line":392,"column":20},"end":{"line":392,"column":40}},"132":{"start":{"line":393,"column":6},"end":{"line":436,"column":30}},"133":{"start":{"line":394,"column":8},"end":{"line":394,"column":36}},"134":{"start":{"line":396,"column":20},"end":{"line":396,"column":82}},"135":{"start":{"line":398,"column":23},"end":{"line":435,"column":12}},"136":{"start":{"line":402,"column":12},"end":{"line":402,"column":39}},"137":{"start":{"line":404,"column":12},"end":{"line":404,"column":40}},"138":{"start":{"line":407,"column":12},"end":{"line":407,"column":54}},"139":{"start":{"line":408,"column":12},"end":{"line":416,"column":14}},"140":{"start":{"line":418,"column":12},"end":{"line":418,"column":38}},"141":{"start":{"line":421,"column":12},"end":{"line":429,"column":15}},"142":{"start":{"line":422,"column":14},"end":{"line":426,"column":16}},"143":{"start":{"line":428,"column":14},"end":{"line":428,"column":76}},"144":{"start":{"line":428,"column":54},"end":{"line":428,"column":73}},"145":{"start":{"line":428,"column":62},"end":{"line":428,"column":72}},"146":{"start":{"line":431,"column":12},"end":{"line":432,"column":31}},"147":{"start":{"line":434,"column":12},"end":{"line":434,"column":52}},"148":{"start":{"line":436,"column":19},"end":{"line":436,"column":29}},"149":{"start":{"line":437,"column":19},"end":{"line":437,"column":29}},"150":{"start":{"line":446,"column":4},"end":{"line":496,"column":32}},"151":{"start":{"line":447,"column":19},"end":{"line":451,"column":9}},"152":{"start":{"line":448,"column":10},"end":{"line":448,"column":37}},"153":{"start":{"line":449,"column":12},"end":{"line":449,"column":37}},"154":{"start":{"line":450,"column":12},"end":{"line":450,"column":37}},"155":{"start":{"line":453,"column":20},"end":{"line":453,"column":40}},"156":{"start":{"line":454,"column":6},"end":{"line":495,"column":30}},"157":{"start":{"line":455,"column":8},"end":{"line":455,"column":36}},"158":{"start":{"line":457,"column":20},"end":{"line":457,"column":93}},"159":{"start":{"line":459,"column":23},"end":{"line":494,"column":12}},"160":{"start":{"line":463,"column":12},"end":{"line":463,"column":73}},"161":{"start":{"line":465,"column":12},"end":{"line":465,"column":46}},"162":{"start":{"line":468,"column":12},"end":{"line":468,"column":54}},"163":{"start":{"line":469,"column":12},"end":{"line":475,"column":14}},"164":{"start":{"line":477,"column":12},"end":{"line":477,"column":38}},"165":{"start":{"line":480,"column":12},"end":{"line":488,"column":15}},"166":{"start":{"line":481,"column":14},"end":{"line":485,"column":16}},"167":{"start":{"line":487,"column":14},"end":{"line":487,"column":73}},"168":{"start":{"line":487,"column":51},"end":{"line":487,"column":70}},"169":{"start":{"line":487,"column":59},"end":{"line":487,"column":69}},"170":{"start":{"line":490,"column":12},"end":{"line":491,"column":31}},"171":{"start":{"line":493,"column":12},"end":{"line":493,"column":52}},"172":{"start":{"line":495,"column":19},"end":{"line":495,"column":29}},"173":{"start":{"line":496,"column":19},"end":{"line":496,"column":29}},"174":{"start":{"line":500,"column":4},"end":{"line":553,"column":32}},"175":{"start":{"line":501,"column":19},"end":{"line":505,"column":9}},"176":{"start":{"line":502,"column":10},"end":{"line":502,"column":37}},"177":{"start":{"line":503,"column":12},"end":{"line":503,"column":37}},"178":{"start":{"line":504,"column":12},"end":{"line":504,"column":37}},"179":{"start":{"line":507,"column":20},"end":{"line":507,"column":40}},"180":{"start":{"line":508,"column":6},"end":{"line":552,"column":30}},"181":{"start":{"line":509,"column":8},"end":{"line":509,"column":36}},"182":{"start":{"line":514,"column":8},"end":{"line":521,"column":9}},"183":{"start":{"line":515,"column":10},"end":{"line":515,"column":92}},"184":{"start":{"line":516,"column":10},"end":{"line":516,"column":166}},"185":{"start":{"line":519,"column":10},"end":{"line":519,"column":95}},"186":{"start":{"line":520,"column":10},"end":{"line":520,"column":145}},"187":{"start":{"line":522,"column":8},"end":{"line":522,"column":27}},"188":{"start":{"line":523,"column":8},"end":{"line":526,"column":11}},"189":{"start":{"line":524,"column":10},"end":{"line":524,"column":29}},"190":{"start":{"line":524,"column":18},"end":{"line":524,"column":29}},"191":{"start":{"line":525,"column":10},"end":{"line":525,"column":50}},"192":{"start":{"line":528,"column":23},"end":{"line":551,"column":12}},"193":{"start":{"line":530,"column":12},"end":{"line":530,"column":32}},"194":{"start":{"line":531,"column":23},"end":{"line":531,"column":34}},"195":{"start":{"line":532,"column":22},"end":{"line":532,"column":24}},"196":{"start":{"line":533,"column":12},"end":{"line":535,"column":15}},"197":{"start":{"line":534,"column":14},"end":{"line":534,"column":39}},"198":{"start":{"line":537,"column":12},"end":{"line":546,"column":15}},"199":{"start":{"line":538,"column":14},"end":{"line":541,"column":16}},"200":{"start":{"line":542,"column":14},"end":{"line":542,"column":33}},"201":{"start":{"line":543,"column":14},"end":{"line":545,"column":30}},"202":{"start":{"line":543,"column":51},"end":{"line":545,"column":27}},"203":{"start":{"line":544,"column":16},"end":{"line":544,"column":33}},"204":{"start":{"line":545,"column":16},"end":{"line":545,"column":26}},"205":{"start":{"line":547,"column":12},"end":{"line":548,"column":31}},"206":{"start":{"line":550,"column":12},"end":{"line":550,"column":52}},"207":{"start":{"line":552,"column":19},"end":{"line":552,"column":29}},"208":{"start":{"line":553,"column":19},"end":{"line":553,"column":29}},"209":{"start":{"line":556,"column":0},"end":{"line":556,"column":26}}},"fnMap":{"0":{"name":"(anonymous_0)","decl":{"start":{"line":13,"column":2},"end":{"line":13,"column":3}},"loc":{"start":{"line":13,"column":16},"end":{"line":35,"column":3}},"line":13},"1":{"name":"(anonymous_1)","decl":{"start":{"line":37,"column":2},"end":{"line":37,"column":3}},"loc":{"start":{"line":37,"column":24},"end":{"line":39,"column":3}},"line":37},"2":{"name":"(anonymous_2)","decl":{"start":{"line":41,"column":2},"end":{"line":41,"column":3}},"loc":{"start":{"line":41,"column":11},"end":{"line":54,"column":3}},"line":41},"3":{"name":"(anonymous_3)","decl":{"start":{"line":42,"column":23},"end":{"line":42,"column":24}},"loc":{"start":{"line":42,"column":34},"end":{"line":52,"column":5}},"line":42},"4":{"name":"(anonymous_4)","decl":{"start":{"line":44,"column":39},"end":{"line":44,"column":40}},"loc":{"start":{"line":44,"column":49},"end":{"line":46,"column":7}},"line":44},"5":{"name":"(anonymous_5)","decl":{"start":{"line":46,"column":15},"end":{"line":46,"column":16}},"loc":{"start":{"line":46,"column":20},"end":{"line":46,"column":42}},"line":46},"6":{"name":"(anonymous_6)","decl":{"start":{"line":57,"column":2},"end":{"line":57,"column":3}},"loc":{"start":{"line":57,"column":37},"end":{"line":83,"column":3}},"line":57},"7":{"name":"(anonymous_7)","decl":{"start":{"line":59,"column":23},"end":{"line":59,"column":24}},"loc":{"start":{"line":59,"column":41},"end":{"line":82,"column":5}},"line":59},"8":{"name":"(anonymous_8)","decl":{"start":{"line":76,"column":22},"end":{"line":76,"column":23}},"loc":{"start":{"line":76,"column":41},"end":{"line":80,"column":5}},"line":76},"9":{"name":"(anonymous_9)","decl":{"start":{"line":85,"column":2},"end":{"line":85,"column":3}},"loc":{"start":{"line":85,"column":31},"end":{"line":97,"column":3}},"line":85},"10":{"name":"(anonymous_10)","decl":{"start":{"line":86,"column":23},"end":{"line":86,"column":24}},"loc":{"start":{"line":86,"column":39},"end":{"line":95,"column":5}},"line":86},"11":{"name":"(anonymous_11)","decl":{"start":{"line":90,"column":25},"end":{"line":90,"column":26}},"loc":{"start":{"line":90,"column":41},"end":{"line":94,"column":7}},"line":90},"12":{"name":"(anonymous_12)","decl":{"start":{"line":99,"column":2},"end":{"line":99,"column":3}},"loc":{"start":{"line":99,"column":46},"end":{"line":132,"column":3}},"line":99},"13":{"name":"(anonymous_13)","decl":{"start":{"line":101,"column":23},"end":{"line":101,"column":24}},"loc":{"start":{"line":101,"column":41},"end":{"line":131,"column":5}},"line":101},"14":{"name":"(anonymous_14)","decl":{"start":{"line":123,"column":22},"end":{"line":123,"column":23}},"loc":{"start":{"line":123,"column":41},"end":{"line":128,"column":7}},"line":123},"15":{"name":"(anonymous_15)","decl":{"start":{"line":135,"column":2},"end":{"line":135,"column":3}},"loc":{"start":{"line":135,"column":59},"end":{"line":167,"column":3}},"line":135},"16":{"name":"(anonymous_16)","decl":{"start":{"line":136,"column":23},"end":{"line":136,"column":24}},"loc":{"start":{"line":136,"column":42},"end":{"line":166,"column":5}},"line":136},"17":{"name":"(anonymous_17)","decl":{"start":{"line":161,"column":25},"end":{"line":161,"column":26}},"loc":{"start":{"line":161,"column":45},"end":{"line":165,"column":7}},"line":161},"18":{"name":"(anonymous_18)","decl":{"start":{"line":187,"column":2},"end":{"line":187,"column":3}},"loc":{"start":{"line":187,"column":43},"end":{"line":205,"column":3}},"line":187},"19":{"name":"(anonymous_19)","decl":{"start":{"line":188,"column":23},"end":{"line":188,"column":24}},"loc":{"start":{"line":188,"column":41},"end":{"line":204,"column":5}},"line":188},"20":{"name":"(anonymous_20)","decl":{"start":{"line":199,"column":26},"end":{"line":199,"column":27}},"loc":{"start":{"line":199,"column":46},"end":{"line":203,"column":7}},"line":199},"21":{"name":"(anonymous_21)","decl":{"start":{"line":207,"column":2},"end":{"line":207,"column":3}},"loc":{"start":{"line":207,"column":55},"end":{"line":246,"column":3}},"line":207},"22":{"name":"(anonymous_22)","decl":{"start":{"line":208,"column":23},"end":{"line":208,"column":24}},"loc":{"start":{"line":208,"column":41},"end":{"line":245,"column":5}},"line":208},"23":{"name":"(anonymous_23)","decl":{"start":{"line":239,"column":26},"end":{"line":239,"column":27}},"loc":{"start":{"line":239,"column":46},"end":{"line":244,"column":7}},"line":239},"24":{"name":"(anonymous_24)","decl":{"start":{"line":248,"column":2},"end":{"line":248,"column":3}},"loc":{"start":{"line":248,"column":15},"end":{"line":267,"column":3}},"line":248},"25":{"name":"(anonymous_25)","decl":{"start":{"line":249,"column":23},"end":{"line":249,"column":24}},"loc":{"start":{"line":249,"column":41},"end":{"line":266,"column":5}},"line":249},"26":{"name":"(anonymous_26)","decl":{"start":{"line":261,"column":26},"end":{"line":261,"column":27}},"loc":{"start":{"line":261,"column":46},"end":{"line":265,"column":7}},"line":261},"27":{"name":"(anonymous_27)","decl":{"start":{"line":269,"column":2},"end":{"line":269,"column":3}},"loc":{"start":{"line":269,"column":28},"end":{"line":288,"column":3}},"line":269},"28":{"name":"(anonymous_28)","decl":{"start":{"line":270,"column":23},"end":{"line":270,"column":24}},"loc":{"start":{"line":270,"column":42},"end":{"line":287,"column":5}},"line":270},"29":{"name":"(anonymous_29)","decl":{"start":{"line":282,"column":26},"end":{"line":282,"column":27}},"loc":{"start":{"line":282,"column":46},"end":{"line":286,"column":7}},"line":282},"30":{"name":"(anonymous_30)","decl":{"start":{"line":291,"column":2},"end":{"line":291,"column":3}},"loc":{"start":{"line":291,"column":28},"end":{"line":309,"column":3}},"line":291},"31":{"name":"(anonymous_31)","decl":{"start":{"line":292,"column":23},"end":{"line":292,"column":24}},"loc":{"start":{"line":292,"column":41},"end":{"line":308,"column":5}},"line":292},"32":{"name":"(anonymous_32)","decl":{"start":{"line":302,"column":26},"end":{"line":302,"column":27}},"loc":{"start":{"line":302,"column":46},"end":{"line":307,"column":7}},"line":302},"33":{"name":"(anonymous_33)","decl":{"start":{"line":321,"column":2},"end":{"line":321,"column":3}},"loc":{"start":{"line":321,"column":38},"end":{"line":340,"column":3}},"line":321},"34":{"name":"(anonymous_34)","decl":{"start":{"line":322,"column":23},"end":{"line":322,"column":24}},"loc":{"start":{"line":322,"column":39},"end":{"line":339,"column":5}},"line":322},"35":{"name":"(anonymous_35)","decl":{"start":{"line":334,"column":25},"end":{"line":334,"column":26}},"loc":{"start":{"line":334,"column":42},"end":{"line":338,"column":7}},"line":334},"36":{"name":"(anonymous_36)","decl":{"start":{"line":342,"column":2},"end":{"line":342,"column":3}},"loc":{"start":{"line":342,"column":20},"end":{"line":352,"column":3}},"line":342},"37":{"name":"(anonymous_37)","decl":{"start":{"line":343,"column":23},"end":{"line":343,"column":24}},"loc":{"start":{"line":343,"column":40},"end":{"line":351,"column":5}},"line":343},"38":{"name":"(anonymous_38)","decl":{"start":{"line":346,"column":25},"end":{"line":346,"column":26}},"loc":{"start":{"line":346,"column":42},"end":{"line":350,"column":7}},"line":346},"39":{"name":"(anonymous_39)","decl":{"start":{"line":354,"column":2},"end":{"line":354,"column":3}},"loc":{"start":{"line":354,"column":28},"end":{"line":364,"column":3}},"line":354},"40":{"name":"(anonymous_40)","decl":{"start":{"line":355,"column":23},"end":{"line":355,"column":24}},"loc":{"start":{"line":355,"column":40},"end":{"line":363,"column":5}},"line":355},"41":{"name":"(anonymous_41)","decl":{"start":{"line":358,"column":25},"end":{"line":358,"column":26}},"loc":{"start":{"line":358,"column":42},"end":{"line":362,"column":7}},"line":358},"42":{"name":"(anonymous_42)","decl":{"start":{"line":366,"column":2},"end":{"line":366,"column":3}},"loc":{"start":{"line":366,"column":30},"end":{"line":376,"column":3}},"line":366},"43":{"name":"(anonymous_43)","decl":{"start":{"line":367,"column":23},"end":{"line":367,"column":24}},"loc":{"start":{"line":367,"column":40},"end":{"line":375,"column":5}},"line":367},"44":{"name":"(anonymous_44)","decl":{"start":{"line":370,"column":25},"end":{"line":370,"column":26}},"loc":{"start":{"line":370,"column":42},"end":{"line":374,"column":7}},"line":370},"45":{"name":"(anonymous_45)","decl":{"start":{"line":378,"column":2},"end":{"line":378,"column":3}},"loc":{"start":{"line":385,"column":4},"end":{"line":438,"column":3}},"line":385},"46":{"name":"(anonymous_46)","decl":{"start":{"line":386,"column":23},"end":{"line":386,"column":24}},"loc":{"start":{"line":386,"column":42},"end":{"line":437,"column":5}},"line":386},"47":{"name":"(anonymous_47)","decl":{"start":{"line":387,"column":19},"end":{"line":387,"column":20}},"loc":{"start":{"line":387,"column":23},"end":{"line":391,"column":7}},"line":387},"48":{"name":"(anonymous_48)","decl":{"start":{"line":399,"column":24},"end":{"line":399,"column":25}},"loc":{"start":{"line":399,"column":47},"end":{"line":435,"column":11}},"line":399},"49":{"name":"(anonymous_49)","decl":{"start":{"line":421,"column":26},"end":{"line":421,"column":27}},"loc":{"start":{"line":421,"column":42},"end":{"line":429,"column":13}},"line":421},"50":{"name":"(anonymous_50)","decl":{"start":{"line":428,"column":39},"end":{"line":428,"column":40}},"loc":{"start":{"line":428,"column":53},"end":{"line":428,"column":74}},"line":428},"51":{"name":"(anonymous_51)","decl":{"start":{"line":437,"column":13},"end":{"line":437,"column":14}},"loc":{"start":{"line":437,"column":18},"end":{"line":437,"column":30}},"line":437},"52":{"name":"(anonymous_52)","decl":{"start":{"line":440,"column":2},"end":{"line":440,"column":3}},"loc":{"start":{"line":445,"column":4},"end":{"line":497,"column":3}},"line":445},"53":{"name":"(anonymous_53)","decl":{"start":{"line":446,"column":23},"end":{"line":446,"column":24}},"loc":{"start":{"line":446,"column":42},"end":{"line":496,"column":5}},"line":446},"54":{"name":"(anonymous_54)","decl":{"start":{"line":447,"column":19},"end":{"line":447,"column":20}},"loc":{"start":{"line":447,"column":23},"end":{"line":451,"column":9}},"line":447},"55":{"name":"(anonymous_55)","decl":{"start":{"line":460,"column":24},"end":{"line":460,"column":25}},"loc":{"start":{"line":460,"column":47},"end":{"line":494,"column":11}},"line":460},"56":{"name":"(anonymous_56)","decl":{"start":{"line":480,"column":26},"end":{"line":480,"column":27}},"loc":{"start":{"line":480,"column":42},"end":{"line":488,"column":13}},"line":480},"57":{"name":"(anonymous_57)","decl":{"start":{"line":487,"column":39},"end":{"line":487,"column":40}},"loc":{"start":{"line":487,"column":50},"end":{"line":487,"column":71}},"line":487},"58":{"name":"(anonymous_58)","decl":{"start":{"line":496,"column":13},"end":{"line":496,"column":14}},"loc":{"start":{"line":496,"column":18},"end":{"line":496,"column":30}},"line":496},"59":{"name":"(anonymous_59)","decl":{"start":{"line":499,"column":2},"end":{"line":499,"column":3}},"loc":{"start":{"line":499,"column":36},"end":{"line":554,"column":3}},"line":499},"60":{"name":"(anonymous_60)","decl":{"start":{"line":500,"column":23},"end":{"line":500,"column":24}},"loc":{"start":{"line":500,"column":42},"end":{"line":553,"column":5}},"line":500},"61":{"name":"(anonymous_61)","decl":{"start":{"line":501,"column":19},"end":{"line":501,"column":20}},"loc":{"start":{"line":501,"column":23},"end":{"line":505,"column":9}},"line":501},"62":{"name":"(anonymous_62)","decl":{"start":{"line":523,"column":34},"end":{"line":523,"column":35}},"loc":{"start":{"line":523,"column":48},"end":{"line":526,"column":9}},"line":523},"63":{"name":"(anonymous_63)","decl":{"start":{"line":529,"column":24},"end":{"line":529,"column":25}},"loc":{"start":{"line":529,"column":47},"end":{"line":551,"column":11}},"line":529},"64":{"name":"(anonymous_64)","decl":{"start":{"line":533,"column":25},"end":{"line":533,"column":26}},"loc":{"start":{"line":533,"column":34},"end":{"line":535,"column":13}},"line":533},"65":{"name":"(anonymous_65)","decl":{"start":{"line":537,"column":26},"end":{"line":537,"column":27}},"loc":{"start":{"line":537,"column":42},"end":{"line":546,"column":13}},"line":537},"66":{"name":"(anonymous_66)","decl":{"start":{"line":543,"column":39},"end":{"line":543,"column":40}},"loc":{"start":{"line":543,"column":50},"end":{"line":545,"column":28}},"line":543},"67":{"name":"(anonymous_67)","decl":{"start":{"line":553,"column":13},"end":{"line":553,"column":14}},"loc":{"start":{"line":553,"column":18},"end":{"line":553,"column":30}},"line":553}},"branchMap":{"0":{"loc":{"start":{"line":62,"column":6},"end":{"line":71,"column":7}},"type":"if","locations":[{"start":{"line":62,"column":6},"end":{"line":71,"column":7}},{"start":{"line":62,"column":6},"end":{"line":71,"column":7}}],"line":62},"1":{"loc":{"start":{"line":103,"column":6},"end":{"line":120,"column":7}},"type":"if","locations":[{"start":{"line":103,"column":6},"end":{"line":120,"column":7}},{"start":{"line":103,"column":6},"end":{"line":120,"column":7}}],"line":103},"2":{"loc":{"start":{"line":135,"column":40},"end":{"line":135,"column":51}},"type":"default-arg","locations":[{"start":{"line":135,"column":49},"end":{"line":135,"column":51}}],"line":135},"3":{"loc":{"start":{"line":138,"column":6},"end":{"line":157,"column":7}},"type":"if","locations":[{"start":{"line":138,"column":6},"end":{"line":157,"column":7}},{"start":{"line":138,"column":6},"end":{"line":157,"column":7}}],"line":138},"4":{"loc":{"start":{"line":187,"column":17},"end":{"line":187,"column":28}},"type":"default-arg","locations":[{"start":{"line":187,"column":26},"end":{"line":187,"column":28}}],"line":187},"5":{"loc":{"start":{"line":187,"column":30},"end":{"line":187,"column":41}},"type":"default-arg","locations":[{"start":{"line":187,"column":39},"end":{"line":187,"column":41}}],"line":187},"6":{"loc":{"start":{"line":207,"column":22},"end":{"line":207,"column":33}},"type":"default-arg","locations":[{"start":{"line":207,"column":31},"end":{"line":207,"column":33}}],"line":207},"7":{"loc":{"start":{"line":207,"column":35},"end":{"line":207,"column":46}},"type":"default-arg","locations":[{"start":{"line":207,"column":44},"end":{"line":207,"column":46}}],"line":207},"8":{"loc":{"start":{"line":210,"column":6},"end":{"line":236,"column":9}},"type":"if","locations":[{"start":{"line":210,"column":6},"end":{"line":236,"column":9}},{"start":{"line":210,"column":6},"end":{"line":236,"column":9}}],"line":210},"9":{"loc":{"start":{"line":324,"column":6},"end":{"line":330,"column":7}},"type":"if","locations":[{"start":{"line":324,"column":6},"end":{"line":330,"column":7}},{"start":{"line":324,"column":6},"end":{"line":330,"column":7}}],"line":324},"10":{"loc":{"start":{"line":428,"column":54},"end":{"line":428,"column":73}},"type":"if","locations":[{"start":{"line":428,"column":54},"end":{"line":428,"column":73}},{"start":{"line":428,"column":54},"end":{"line":428,"column":73}}],"line":428},"11":{"loc":{"start":{"line":463,"column":23},"end":{"line":463,"column":72}},"type":"cond-expr","locations":[{"start":{"line":463,"column":50},"end":{"line":463,"column":51}},{"start":{"line":463,"column":54},"end":{"line":463,"column":72}}],"line":463},"12":{"loc":{"start":{"line":487,"column":51},"end":{"line":487,"column":70}},"type":"if","locations":[{"start":{"line":487,"column":51},"end":{"line":487,"column":70}},{"start":{"line":487,"column":51},"end":{"line":487,"column":70}}],"line":487},"13":{"loc":{"start":{"line":514,"column":8},"end":{"line":521,"column":9}},"type":"if","locations":[{"start":{"line":514,"column":8},"end":{"line":521,"column":9}},{"start":{"line":514,"column":8},"end":{"line":521,"column":9}}],"line":514},"14":{"loc":{"start":{"line":524,"column":10},"end":{"line":524,"column":29}},"type":"if","locations":[{"start":{"line":524,"column":10},"end":{"line":524,"column":29}},{"start":{"line":524,"column":10},"end":{"line":524,"column":29}}],"line":524},"15":{"loc":{"start":{"line":543,"column":51},"end":{"line":545,"column":27}},"type":"if","locations":[{"start":{"line":543,"column":51},"end":{"line":545,"column":27}},{"start":{"line":543,"column":51},"end":{"line":545,"column":27}}],"line":543}},"s":{"0":3,"1":3,"2":3,"3":3,"4":3,"5":3,"6":3,"7":3,"8":0,"9":0,"10":0,"11":0,"12":0,"13":0,"14":0,"15":0,"16":0,"17":0,"18":0,"19":0,"20":0,"21":0,"22":0,"23":0,"24":0,"25":0,"26":0,"27":0,"28":0,"29":0,"30":0,"31":0,"32":0,"33":0,"34":0,"35":0,"36":0,"37":0,"38":0,"39":0,"40":0,"41":0,"42":0,"43":0,"44":0,"45":0,"46":0,"47":0,"48":0,"49":0,"50":0,"51":0,"52":0,"53":0,"54":0,"55":0,"56":0,"57":0,"58":0,"59":0,"60":0,"61":0,"62":0,"63":0,"64":0,"65":0,"66":0,"67":0,"68":0,"69":0,"70":0,"71":0,"72":0,"73":0,"74":0,"75":0,"76":0,"77":0,"78":0,"79":0,"80":0,"81":0,"82":0,"83":0,"84":0,"85":0,"86":0,"87":0,"88":0,"89":0,"90":0,"91":0,"92":0,"93":0,"94":0,"95":0,"96":0,"97":0,"98":0,"99":0,"100":0,"101":0,"102":0,"103":0,"104":0,"105":0,"106":0,"107":0,"108":0,"109":0,"110":0,"111":0,"112":0,"113":0,"114":0,"115":0,"116":0,"117":0,"118":0,"119":0,"120":0,"121":0,"122":0,"123":0,"124":0,"125":0,"126":0,"127":0,"128":0,"129":0,"130":0,"131":0,"132":0,"133":0,"134":0,"135":0,"136":0,"137":0,"138":0,"139":0,"140":0,"141":0,"142":0,"143":0,"144":0,"145":0,"146":0,"147":0,"148":0,"149":0,"150":0,"151":0,"152":0,"153":0,"154":0,"155":0,"156":0,"157":0,"158":0,"159":0,"160":0,"161":0,"162":0,"163":0,"164":0,"165":0,"166":0,"167":0,"168":0,"169":0,"170":0,"171":0,"172":0,"173":0,"174":0,"175":0,"176":0,"177":0,"178":0,"179":0,"180":0,"181":0,"182":0,"183":0,"184":0,"185":0,"186":0,"187":0,"188":0,"189":0,"190":0,"191":0,"192":0,"193":0,"194":0,"195":0,"196":0,"197":0,"198":0,"199":0,"200":0,"201":0,"202":0,"203":0,"204":0,"205":0,"206":0,"207":0,"208":0,"209":3},"f":{"0":0,"1":0,"2":0,"3":0,"4":0,"5":0,"6":0,"7":0,"8":0,"9":0,"10":0,"11":0,"12":0,"13":0,"14":0,"15":0,"16":0,"17":0,"18":0,"19":0,"20":0,"21":0,"22":0,"23":0,"24":0,"25":0,"26":0,"27":0,"28":0,"29":0,"30":0,"31":0,"32":0,"33":0,"34":0,"35":0,"36":0,"37":0,"38":0,"39":0,"40":0,"41":0,"42":0,"43":0,"44":0,"45":0,"46":0,"47":0,"48":0,"49":0,"50":0,"51":0,"52":0,"53":0,"54":0,"55":0,"56":0,"57":0,"58":0,"59":0,"60":0,"61":0,"62":0,"63":0,"64":0,"65":0,"66":0,"67":0},"b":{"0":[0,0],"1":[0,0],"2":[0],"3":[0,0],"4":[0],"5":[0],"6":[0],"7":[0],"8":[0,0],"9":[0,0],"10":[0,0],"11":[0,0],"12":[0,0],"13":[0,0],"14":[0,0],"15":[0,0]},"_coverageSchema":"1a1c01bbd47fc00a2c39e90264f33305004495a9","hash":"67b97eabb14559bc8057bb2c15fbfcfaaff4eb7b"}
,"D:\\STUDIES\\Web Dev\\Inventory\\src\\models\\Admin.js": {"path":"D:\\STUDIES\\Web Dev\\Inventory\\src\\models\\Admin.js","statementMap":{"0":{"start":{"line":1,"column":10},"end":{"line":1,"column":28}},"1":{"start":{"line":2,"column":12},"end":{"line":2,"column":26}},"2":{"start":{"line":3,"column":13},"end":{"line":3,"column":30}},"3":{"start":{"line":4,"column":13},"end":{"line":4,"column":30}},"4":{"start":{"line":5,"column":17},"end":{"line":5,"column":30}},"5":{"start":{"line":6,"column":13},"end":{"line":6,"column":38}},"6":{"start":{"line":7,"column":18},"end":{"line":7,"column":46}},"7":{"start":{"line":8,"column":15},"end":{"line":8,"column":35}},"8":{"start":{"line":13,"column":8},"end":{"line":13,"column":20}},"9":{"start":{"line":17,"column":27},"end":{"line":27,"column":14}},"10":{"start":{"line":29,"column":8},"end":{"line":31,"column":9}},"11":{"start":{"line":30,"column":12},"end":{"line":30,"column":75}},"12":{"start":{"line":30,"column":42},"end":{"line":30,"column":73}},"13":{"start":{"line":33,"column":8},"end":{"line":35,"column":9}},"14":{"start":{"line":34,"column":12},"end":{"line":34,"column":89}},"15":{"start":{"line":34,"column":42},"end":{"line":34,"column":87}},"16":{"start":{"line":37,"column":21},"end":{"line":37,"column":97}},"17":{"start":{"line":38,"column":8},"end":{"line":38,"column":34}},"18":{"start":{"line":39,"column":8},"end":{"line":41,"column":9}},"19":{"start":{"line":40,"column":12},"end":{"line":40,"column":67}},"20":{"start":{"line":40,"column":42},"end":{"line":40,"column":65}},"21":{"start":{"line":43,"column":8},"end":{"line":43,"column":62}},"22":{"start":{"line":43,"column":38},"end":{"line":43,"column":60}},"23":{"start":{"line":47,"column":27},"end":{"line":51,"column":14}},"24":{"start":{"line":52,"column":8},"end":{"line":54,"column":9}},"25":{"start":{"line":53,"column":12},"end":{"line":53,"column":75}},"26":{"start":{"line":53,"column":42},"end":{"line":53,"column":73}},"27":{"start":{"line":55,"column":8},"end":{"line":57,"column":9}},"28":{"start":{"line":56,"column":12},"end":{"line":56,"column":89}},"29":{"start":{"line":56,"column":42},"end":{"line":56,"column":87}},"30":{"start":{"line":58,"column":8},"end":{"line":58,"column":27}},"31":{"start":{"line":59,"column":21},"end":{"line":59,"column":105}},"32":{"start":{"line":60,"column":8},"end":{"line":60,"column":28}},"33":{"start":{"line":61,"column":8},"end":{"line":63,"column":9}},"34":{"start":{"line":62,"column":12},"end":{"line":62,"column":66}},"35":{"start":{"line":62,"column":42},"end":{"line":62,"column":64}},"36":{"start":{"line":64,"column":8},"end":{"line":64,"column":63}},"37":{"start":{"line":64,"column":38},"end":{"line":64,"column":61}},"38":{"start":{"line":68,"column":8},"end":{"line":68,"column":37}},"39":{"start":{"line":69,"column":27},"end":{"line":83,"column":14}},"40":{"start":{"line":85,"column":8},"end":{"line":87,"column":9}},"41":{"start":{"line":86,"column":12},"end":{"line":86,"column":89}},"42":{"start":{"line":86,"column":42},"end":{"line":86,"column":87}},"43":{"start":{"line":89,"column":8},"end":{"line":91,"column":9}},"44":{"start":{"line":90,"column":12},"end":{"line":90,"column":75}},"45":{"start":{"line":90,"column":42},"end":{"line":90,"column":73}},"46":{"start":{"line":93,"column":23},"end":{"line":96,"column":10}},"47":{"start":{"line":98,"column":21},"end":{"line":98,"column":45}},"48":{"start":{"line":99,"column":31},"end":{"line":99,"column":64}},"49":{"start":{"line":102,"column":21},"end":{"line":102,"column":84}},"50":{"start":{"line":105,"column":21},"end":{"line":105,"column":71}},"51":{"start":{"line":106,"column":8},"end":{"line":106,"column":28}},"52":{"start":{"line":108,"column":8},"end":{"line":110,"column":9}},"53":{"start":{"line":109,"column":12},"end":{"line":109,"column":66}},"54":{"start":{"line":109,"column":42},"end":{"line":109,"column":65}},"55":{"start":{"line":112,"column":24},"end":{"line":112,"column":35}},"56":{"start":{"line":113,"column":8},"end":{"line":113,"column":253}},"57":{"start":{"line":115,"column":8},"end":{"line":115,"column":62}},"58":{"start":{"line":115,"column":38},"end":{"line":115,"column":60}},"59":{"start":{"line":120,"column":8},"end":{"line":122,"column":9}},"60":{"start":{"line":121,"column":12},"end":{"line":121,"column":75}},"61":{"start":{"line":121,"column":42},"end":{"line":121,"column":73}},"62":{"start":{"line":124,"column":21},"end":{"line":124,"column":103}},"63":{"start":{"line":125,"column":8},"end":{"line":125,"column":28}},"64":{"start":{"line":127,"column":8},"end":{"line":129,"column":9}},"65":{"start":{"line":128,"column":12},"end":{"line":128,"column":67}},"66":{"start":{"line":128,"column":42},"end":{"line":128,"column":65}},"67":{"start":{"line":131,"column":8},"end":{"line":131,"column":63}},"68":{"start":{"line":131,"column":39},"end":{"line":131,"column":61}},"69":{"start":{"line":135,"column":27},"end":{"line":141,"column":10}},"70":{"start":{"line":142,"column":8},"end":{"line":142,"column":33}},"71":{"start":{"line":143,"column":8},"end":{"line":147,"column":9}},"72":{"start":{"line":144,"column":12},"end":{"line":146,"column":15}},"73":{"start":{"line":145,"column":16},"end":{"line":145,"column":61}},"74":{"start":{"line":149,"column":8},"end":{"line":151,"column":9}},"75":{"start":{"line":150,"column":12},"end":{"line":150,"column":75}},"76":{"start":{"line":150,"column":42},"end":{"line":150,"column":73}},"77":{"start":{"line":153,"column":21},"end":{"line":153,"column":83}},"78":{"start":{"line":155,"column":8},"end":{"line":155,"column":28}},"79":{"start":{"line":157,"column":8},"end":{"line":164,"column":9}},"80":{"start":{"line":158,"column":12},"end":{"line":159,"column":77}},"81":{"start":{"line":158,"column":53},"end":{"line":158,"column":71}},"82":{"start":{"line":159,"column":29},"end":{"line":159,"column":76}},"83":{"start":{"line":160,"column":12},"end":{"line":163,"column":16}},"84":{"start":{"line":160,"column":42},"end":{"line":163,"column":14}},"85":{"start":{"line":166,"column":8},"end":{"line":166,"column":62}},"86":{"start":{"line":166,"column":38},"end":{"line":166,"column":60}},"87":{"start":{"line":170,"column":8},"end":{"line":172,"column":9}},"88":{"start":{"line":171,"column":12},"end":{"line":171,"column":75}},"89":{"start":{"line":171,"column":42},"end":{"line":171,"column":73}},"90":{"start":{"line":174,"column":22},"end":{"line":174,"column":103}},"91":{"start":{"line":175,"column":8},"end":{"line":175,"column":29}},"92":{"start":{"line":176,"column":8},"end":{"line":178,"column":9}},"93":{"start":{"line":177,"column":12},"end":{"line":177,"column":68}},"94":{"start":{"line":177,"column":43},"end":{"line":177,"column":66}},"95":{"start":{"line":180,"column":8},"end":{"line":180,"column":89}},"96":{"start":{"line":180,"column":38},"end":{"line":180,"column":87}},"97":{"start":{"line":184,"column":8},"end":{"line":186,"column":9}},"98":{"start":{"line":185,"column":12},"end":{"line":185,"column":75}},"99":{"start":{"line":185,"column":42},"end":{"line":185,"column":73}},"100":{"start":{"line":188,"column":22},"end":{"line":188,"column":97}},"101":{"start":{"line":189,"column":8},"end":{"line":189,"column":29}},"102":{"start":{"line":190,"column":8},"end":{"line":192,"column":9}},"103":{"start":{"line":191,"column":12},"end":{"line":191,"column":68}},"104":{"start":{"line":191,"column":43},"end":{"line":191,"column":66}},"105":{"start":{"line":193,"column":17},"end":{"line":193,"column":36}},"106":{"start":{"line":194,"column":8},"end":{"line":196,"column":11}},"107":{"start":{"line":195,"column":12},"end":{"line":195,"column":39}},"108":{"start":{"line":197,"column":8},"end":{"line":197,"column":74}},"109":{"start":{"line":197,"column":38},"end":{"line":197,"column":72}},"110":{"start":{"line":201,"column":8},"end":{"line":203,"column":9}},"111":{"start":{"line":202,"column":12},"end":{"line":202,"column":75}},"112":{"start":{"line":202,"column":42},"end":{"line":202,"column":73}},"113":{"start":{"line":205,"column":22},"end":{"line":205,"column":90}},"114":{"start":{"line":206,"column":8},"end":{"line":206,"column":29}},"115":{"start":{"line":207,"column":8},"end":{"line":209,"column":9}},"116":{"start":{"line":208,"column":12},"end":{"line":208,"column":68}},"117":{"start":{"line":208,"column":43},"end":{"line":208,"column":66}},"118":{"start":{"line":210,"column":17},"end":{"line":210,"column":36}},"119":{"start":{"line":211,"column":8},"end":{"line":211,"column":74}},"120":{"start":{"line":211,"column":38},"end":{"line":211,"column":72}},"121":{"start":{"line":215,"column":8},"end":{"line":217,"column":9}},"122":{"start":{"line":216,"column":12},"end":{"line":216,"column":75}},"123":{"start":{"line":216,"column":42},"end":{"line":216,"column":73}},"124":{"start":{"line":219,"column":22},"end":{"line":219,"column":100}},"125":{"start":{"line":220,"column":8},"end":{"line":220,"column":29}},"126":{"start":{"line":221,"column":8},"end":{"line":223,"column":9}},"127":{"start":{"line":222,"column":12},"end":{"line":222,"column":68}},"128":{"start":{"line":222,"column":43},"end":{"line":222,"column":66}},"129":{"start":{"line":224,"column":17},"end":{"line":224,"column":36}},"130":{"start":{"line":225,"column":8},"end":{"line":225,"column":74}},"131":{"start":{"line":225,"column":38},"end":{"line":225,"column":72}},"132":{"start":{"line":229,"column":8},"end":{"line":231,"column":9}},"133":{"start":{"line":230,"column":12},"end":{"line":230,"column":75}},"134":{"start":{"line":230,"column":42},"end":{"line":230,"column":73}},"135":{"start":{"line":233,"column":22},"end":{"line":233,"column":107}},"136":{"start":{"line":234,"column":8},"end":{"line":234,"column":29}},"137":{"start":{"line":235,"column":8},"end":{"line":237,"column":9}},"138":{"start":{"line":236,"column":12},"end":{"line":236,"column":68}},"139":{"start":{"line":236,"column":43},"end":{"line":236,"column":66}},"140":{"start":{"line":238,"column":17},"end":{"line":238,"column":36}},"141":{"start":{"line":239,"column":8},"end":{"line":239,"column":74}},"142":{"start":{"line":239,"column":38},"end":{"line":239,"column":72}},"143":{"start":{"line":244,"column":8},"end":{"line":246,"column":9}},"144":{"start":{"line":245,"column":12},"end":{"line":245,"column":75}},"145":{"start":{"line":245,"column":42},"end":{"line":245,"column":73}},"146":{"start":{"line":247,"column":20},"end":{"line":247,"column":291}},"147":{"start":{"line":248,"column":22},"end":{"line":248,"column":55}},"148":{"start":{"line":250,"column":8},"end":{"line":252,"column":9}},"149":{"start":{"line":251,"column":12},"end":{"line":251,"column":68}},"150":{"start":{"line":251,"column":43},"end":{"line":251,"column":66}},"151":{"start":{"line":253,"column":17},"end":{"line":253,"column":36}},"152":{"start":{"line":254,"column":8},"end":{"line":256,"column":11}},"153":{"start":{"line":255,"column":12},"end":{"line":255,"column":39}},"154":{"start":{"line":257,"column":8},"end":{"line":257,"column":25}},"155":{"start":{"line":258,"column":8},"end":{"line":258,"column":74}},"156":{"start":{"line":258,"column":38},"end":{"line":258,"column":72}},"157":{"start":{"line":263,"column":8},"end":{"line":265,"column":9}},"158":{"start":{"line":264,"column":12},"end":{"line":264,"column":75}},"159":{"start":{"line":264,"column":42},"end":{"line":264,"column":73}},"160":{"start":{"line":266,"column":19},"end":{"line":266,"column":75}},"161":{"start":{"line":267,"column":8},"end":{"line":269,"column":9}},"162":{"start":{"line":268,"column":12},"end":{"line":268,"column":67}},"163":{"start":{"line":268,"column":42},"end":{"line":268,"column":65}},"164":{"start":{"line":270,"column":19},"end":{"line":270,"column":42}},"165":{"start":{"line":271,"column":8},"end":{"line":271,"column":34}},"166":{"start":{"line":272,"column":21},"end":{"line":272,"column":91}},"167":{"start":{"line":273,"column":8},"end":{"line":273,"column":28}},"168":{"start":{"line":275,"column":8},"end":{"line":277,"column":9}},"169":{"start":{"line":276,"column":12},"end":{"line":276,"column":67}},"170":{"start":{"line":276,"column":42},"end":{"line":276,"column":65}},"171":{"start":{"line":279,"column":8},"end":{"line":279,"column":63}},"172":{"start":{"line":279,"column":39},"end":{"line":279,"column":61}},"173":{"start":{"line":283,"column":8},"end":{"line":285,"column":9}},"174":{"start":{"line":284,"column":12},"end":{"line":284,"column":77}},"175":{"start":{"line":284,"column":43},"end":{"line":284,"column":74}},"176":{"start":{"line":286,"column":26},"end":{"line":286,"column":97}},"177":{"start":{"line":287,"column":26},"end":{"line":287,"column":95}},"178":{"start":{"line":288,"column":26},"end":{"line":288,"column":94}},"179":{"start":{"line":289,"column":26},"end":{"line":289,"column":104}},"180":{"start":{"line":290,"column":12},"end":{"line":290,"column":33}},"181":{"start":{"line":291,"column":12},"end":{"line":293,"column":13}},"182":{"start":{"line":292,"column":16},"end":{"line":292,"column":70}},"183":{"start":{"line":292,"column":46},"end":{"line":292,"column":69}},"184":{"start":{"line":295,"column":27},"end":{"line":297,"column":13}},"185":{"start":{"line":296,"column":16},"end":{"line":296,"column":45}},"186":{"start":{"line":299,"column":22},"end":{"line":305,"column":12}},"187":{"start":{"line":307,"column":12},"end":{"line":307,"column":75}},"188":{"start":{"line":307,"column":42},"end":{"line":307,"column":74}},"189":{"start":{"line":312,"column":8},"end":{"line":316,"column":9}},"190":{"start":{"line":313,"column":10},"end":{"line":315,"column":13}},"191":{"start":{"line":314,"column":12},"end":{"line":314,"column":47}},"192":{"start":{"line":318,"column":18},"end":{"line":318,"column":172}},"193":{"start":{"line":319,"column":21},"end":{"line":319,"column":54}},"194":{"start":{"line":320,"column":8},"end":{"line":324,"column":9}},"195":{"start":{"line":321,"column":10},"end":{"line":323,"column":14}},"196":{"start":{"line":321,"column":41},"end":{"line":323,"column":12}},"197":{"start":{"line":326,"column":8},"end":{"line":326,"column":28}},"198":{"start":{"line":328,"column":17},"end":{"line":328,"column":35}},"199":{"start":{"line":330,"column":18},"end":{"line":330,"column":51}},"200":{"start":{"line":332,"column":8},"end":{"line":342,"column":10}},"201":{"start":{"line":333,"column":10},"end":{"line":341,"column":11}},"202":{"start":{"line":334,"column":12},"end":{"line":334,"column":29}},"203":{"start":{"line":336,"column":15},"end":{"line":341,"column":11}},"204":{"start":{"line":337,"column":12},"end":{"line":337,"column":30}},"205":{"start":{"line":340,"column":12},"end":{"line":340,"column":30}},"206":{"start":{"line":344,"column":8},"end":{"line":344,"column":73}},"207":{"start":{"line":344,"column":38},"end":{"line":344,"column":71}},"208":{"start":{"line":348,"column":8},"end":{"line":352,"column":9}},"209":{"start":{"line":349,"column":10},"end":{"line":351,"column":13}},"210":{"start":{"line":350,"column":12},"end":{"line":350,"column":47}},"211":{"start":{"line":354,"column":21},"end":{"line":358,"column":10}},"212":{"start":{"line":360,"column":8},"end":{"line":364,"column":9}},"213":{"start":{"line":361,"column":10},"end":{"line":363,"column":14}},"214":{"start":{"line":361,"column":42},"end":{"line":363,"column":12}},"215":{"start":{"line":366,"column":20},"end":{"line":366,"column":47}},"216":{"start":{"line":368,"column":8},"end":{"line":372,"column":11}},"217":{"start":{"line":374,"column":8},"end":{"line":378,"column":9}},"218":{"start":{"line":375,"column":10},"end":{"line":377,"column":14}},"219":{"start":{"line":375,"column":42},"end":{"line":377,"column":12}},"220":{"start":{"line":380,"column":21},"end":{"line":380,"column":48}},"221":{"start":{"line":382,"column":8},"end":{"line":386,"column":11}},"222":{"start":{"line":388,"column":8},"end":{"line":392,"column":9}},"223":{"start":{"line":389,"column":10},"end":{"line":391,"column":14}},"224":{"start":{"line":389,"column":41},"end":{"line":391,"column":12}},"225":{"start":{"line":394,"column":20},"end":{"line":394,"column":47}},"226":{"start":{"line":396,"column":17},"end":{"line":396,"column":77}},"227":{"start":{"line":398,"column":8},"end":{"line":398,"column":72}},"228":{"start":{"line":398,"column":38},"end":{"line":398,"column":70}},"229":{"start":{"line":402,"column":8},"end":{"line":406,"column":9}},"230":{"start":{"line":403,"column":10},"end":{"line":405,"column":13}},"231":{"start":{"line":404,"column":12},"end":{"line":404,"column":47}},"232":{"start":{"line":408,"column":18},"end":{"line":408,"column":94}},"233":{"start":{"line":410,"column":8},"end":{"line":414,"column":9}},"234":{"start":{"line":411,"column":12},"end":{"line":413,"column":18}},"235":{"start":{"line":411,"column":44},"end":{"line":413,"column":16}},"236":{"start":{"line":415,"column":18},"end":{"line":415,"column":43}},"237":{"start":{"line":416,"column":23},"end":{"line":420,"column":10}},"238":{"start":{"line":422,"column":8},"end":{"line":426,"column":9}},"239":{"start":{"line":423,"column":10},"end":{"line":425,"column":13}},"240":{"start":{"line":424,"column":12},"end":{"line":424,"column":37}},"241":{"start":{"line":428,"column":17},"end":{"line":428,"column":35}},"242":{"start":{"line":429,"column":8},"end":{"line":429,"column":25}},"243":{"start":{"line":430,"column":17},"end":{"line":430,"column":200}},"244":{"start":{"line":431,"column":8},"end":{"line":433,"column":10}},"245":{"start":{"line":432,"column":10},"end":{"line":432,"column":51}},"246":{"start":{"line":435,"column":8},"end":{"line":435,"column":26}},"247":{"start":{"line":437,"column":8},"end":{"line":437,"column":73}},"248":{"start":{"line":437,"column":38},"end":{"line":437,"column":71}},"249":{"start":{"line":563,"column":0},"end":{"line":563,"column":23}}},"fnMap":{"0":{"name":"(anonymous_0)","decl":{"start":{"line":12,"column":4},"end":{"line":12,"column":5}},"loc":{"start":{"line":12,"column":21},"end":{"line":14,"column":5}},"line":12},"1":{"name":"(anonymous_1)","decl":{"start":{"line":16,"column":3},"end":{"line":16,"column":4}},"loc":{"start":{"line":16,"column":46},"end":{"line":44,"column":5}},"line":16},"2":{"name":"(anonymous_2)","decl":{"start":{"line":30,"column":31},"end":{"line":30,"column":32}},"loc":{"start":{"line":30,"column":42},"end":{"line":30,"column":73}},"line":30},"3":{"name":"(anonymous_3)","decl":{"start":{"line":34,"column":31},"end":{"line":34,"column":32}},"loc":{"start":{"line":34,"column":42},"end":{"line":34,"column":87}},"line":34},"4":{"name":"(anonymous_4)","decl":{"start":{"line":40,"column":31},"end":{"line":40,"column":32}},"loc":{"start":{"line":40,"column":42},"end":{"line":40,"column":65}},"line":40},"5":{"name":"(anonymous_5)","decl":{"start":{"line":43,"column":27},"end":{"line":43,"column":28}},"loc":{"start":{"line":43,"column":38},"end":{"line":43,"column":60}},"line":43},"6":{"name":"(anonymous_6)","decl":{"start":{"line":46,"column":4},"end":{"line":46,"column":5}},"loc":{"start":{"line":46,"column":33},"end":{"line":65,"column":5}},"line":46},"7":{"name":"(anonymous_7)","decl":{"start":{"line":53,"column":31},"end":{"line":53,"column":32}},"loc":{"start":{"line":53,"column":42},"end":{"line":53,"column":73}},"line":53},"8":{"name":"(anonymous_8)","decl":{"start":{"line":56,"column":31},"end":{"line":56,"column":32}},"loc":{"start":{"line":56,"column":42},"end":{"line":56,"column":87}},"line":56},"9":{"name":"(anonymous_9)","decl":{"start":{"line":62,"column":31},"end":{"line":62,"column":32}},"loc":{"start":{"line":62,"column":42},"end":{"line":62,"column":64}},"line":62},"10":{"name":"(anonymous_10)","decl":{"start":{"line":64,"column":27},"end":{"line":64,"column":28}},"loc":{"start":{"line":64,"column":38},"end":{"line":64,"column":61}},"line":64},"11":{"name":"(anonymous_11)","decl":{"start":{"line":67,"column":4},"end":{"line":67,"column":5}},"loc":{"start":{"line":67,"column":71},"end":{"line":117,"column":5}},"line":67},"12":{"name":"(anonymous_12)","decl":{"start":{"line":86,"column":31},"end":{"line":86,"column":32}},"loc":{"start":{"line":86,"column":42},"end":{"line":86,"column":87}},"line":86},"13":{"name":"(anonymous_13)","decl":{"start":{"line":90,"column":31},"end":{"line":90,"column":32}},"loc":{"start":{"line":90,"column":42},"end":{"line":90,"column":73}},"line":90},"14":{"name":"(anonymous_14)","decl":{"start":{"line":109,"column":31},"end":{"line":109,"column":32}},"loc":{"start":{"line":109,"column":42},"end":{"line":109,"column":65}},"line":109},"15":{"name":"(anonymous_15)","decl":{"start":{"line":115,"column":27},"end":{"line":115,"column":28}},"loc":{"start":{"line":115,"column":38},"end":{"line":115,"column":60}},"line":115},"16":{"name":"(anonymous_16)","decl":{"start":{"line":119,"column":4},"end":{"line":119,"column":5}},"loc":{"start":{"line":119,"column":37},"end":{"line":132,"column":5}},"line":119},"17":{"name":"(anonymous_17)","decl":{"start":{"line":121,"column":31},"end":{"line":121,"column":32}},"loc":{"start":{"line":121,"column":42},"end":{"line":121,"column":73}},"line":121},"18":{"name":"(anonymous_18)","decl":{"start":{"line":128,"column":31},"end":{"line":128,"column":32}},"loc":{"start":{"line":128,"column":42},"end":{"line":128,"column":65}},"line":128},"19":{"name":"(anonymous_19)","decl":{"start":{"line":131,"column":28},"end":{"line":131,"column":29}},"loc":{"start":{"line":131,"column":39},"end":{"line":131,"column":61}},"line":131},"20":{"name":"(anonymous_20)","decl":{"start":{"line":134,"column":4},"end":{"line":134,"column":5}},"loc":{"start":{"line":134,"column":45},"end":{"line":167,"column":5}},"line":134},"21":{"name":"(anonymous_21)","decl":{"start":{"line":144,"column":31},"end":{"line":144,"column":32}},"loc":{"start":{"line":144,"column":42},"end":{"line":146,"column":13}},"line":144},"22":{"name":"(anonymous_22)","decl":{"start":{"line":150,"column":31},"end":{"line":150,"column":32}},"loc":{"start":{"line":150,"column":42},"end":{"line":150,"column":73}},"line":150},"23":{"name":"(anonymous_23)","decl":{"start":{"line":160,"column":31},"end":{"line":160,"column":32}},"loc":{"start":{"line":160,"column":42},"end":{"line":163,"column":14}},"line":160},"24":{"name":"(anonymous_24)","decl":{"start":{"line":166,"column":27},"end":{"line":166,"column":28}},"loc":{"start":{"line":166,"column":38},"end":{"line":166,"column":60}},"line":166},"25":{"name":"(anonymous_25)","decl":{"start":{"line":169,"column":4},"end":{"line":169,"column":5}},"loc":{"start":{"line":169,"column":28},"end":{"line":181,"column":5}},"line":169},"26":{"name":"(anonymous_26)","decl":{"start":{"line":171,"column":31},"end":{"line":171,"column":32}},"loc":{"start":{"line":171,"column":42},"end":{"line":171,"column":73}},"line":171},"27":{"name":"(anonymous_27)","decl":{"start":{"line":177,"column":32},"end":{"line":177,"column":33}},"loc":{"start":{"line":177,"column":43},"end":{"line":177,"column":66}},"line":177},"28":{"name":"(anonymous_28)","decl":{"start":{"line":180,"column":27},"end":{"line":180,"column":28}},"loc":{"start":{"line":180,"column":38},"end":{"line":180,"column":87}},"line":180},"29":{"name":"(anonymous_29)","decl":{"start":{"line":183,"column":4},"end":{"line":183,"column":5}},"loc":{"start":{"line":183,"column":30},"end":{"line":198,"column":5}},"line":183},"30":{"name":"(anonymous_30)","decl":{"start":{"line":185,"column":31},"end":{"line":185,"column":32}},"loc":{"start":{"line":185,"column":42},"end":{"line":185,"column":73}},"line":185},"31":{"name":"(anonymous_31)","decl":{"start":{"line":191,"column":32},"end":{"line":191,"column":33}},"loc":{"start":{"line":191,"column":43},"end":{"line":191,"column":66}},"line":191},"32":{"name":"(anonymous_32)","decl":{"start":{"line":194,"column":21},"end":{"line":194,"column":22}},"loc":{"start":{"line":194,"column":32},"end":{"line":196,"column":9}},"line":194},"33":{"name":"(anonymous_33)","decl":{"start":{"line":197,"column":27},"end":{"line":197,"column":28}},"loc":{"start":{"line":197,"column":38},"end":{"line":197,"column":72}},"line":197},"34":{"name":"(anonymous_34)","decl":{"start":{"line":200,"column":4},"end":{"line":200,"column":5}},"loc":{"start":{"line":200,"column":24},"end":{"line":212,"column":5}},"line":200},"35":{"name":"(anonymous_35)","decl":{"start":{"line":202,"column":31},"end":{"line":202,"column":32}},"loc":{"start":{"line":202,"column":42},"end":{"line":202,"column":73}},"line":202},"36":{"name":"(anonymous_36)","decl":{"start":{"line":208,"column":32},"end":{"line":208,"column":33}},"loc":{"start":{"line":208,"column":43},"end":{"line":208,"column":66}},"line":208},"37":{"name":"(anonymous_37)","decl":{"start":{"line":211,"column":27},"end":{"line":211,"column":28}},"loc":{"start":{"line":211,"column":38},"end":{"line":211,"column":72}},"line":211},"38":{"name":"(anonymous_38)","decl":{"start":{"line":214,"column":4},"end":{"line":214,"column":5}},"loc":{"start":{"line":214,"column":19},"end":{"line":226,"column":5}},"line":214},"39":{"name":"(anonymous_39)","decl":{"start":{"line":216,"column":31},"end":{"line":216,"column":32}},"loc":{"start":{"line":216,"column":42},"end":{"line":216,"column":73}},"line":216},"40":{"name":"(anonymous_40)","decl":{"start":{"line":222,"column":32},"end":{"line":222,"column":33}},"loc":{"start":{"line":222,"column":43},"end":{"line":222,"column":66}},"line":222},"41":{"name":"(anonymous_41)","decl":{"start":{"line":225,"column":27},"end":{"line":225,"column":28}},"loc":{"start":{"line":225,"column":38},"end":{"line":225,"column":72}},"line":225},"42":{"name":"(anonymous_42)","decl":{"start":{"line":228,"column":4},"end":{"line":228,"column":5}},"loc":{"start":{"line":228,"column":18},"end":{"line":240,"column":5}},"line":228},"43":{"name":"(anonymous_43)","decl":{"start":{"line":230,"column":31},"end":{"line":230,"column":32}},"loc":{"start":{"line":230,"column":42},"end":{"line":230,"column":73}},"line":230},"44":{"name":"(anonymous_44)","decl":{"start":{"line":236,"column":32},"end":{"line":236,"column":33}},"loc":{"start":{"line":236,"column":43},"end":{"line":236,"column":66}},"line":236},"45":{"name":"(anonymous_45)","decl":{"start":{"line":239,"column":27},"end":{"line":239,"column":28}},"loc":{"start":{"line":239,"column":38},"end":{"line":239,"column":72}},"line":239},"46":{"name":"(anonymous_46)","decl":{"start":{"line":243,"column":4},"end":{"line":243,"column":5}},"loc":{"start":{"line":243,"column":41},"end":{"line":259,"column":5}},"line":243},"47":{"name":"(anonymous_47)","decl":{"start":{"line":245,"column":31},"end":{"line":245,"column":32}},"loc":{"start":{"line":245,"column":42},"end":{"line":245,"column":73}},"line":245},"48":{"name":"(anonymous_48)","decl":{"start":{"line":251,"column":32},"end":{"line":251,"column":33}},"loc":{"start":{"line":251,"column":43},"end":{"line":251,"column":66}},"line":251},"49":{"name":"(anonymous_49)","decl":{"start":{"line":254,"column":21},"end":{"line":254,"column":22}},"loc":{"start":{"line":254,"column":32},"end":{"line":256,"column":9}},"line":254},"50":{"name":"(anonymous_50)","decl":{"start":{"line":258,"column":27},"end":{"line":258,"column":28}},"loc":{"start":{"line":258,"column":38},"end":{"line":258,"column":72}},"line":258},"51":{"name":"(anonymous_51)","decl":{"start":{"line":262,"column":4},"end":{"line":262,"column":5}},"loc":{"start":{"line":262,"column":34},"end":{"line":280,"column":5}},"line":262},"52":{"name":"(anonymous_52)","decl":{"start":{"line":264,"column":31},"end":{"line":264,"column":32}},"loc":{"start":{"line":264,"column":42},"end":{"line":264,"column":73}},"line":264},"53":{"name":"(anonymous_53)","decl":{"start":{"line":268,"column":31},"end":{"line":268,"column":32}},"loc":{"start":{"line":268,"column":42},"end":{"line":268,"column":65}},"line":268},"54":{"name":"(anonymous_54)","decl":{"start":{"line":276,"column":31},"end":{"line":276,"column":32}},"loc":{"start":{"line":276,"column":42},"end":{"line":276,"column":65}},"line":276},"55":{"name":"(anonymous_55)","decl":{"start":{"line":279,"column":28},"end":{"line":279,"column":29}},"loc":{"start":{"line":279,"column":39},"end":{"line":279,"column":61}},"line":279},"56":{"name":"(anonymous_56)","decl":{"start":{"line":282,"column":4},"end":{"line":282,"column":5}},"loc":{"start":{"line":282,"column":28},"end":{"line":309,"column":5}},"line":282},"57":{"name":"(anonymous_57)","decl":{"start":{"line":284,"column":31},"end":{"line":284,"column":32}},"loc":{"start":{"line":284,"column":42},"end":{"line":284,"column":75}},"line":284},"58":{"name":"(anonymous_58)","decl":{"start":{"line":292,"column":35},"end":{"line":292,"column":36}},"loc":{"start":{"line":292,"column":46},"end":{"line":292,"column":69}},"line":292},"59":{"name":"(anonymous_59)","decl":{"start":{"line":295,"column":27},"end":{"line":295,"column":28}},"loc":{"start":{"line":295,"column":56},"end":{"line":297,"column":13}},"line":295},"60":{"name":"(anonymous_60)","decl":{"start":{"line":307,"column":31},"end":{"line":307,"column":32}},"loc":{"start":{"line":307,"column":42},"end":{"line":307,"column":74}},"line":307},"61":{"name":"(anonymous_61)","decl":{"start":{"line":311,"column":4},"end":{"line":311,"column":5}},"loc":{"start":{"line":311,"column":28},"end":{"line":345,"column":7}},"line":311},"62":{"name":"(anonymous_62)","decl":{"start":{"line":313,"column":29},"end":{"line":313,"column":30}},"loc":{"start":{"line":313,"column":42},"end":{"line":315,"column":11}},"line":313},"63":{"name":"(anonymous_63)","decl":{"start":{"line":321,"column":29},"end":{"line":321,"column":30}},"loc":{"start":{"line":321,"column":41},"end":{"line":323,"column":12}},"line":321},"64":{"name":"(anonymous_64)","decl":{"start":{"line":332,"column":21},"end":{"line":332,"column":22}},"loc":{"start":{"line":332,"column":30},"end":{"line":342,"column":9}},"line":332},"65":{"name":"(anonymous_65)","decl":{"start":{"line":344,"column":27},"end":{"line":344,"column":28}},"loc":{"start":{"line":344,"column":38},"end":{"line":344,"column":71}},"line":344},"66":{"name":"(anonymous_66)","decl":{"start":{"line":347,"column":6},"end":{"line":347,"column":7}},"loc":{"start":{"line":347,"
[...]
,"D:\\STUDIES\\Web Dev\\Inventory\\src\\models\\User.js": {"path":"D:\\STUDIES\\Web Dev\\Inventory\\src\\models\\User.js","statementMap":{"0":{"start":{"line":1,"column":13},"end":{"line":1,"column":30}},"1":{"start":{"line":2,"column":13},"end":{"line":2,"column":30}},"2":{"start":{"line":3,"column":10},"end":{"line":3,"column":24}},"3":{"start":{"line":4,"column":16},"end":{"line":4,"column":47}},"4":{"start":{"line":5,"column":18},"end":{"line":5,"column":46}},"5":{"start":{"line":6,"column":14},"end":{"line":6,"column":39}},"6":{"start":{"line":8,"column":0},"end":{"line":8,"column":16}},"7":{"start":{"line":23,"column":8},"end":{"line":23,"column":38}},"8":{"start":{"line":24,"column":8},"end":{"line":24,"column":37}},"9":{"start":{"line":25,"column":8},"end":{"line":25,"column":31}},"10":{"start":{"line":26,"column":8},"end":{"line":26,"column":31}},"11":{"start":{"line":32,"column":30},"end":{"line":40,"column":10}},"12":{"start":{"line":42,"column":8},"end":{"line":46,"column":9}},"13":{"start":{"line":44,"column":12},"end":{"line":45,"column":45}},"14":{"start":{"line":45,"column":12},"end":{"line":45,"column":43}},"15":{"start":{"line":48,"column":8},"end":{"line":50,"column":9}},"16":{"start":{"line":49,"column":12},"end":{"line":49,"column":76}},"17":{"start":{"line":49,"column":43},"end":{"line":49,"column":74}},"18":{"start":{"line":52,"column":8},"end":{"line":52,"column":35}},"19":{"start":{"line":53,"column":22},"end":{"line":53,"column":105}},"20":{"start":{"line":55,"column":8},"end":{"line":57,"column":9}},"21":{"start":{"line":56,"column":12},"end":{"line":56,"column":76}},"22":{"start":{"line":56,"column":43},"end":{"line":56,"column":74}},"23":{"start":{"line":58,"column":8},"end":{"line":58,"column":33}},"24":{"start":{"line":59,"column":8},"end":{"line":59,"column":44}},"25":{"start":{"line":60,"column":8},"end":{"line":60,"column":53}},"26":{"start":{"line":61,"column":8},"end":{"line":61,"column":51}},"27":{"start":{"line":62,"column":8},"end":{"line":62,"column":50}},"28":{"start":{"line":63,"column":8},"end":{"line":63,"column":50}},"29":{"start":{"line":64,"column":8},"end":{"line":64,"column":54}},"30":{"start":{"line":66,"column":25},"end":{"line":66,"column":75}},"31":{"start":{"line":67,"column":8},"end":{"line":67,"column":31}},"32":{"start":{"line":69,"column":8},"end":{"line":71,"column":9}},"33":{"start":{"line":70,"column":12},"end":{"line":70,"column":104}},"34":{"start":{"line":70,"column":42},"end":{"line":70,"column":102}},"35":{"start":{"line":73,"column":8},"end":{"line":82,"column":12}},"36":{"start":{"line":73,"column":38},"end":{"line":82,"column":10}},"37":{"start":{"line":86,"column":19},"end":{"line":89,"column":10}},"38":{"start":{"line":90,"column":20},"end":{"line":90,"column":103}},"39":{"start":{"line":92,"column":8},"end":{"line":96,"column":9}},"40":{"start":{"line":93,"column":12},"end":{"line":95,"column":14}},"41":{"start":{"line":94,"column":16},"end":{"line":94,"column":39}},"42":{"start":{"line":98,"column":8},"end":{"line":102,"column":9}},"43":{"start":{"line":99,"column":12},"end":{"line":101,"column":14}},"44":{"start":{"line":100,"column":16},"end":{"line":100,"column":37}},"45":{"start":{"line":103,"column":21},"end":{"line":103,"column":145}},"46":{"start":{"line":104,"column":8},"end":{"line":108,"column":9}},"47":{"start":{"line":105,"column":12},"end":{"line":107,"column":14}},"48":{"start":{"line":106,"column":16},"end":{"line":106,"column":47}},"49":{"start":{"line":109,"column":8},"end":{"line":109,"column":27}},"50":{"start":{"line":110,"column":8},"end":{"line":114,"column":9}},"51":{"start":{"line":111,"column":12},"end":{"line":113,"column":14}},"52":{"start":{"line":112,"column":16},"end":{"line":112,"column":39}},"53":{"start":{"line":115,"column":26},"end":{"line":115,"column":37}},"54":{"start":{"line":116,"column":8},"end":{"line":116,"column":165}},"55":{"start":{"line":117,"column":8},"end":{"line":119,"column":10}},"56":{"start":{"line":118,"column":12},"end":{"line":118,"column":34}},"57":{"start":{"line":123,"column":8},"end":{"line":123,"column":26}},"58":{"start":{"line":124,"column":21},"end":{"line":124,"column":109}},"59":{"start":{"line":125,"column":8},"end":{"line":129,"column":9}},"60":{"start":{"line":126,"column":12},"end":{"line":128,"column":14}},"61":{"start":{"line":127,"column":16},"end":{"line":127,"column":40}},"62":{"start":{"line":131,"column":18},"end":{"line":131,"column":36}},"63":{"start":{"line":132,"column":19},"end":{"line":132,"column":27}},"64":{"start":{"line":133,"column":8},"end":{"line":137,"column":11}},"65":{"start":{"line":134,"column":12},"end":{"line":136,"column":13}},"66":{"start":{"line":135,"column":16},"end":{"line":135,"column":28}},"67":{"start":{"line":138,"column":8},"end":{"line":138,"column":64}},"68":{"start":{"line":139,"column":8},"end":{"line":139,"column":56}},"69":{"start":{"line":139,"column":31},"end":{"line":139,"column":56}},"70":{"start":{"line":140,"column":8},"end":{"line":161,"column":9}},"71":{"start":{"line":142,"column":26},"end":{"line":142,"column":112}},"72":{"start":{"line":143,"column":12},"end":{"line":143,"column":32}},"73":{"start":{"line":144,"column":12},"end":{"line":148,"column":13}},"74":{"start":{"line":145,"column":16},"end":{"line":147,"column":18}},"75":{"start":{"line":146,"column":20},"end":{"line":146,"column":43}},"76":{"start":{"line":149,"column":12},"end":{"line":149,"column":36}},"77":{"start":{"line":150,"column":25},"end":{"line":150,"column":49}},"78":{"start":{"line":151,"column":35},"end":{"line":151,"column":71}},"79":{"start":{"line":152,"column":26},"end":{"line":152,"column":125}},"80":{"start":{"line":153,"column":12},"end":{"line":157,"column":13}},"81":{"start":{"line":154,"column":16},"end":{"line":156,"column":18}},"82":{"start":{"line":155,"column":20},"end":{"line":155,"column":43}},"83":{"start":{"line":158,"column":12},"end":{"line":160,"column":14}},"84":{"start":{"line":159,"column":16},"end":{"line":159,"column":38}},"85":{"start":{"line":162,"column":8},"end":{"line":164,"column":10}},"86":{"start":{"line":163,"column":12},"end":{"line":163,"column":50}},"87":{"start":{"line":168,"column":8},"end":{"line":174,"column":9}},"88":{"start":{"line":169,"column":12},"end":{"line":173,"column":15}},"89":{"start":{"line":170,"column":16},"end":{"line":172,"column":19}},"90":{"start":{"line":176,"column":21},"end":{"line":176,"column":105}},"91":{"start":{"line":178,"column":8},"end":{"line":182,"column":9}},"92":{"start":{"line":179,"column":12},"end":{"line":181,"column":15}},"93":{"start":{"line":180,"column":16},"end":{"line":180,"column":28}},"94":{"start":{"line":180,"column":23},"end":{"line":180,"column":28}},"95":{"start":{"line":189,"column":17},"end":{"line":189,"column":38}},"96":{"start":{"line":190,"column":8},"end":{"line":190,"column":32}},"97":{"start":{"line":191,"column":8},"end":{"line":191,"column":33}},"98":{"start":{"line":192,"column":8},"end":{"line":194,"column":11}},"99":{"start":{"line":193,"column":12},"end":{"line":193,"column":45}},"100":{"start":{"line":198,"column":0},"end":{"line":198,"column":21}}},"fnMap":{"0":{"name":"(anonymous_0)","decl":{"start":{"line":22,"column":4},"end":{"line":22,"column":5}},"loc":{"start":{"line":22,"column":21},"end":{"line":29,"column":5}},"line":22},"1":{"name":"(anonymous_1)","decl":{"start":{"line":31,"column":4},"end":{"line":31,"column":5}},"loc":{"start":{"line":31,"column":25},"end":{"line":83,"column":5}},"line":31},"2":{"name":"(anonymous_2)","decl":{"start":{"line":44,"column":31},"end":{"line":44,"column":32}},"loc":{"start":{"line":45,"column":12},"end":{"line":45,"column":43}},"line":45},"3":{"name":"(anonymous_3)","decl":{"start":{"line":49,"column":31},"end":{"line":49,"column":32}},"loc":{"start":{"line":49,"column":43},"end":{"line":49,"column":74}},"line":49},"4":{"name":"(anonymous_4)","decl":{"start":{"line":56,"column":31},"end":{"line":56,"column":32}},"loc":{"start":{"line":56,"column":43},"end":{"line":56,"column":74}},"line":56},"5":{"name":"(anonymous_5)","decl":{"start":{"line":70,"column":31},"end":{"line":70,"column":32}},"loc":{"start":{"line":70,"column":42},"end":{"line":70,"column":102}},"line":70},"6":{"name":"(anonymous_6)","decl":{"start":{"line":73,"column":27},"end":{"line":73,"column":28}},"loc":{"start":{"line":73,"column":38},"end":{"line":82,"column":10}},"line":73},"7":{"name":"(anonymous_7)","decl":{"start":{"line":85,"column":4},"end":{"line":85,"column":5}},"loc":{"start":{"line":85,"column":26},"end":{"line":120,"column":5}},"line":85},"8":{"name":"(anonymous_8)","decl":{"start":{"line":93,"column":31},"end":{"line":93,"column":32}},"loc":{"start":{"line":93,"column":42},"end":{"line":95,"column":13}},"line":93},"9":{"name":"(anonymous_9)","decl":{"start":{"line":99,"column":31},"end":{"line":99,"column":32}},"loc":{"start":{"line":99,"column":42},"end":{"line":101,"column":13}},"line":99},"10":{"name":"(anonymous_10)","decl":{"start":{"line":105,"column":31},"end":{"line":105,"column":32}},"loc":{"start":{"line":105,"column":42},"end":{"line":107,"column":13}},"line":105},"11":{"name":"(anonymous_11)","decl":{"start":{"line":111,"column":31},"end":{"line":111,"column":32}},"loc":{"start":{"line":111,"column":42},"end":{"line":113,"column":13}},"line":111},"12":{"name":"(anonymous_12)","decl":{"start":{"line":117,"column":27},"end":{"line":117,"column":28}},"loc":{"start":{"line":117,"column":38},"end":{"line":119,"column":9}},"line":117},"13":{"name":"(anonymous_13)","decl":{"start":{"line":122,"column":4},"end":{"line":122,"column":5}},"loc":{"start":{"line":122,"column":53},"end":{"line":165,"column":5}},"line":122},"14":{"name":"(anonymous_14)","decl":{"start":{"line":126,"column":31},"end":{"line":126,"column":32}},"loc":{"start":{"line":126,"column":42},"end":{"line":128,"column":13}},"line":126},"15":{"name":"(anonymous_15)","decl":{"start":{"line":133,"column":22},"end":{"line":133,"column":23}},"loc":{"start":{"line":133,"column":33},"end":{"line":137,"column":9}},"line":133},"16":{"name":"(anonymous_16)","decl":{"start":{"line":145,"column":35},"end":{"line":145,"column":36}},"loc":{"start":{"line":145,"column":46},"end":{"line":147,"column":17}},"line":145},"17":{"name":"(anonymous_17)","decl":{"start":{"line":154,"column":35},"end":{"line":154,"column":36}},"loc":{"start":{"line":154,"column":46},"end":{"line":156,"column":17}},"line":154},"18":{"name":"(anonymous_18)","decl":{"start":{"line":158,"column":31},"end":{"line":158,"column":32}},"loc":{"start":{"line":158,"column":42},"end":{"line":160,"column":13}},"line":158},"19":{"name":"(anonymous_19)","decl":{"start":{"line":162,"column":27},"end":{"line":162,"column":28}},"loc":{"start":{"line":162,"column":38},"end":{"line":164,"column":9}},"line":162},"20":{"name":"(anonymous_20)","decl":{"start":{"line":167,"column":4},"end":{"line":167,"column":5}},"loc":{"start":{"line":167,"column":26},"end":{"line":195,"column":5}},"line":167},"21":{"name":"(anonymous_21)","decl":{"start":{"line":169,"column":31},"end":{"line":169,"column":32}},"loc":{"start":{"line":169,"column":42},"end":{"line":173,"column":13}},"line":169},"22":{"name":"(anonymous_22)","decl":{"start":{"line":179,"column":31},"end":{"line":179,"column":32}},"loc":{"start":{"line":179,"column":42},"end":{"line":181,"column":13}},"line":179},"23":{"name":"(anonymous_23)","decl":{"start":{"line":192,"column":27},"end":{"line":192,"column":28}},"loc":{"start":{"line":192,"column":38},"end":{"line":194,"column":9}},"line":192}},"branchMap":{"0":{"loc":{"start":{"line":42,"column":8},"end":{"line":46,"column":9}},"type":"if","locations":[{"start":{"line":42,"column":8},"end":{"line":46,"column":9}},{"start":{"line":42,"column":8},"end":{"line":46,"column":9}}],"line":42},"1":{"loc":{"start":{"line":48,"column":8},"end":{"line":50,"column":9}},"type":"if","locations":[{"start":{"line":48,"column":8},"end":{"line":50,"column":9}},{"start":{"line":48,"column":8},"end":{"line":50,"column":9}}],"line":48},"2":{"loc":{"start":{"line":55,"column":8},"end":{"line":57,"column":9}},"type":"if","locations":[{"start":{"line":55,"column":8},"end":{"line":57,"column":9}},{"start":{"line":55,"column":8},"end":{"line":57,"column":9}}],"line":55},"3":{"loc":{"start":{"line":55,"column":12},"end":{"line":55,"column":54}},"type":"binary-expr","locations":[{"start":{"line":55,"column":12},"end":{"line":55,"column":26}},{"start":{"line":55,"column":30},"end":{"line":55,"column":54}}],"line":55},"4":{"loc":{"start":{"line":69,"column":8},"end":{"line":71,"column":9}},"type":"if","locations":[{"start":{"line":69,"column":8},"end":{"line":71,"column":9}},{"start":{"line":69,"column":8},"end":{"line":71,"column":9}}],"line":69},"5":{"loc":{"start":{"line":92,"column":8},"end":{"line":96,"column":9}},"type":"if","locations":[{"start":{"line":92,"column":8},"end":{"line":96,"column":9}},{"start":{"line":92,"column":8},"end":{"line":96,"column":9}}],"line":92},"6":{"loc":{"start":{"line":98,"column":8},"end":{"line":102,"column":9}},"type":"if","locations":[{"start":{"line":98,"column":8},"end":{"line":102,"column":9}},{"start":{"line":98,"column":8},"end":{"line":102,"column":9}}],"line":98},"7":{"loc":{"start":{"line":104,"column":8},"end":{"line":108,"column":9}},"type":"if","locations":[{"start":{"line":104,"column":8},"end":{"line":108,"column":9}},{"start":{"line":104,"column":8},"end":{"line":108,"column":9}}],"line":104},"8":{"loc":{"start":{"line":110,"column":8},"end":{"line":114,"column":9}},"type":"if","locations":[{"start":{"line":110,"column":8},"end":{"line":114,"column":9}},{"start":{"line":110,"column":8},"end":{"line":114,"column":9}}],"line":110},"9":{"loc":{"start":{"line":125,"column":8},"end":{"line":129,"column":9}},"type":"if","locations":[{"start":{"line":125,"column":8},"end":{"line":129,"column":9}},{"start":{"line":125,"column":8},"end":{"line":129,"column":9}}],"line":125},"10":{"loc":{"start":{"line":125,"column":12},"end":{"line":125,"column":46}},"type":"binary-expr","locations":[{"start":{"line":125,"column":12},"end":{"line":125,"column":24}},{"start":{"line":125,"column":28},"end":{"line":125,"column":46}}],"line":125},"11":{"loc":{"start":{"line":134,"column":12},"end":{"line":136,"column":13}},"type":"if","locations":[{"start":{"line":134,"column":12},"end":{"line":136,"column":13}},{"start":{"line":134,"column":12},"end":{"line":136,"column":13}}],"line":134},"12":{"loc":{"start":{"line":139,"column":8},"end":{"line":139,"column":56}},"type":"if","locations":[{"start":{"line":139,"column":8},"end":{"line":139,"column":56}},{"start":{"line":139,"column":8},"end":{"line":139,"column":56}}],"line":139},"13":{"loc":{"start":{"line":140,"column":8},"end":{"line":161,"column":9}},"type":"if","locations":[{"start":{"line":140,"column":8},"end":{"line":161,"column":9}},{"start":{"line":140,"column":8},"end":{"line":161,"column":9}}],"line":140},"14":{"loc":{"start":{"line":144,"column":12},"end":{"line":148,"column":13}},"type":"if","locations":[{"start":{"line":144,"column":12},"end":{"line":148,"column":13}},{"start":{"line":144,"column":12},"end":{"line":148,"column":13}}],"line":144},"15":{"loc":{"start":{"line":153,"column":12},"end":{"line":157,"column":13}},"type":"if","locations":[{"start":{"line":153,"column":12},"end":{"line":157,"column":13}},{"start":{"line":153,"column":12},"end":{"line":157,"column":13}}],"line":153},"16":{"loc":{"start":{"line":168,"column":8},"end":{"line":174,"column":9}},"type":"if","locations":[{"start":{"line":168,"column":8},"end":{"line":174,"column":9}},{"start":{"line":168,"column":8},"end":{"line":174,"column":9}}],"line":168},"17":{"loc":{"start":{"line":178,"column":8},"end":{"line":182,"column":9}},"type":"if","locations":[{"start":{"line":178,"column":8},"end":{"line":182,"column":9}},{"start":{"line":178,"column":8},"end":{"line":182,"column":9}}],"line":178},"18":{"loc":{"start":{"line":178,"column":12},"end":{"line":178,"column":53}},"type":"binary-expr","locations":[{"start":{"line":178,"column":12},"end":{"line":178,"column":24}},{"start":{"line":178,"column":28},"end":{"line":178,"column":53}}],"line":178}},"s":{"0":3,"1":3,"2":3,"3":3,"4":3,"5":3,"6":3,"7":107,"8":107,"9":107,"10":107,"11":0,"12":0,"13":0,"14":0,"15":0,"16":0,"17":0,"18":0,"19":0,"20":0,"21":0,"22":0,"23":0,"24":0,"25":0,"26":0,"27":0,"28":0,"29":0,"30":0,"31":0,"32":0,"33":0,"34":0,"35":0,"36":0,"37":0,"38":0,"39":0,"40":0,"41":0,"42":0,"43":0,"44":0,"45":0,"46":0,"47":0,"48":0,"49":0,"50":0,"51":0,"52":0,"53":0,"54":0,"55":0,"56":0,"57":0,"58":0,"59":0,"60":0,"61":0,"62":0,"63":0,"64":0,"65":0,"66":0,"67":0,"68":0,"69":0,"70":0,"71":0,"72":0,"73":0,"74":0,"75":0,"76":0,"77":0,"78":0,"79":0,"80":0,"81":0,"82":0,"83":0,"84":0,"85":0,"86":0,"87":0,"88":0,"89":0,"90":0,"91":0,"92":0,"93":0,"94":0,"95":0,"96":0,"97":0,"98":0,"99":0,"100":3},"f":{"0":107,"1":0,"2":0,"3":0,"4":0,"5":0,"6":0,"7":0,"8":0,"9":0,"10":0,"11":0,"12":0,"13":0,"14":0,"15":0,"16":0,"17":0,"18":0,"19":0,"20":0,"21":0,"22":0,"23":0},"b":{"0":[0,0],"1":[0,0],"2":[0,0],"3":[0,0],"4":[0,0],"5":[0,0],"6":[0,0],"7":[0,0],"8":[0,0],"9":[0,0],"10":[0,0],"11":[0,0],"12":[0,0],"13":[0,0],"14":[0,0],"15":[0,0],"16":[0,0],"17":[0,0],"18":[0,0]},"_coverageSchema":"1a1c01bbd47fc00a2c39e90264f33305004495a9","hash":"2f31e0838d4ebeb2f3da113a0e51e2f39fe68185"}
,"D:\\STUDIES\\Web Dev\\Inventory\\src\\utils\\Email.js": {"path":"D:\\STUDIES\\Web Dev\\Inventory\\src\\utils\\Email.js","statementMap":{"0":{"start":{"line":1,"column":19},"end":{"line":1,"column":40}},"1":{"start":{"line":2,"column":21},"end":{"line":2,"column":34}},"2":{"start":{"line":3,"column":15},"end":{"line":3,"column":32}},"3":{"start":{"line":4,"column":0},"end":{"line":4,"column":16}},"4":{"start":{"line":8,"column":4},"end":{"line":11,"column":6}},"5":{"start":{"line":15,"column":4},"end":{"line":31,"column":7}},"6":{"start":{"line":16,"column":6},"end":{"line":30,"column":8}},"7":{"start":{"line":27,"column":10},"end":{"line":27,"column":36}},"8":{"start":{"line":27,"column":19},"end":{"line":27,"column":36}},"9":{"start":{"line":28,"column":10},"end":{"line":28,"column":28}},"10":{"start":{"line":35,"column":0},"end":{"line":35,"column":23}}},"fnMap":{"0":{"name":"(anonymous_0)","decl":{"start":{"line":7,"column":2},"end":{"line":7,"column":3}},"loc":{"start":{"line":7,"column":16},"end":{"line":12,"column":3}},"line":7},"1":{"name":"(anonymous_1)","decl":{"start":{"line":14,"column":2},"end":{"line":14,"column":3}},"loc":{"start":{"line":14,"column":39},"end":{"line":32,"column":3}},"line":14},"2":{"name":"(anonymous_2)","decl":{"start":{"line":15,"column":23},"end":{"line":15,"column":24}},"loc":{"start":{"line":15,"column":36},"end":{"line":31,"column":5}},"line":15},"3":{"name":"(anonymous_3)","decl":{"start":{"line":26,"column":8},"end":{"line":26,"column":9}},"loc":{"start":{"line":26,"column":23},"end":{"line":29,"column":9}},"line":26}},"branchMap":{"0":{"loc":{"start":{"line":27,"column":10},"end":{"line":27,"column":36}},"type":"if","locations":[{"start":{"line":27,"column":10},"end":{"line":27,"column":36}},{"start":{"line":27,"column":10},"end":{"line":27,"column":36}}],"line":27}},"s":{"0":3,"1":3,"2":3,"3":3,"4":2,"5":2,"6":2,"7":0,"8":0,"9":0,"10":3},"f":{"0":2,"1":2,"2":2,"3":0},"b":{"0":[0,0]},"_coverageSchema":"1a1c01bbd47fc00a2c39e90264f33305004495a9","hash":"17835078b081ac4461b44dfd7bbf1ccf4617059b"}
}
