{"D:\\STUDIES\\Web Dev\\Inventory\\src\\app.js": {"path":"D:\\STUDIES\\Web Dev\\Inventory\\src\\app.js","statementMap":{"0":{"start":{"line":1,"column":16},"end":{"line":1,"column":34}},"1":{"start":{"line":2,"column":13},"end":{"line":2,"column":30}},"2":{"start":{"line":3,"column":11},"end":{"line":3,"column":26}},"3":{"start":{"line":4,"column":19},"end":{"line":4,"column":43}},"4":{"start":{"line":5,"column":24},"end":{"line":5,"column":42}},"5":{"start":{"line":6,"column":15},"end":{"line":6,"column":24}},"6":{"start":{"line":7,"column":11},"end":{"line":7,"column":31}},"7":{"start":{"line":8,"column":13},"end":{"line":8,"column":37}},"8":{"start":{"line":10,"column":17},"end":{"line":10,"column":41}},"9":{"start":{"line":11,"column":18},"end":{"line":11,"column":43}},"10":{"start":{"line":12,"column":22},"end":{"line":12,"column":49}},"11":{"start":{"line":13,"column":15},"end":{"line":13,"column":51}},"12":{"start":{"line":14,"column":21},"end":{"line":14,"column":49}},"13":{"start":{"line":16,"column":0},"end":{"line":16,"column":26}},"14":{"start":{"line":17,"column":0},"end":{"line":17,"column":48}},"15":{"start":{"line":18,"column":0},"end":{"line":18,"column":27}},"16":{"start":{"line":19,"column":0},"end":{"line":19,"column":71}},"17":{"start":{"line":22,"column":0},"end":{"line":24,"column":2}},"18":{"start":{"line":23,"column":4},"end":{"line":23,"column":51}},"19":{"start":{"line":26,"column":0},"end":{"line":26,"column":31}},"20":{"start":{"line":27,"column":0},"end":{"line":27,"column":33}},"21":{"start":{"line":28,"column":0},"end":{"line":28,"column":37}},"22":{"start":{"line":29,"column":0},"end":{"line":29,"column":32}},"23":{"start":{"line":30,"column":0},"end":{"line":30,"column":39}},"24":{"start":{"line":43,"column":10},"end":{"line":45,"column":2}},"25":{"start":{"line":44,"column":4},"end":{"line":44,"column":63}},"26":{"start":{"line":47,"column":0},"end":{"line":47,"column":19}}},"fnMap":{"0":{"name":"(anonymous_0)","decl":{"start":{"line":22,"column":16},"end":{"line":22,"column":17}},"loc":{"start":{"line":22,"column":30},"end":{"line":24,"column":1}},"line":22},"1":{"name":"(anonymous_1)","decl":{"start":{"line":43,"column":30},"end":{"line":43,"column":31}},"loc":{"start":{"line":43,"column":36},"end":{"line":45,"column":1}},"line":43}},"branchMap":{"0":{"loc":{"start":{"line":8,"column":13},"end":{"line":8,"column":37}},"type":"binary-expr","locations":[{"start":{"line":8,"column":13},"end":{"line":8,"column":29}},{"start":{"line":8,"column":33},"end":{"line":8,"column":37}}],"line":8}},"s":{"0":3,"1":3,"2":3,"3":3,"4":3,"5":3,"6":3,"7":3,"8":3,"9":3,"10":3,"11":3,"12":3,"13":3,"14":3,"15":3,"16":3,"17":3,"18":0,"19":3,"20":3,"21":3,"22":3,"23":3,"24":3,"25":3,"26":3},"f":{"0":0,"1":3},"b":{"0":[3,3]},"_coverageSchema":"1a1c01bbd47fc00a2c39e90264f33305004495a9","hash":"02268624544ea2813e1645dd21bd2c64ecad5d48"}
,"D:\\STUDIES\\Web Dev\\Inventory\\src\\controllers\\admin.js": {"path":"D:\\STUDIES\\Web Dev\\Inventory\\src\\controllers\\admin.js","statementMap":{"0":{"start":{"line":1,"column":14},"end":{"line":1,"column":40}},"1":{"start":{"line":3,"column":0},"end":{"line":40,"column":1}},"2":{"start":{"line":5,"column":17},"end":{"line":5,"column":103}},"3":{"start":{"line":7,"column":17},"end":{"line":7,"column":143}},"4":{"start":{"line":10,"column":4},"end":{"line":16,"column":5}},"5":{"start":{"line":11,"column":8},"end":{"line":15,"column":11}},"6":{"start":{"line":18,"column":4},"end":{"line":23,"column":7}},"7":{"start":{"line":19,"column":4},"end":{"line":23,"column":7}},"8":{"start":{"line":25,"column":4},"end":{"line":32,"column":5}},"9":{"start":{"line":26,"column":8},"end":{"line":31,"column":11}},"10":{"start":{"line":34,"column":4},"end":{"line":39,"column":7}},"11":{"start":{"line":42,"column":0},"end":{"line":71,"column":1}},"12":{"start":{"line":45,"column":16},"end":{"line":45,"column":100}},"13":{"start":{"line":46,"column":18},"end":{"line":46,"column":75}},"14":{"start":{"line":47,"column":4},"end":{"line":53,"column":5}},"15":{"start":{"line":48,"column":8},"end":{"line":52,"column":11}},"16":{"start":{"line":55,"column":4},"end":{"line":62,"column":5}},"17":{"start":{"line":56,"column":8},"end":{"line":61,"column":10}},"18":{"start":{"line":64,"column":4},"end":{"line":69,"column":6}},"19":{"start":{"line":74,"column":0},"end":{"line":106,"column":1}},"20":{"start":{"line":75,"column":16},"end":{"line":75,"column":100}},"21":{"start":{"line":76,"column":17},"end":{"line":76,"column":82}},"22":{"start":{"line":78,"column":4},"end":{"line":84,"column":5}},"23":{"start":{"line":79,"column":8},"end":{"line":83,"column":10}},"24":{"start":{"line":85,"column":4},"end":{"line":91,"column":5}},"25":{"start":{"line":86,"column":8},"end":{"line":90,"column":10}},"26":{"start":{"line":93,"column":4},"end":{"line":99,"column":5}},"27":{"start":{"line":94,"column":8},"end":{"line":98,"column":11}},"28":{"start":{"line":101,"column":4},"end":{"line":105,"column":7}},"29":{"start":{"line":108,"column":0},"end":{"line":140,"column":1}},"30":{"start":{"line":109,"column":16},"end":{"line":109,"column":100}},"31":{"start":{"line":110,"column":17},"end":{"line":110,"column":105}},"32":{"start":{"line":112,"column":4},"end":{"line":118,"column":5}},"33":{"start":{"line":113,"column":8},"end":{"line":117,"column":10}},"34":{"start":{"line":119,"column":4},"end":{"line":125,"column":5}},"35":{"start":{"line":120,"column":8},"end":{"line":124,"column":10}},"36":{"start":{"line":127,"column":4},"end":{"line":133,"column":5}},"37":{"start":{"line":128,"column":8},"end":{"line":132,"column":11}},"38":{"start":{"line":135,"column":4},"end":{"line":139,"column":7}},"39":{"start":{"line":142,"column":0},"end":{"line":167,"column":1}},"40":{"start":{"line":143,"column":16},"end":{"line":143,"column":99}},"41":{"start":{"line":144,"column":19},"end":{"line":144,"column":63}},"42":{"start":{"line":146,"column":4},"end":{"line":152,"column":5}},"43":{"start":{"line":147,"column":8},"end":{"line":151,"column":11}},"44":{"start":{"line":154,"column":4},"end":{"line":160,"column":5}},"45":{"start":{"line":155,"column":8},"end":{"line":159,"column":11}},"46":{"start":{"line":162,"column":4},"end":{"line":166,"column":6}},"47":{"start":{"line":169,"column":0},"end":{"line":194,"column":1}},"48":{"start":{"line":170,"column":16},"end":{"line":170,"column":99}},"49":{"start":{"line":171,"column":17},"end":{"line":171,"column":60}},"50":{"start":{"line":173,"column":4},"end":{"line":179,"column":5}},"51":{"start":{"line":174,"column":8},"end":{"line":178,"column":11}},"52":{"start":{"line":181,"column":4},"end":{"line":187,"column":5}},"53":{"start":{"line":182,"column":8},"end":{"line":186,"column":11}},"54":{"start":{"line":189,"column":4},"end":{"line":193,"column":6}},"55":{"start":{"line":196,"column":0},"end":{"line":218,"column":1}},"56":{"start":{"line":197,"column":17},"end":{"line":197,"column":100}},"57":{"start":{"line":198,"column":17},"end":{"line":198,"column":45}},"58":{"start":{"line":200,"column":4},"end":{"line":205,"column":5}},"59":{"start":{"line":201,"column":8},"end":{"line":204,"column":11}},"60":{"start":{"line":207,"column":4},"end":{"line":212,"column":5}},"61":{"start":{"line":208,"column":8},"end":{"line":211,"column":11}},"62":{"start":{"line":214,"column":4},"end":{"line":217,"column":7}},"63":{"start":{"line":220,"column":0},"end":{"line":242,"column":1}},"64":{"start":{"line":221,"column":17},"end":{"line":221,"column":100}},"65":{"start":{"line":222,"column":17},"end":{"line":222,"column":47}},"66":{"start":{"line":224,"column":4},"end":{"line":229,"column":5}},"67":{"start":{"line":225,"column":8},"end":{"line":228,"column":11}},"68":{"start":{"line":231,"column":4},"end":{"line":236,"column":5}},"69":{"start":{"line":232,"column":8},"end":{"line":235,"column":11}},"70":{"start":{"line":238,"column":4},"end":{"line":241,"column":7}},"71":{"start":{"line":244,"column":0},"end":{"line":266,"column":1}},"72":{"start":{"line":245,"column":17},"end":{"line":245,"column":100}},"73":{"start":{"line":246,"column":17},"end":{"line":246,"column":59}},"74":{"start":{"line":248,"column":4},"end":{"line":253,"column":5}},"75":{"start":{"line":249,"column":8},"end":{"line":252,"column":11}},"76":{"start":{"line":255,"column":4},"end":{"line":260,"column":5}},"77":{"start":{"line":256,"column":8},"end":{"line":259,"column":11}},"78":{"start":{"line":262,"column":4},"end":{"line":265,"column":7}},"79":{"start":{"line":268,"column":0},"end":{"line":290,"column":1}},"80":{"start":{"line":269,"column":17},"end":{"line":269,"column":100}},"81":{"start":{"line":270,"column":17},"end":{"line":270,"column":43}},"82":{"start":{"line":272,"column":4},"end":{"line":277,"column":5}},"83":{"start":{"line":273,"column":8},"end":{"line":276,"column":11}},"84":{"start":{"line":279,"column":4},"end":{"line":284,"column":5}},"85":{"start":{"line":280,"column":8},"end":{"line":283,"column":11}},"86":{"start":{"line":286,"column":4},"end":{"line":289,"column":7}},"87":{"start":{"line":292,"column":0},"end":{"line":314,"column":1}},"88":{"start":{"line":293,"column":17},"end":{"line":293,"column":100}},"89":{"start":{"line":294,"column":17},"end":{"line":294,"column":38}},"90":{"start":{"line":296,"column":4},"end":{"line":301,"column":5}},"91":{"start":{"line":297,"column":8},"end":{"line":300,"column":11}},"92":{"start":{"line":303,"column":4},"end":{"line":308,"column":5}},"93":{"start":{"line":304,"column":8},"end":{"line":307,"column":11}},"94":{"start":{"line":310,"column":4},"end":{"line":313,"column":7}},"95":{"start":{"line":316,"column":0},"end":{"line":338,"column":1}},"96":{"start":{"line":317,"column":17},"end":{"line":317,"column":100}},"97":{"start":{"line":318,"column":17},"end":{"line":318,"column":37}},"98":{"start":{"line":320,"column":4},"end":{"line":325,"column":5}},"99":{"start":{"line":321,"column":8},"end":{"line":324,"column":11}},"100":{"start":{"line":327,"column":4},"end":{"line":332,"column":5}},"101":{"start":{"line":328,"column":8},"end":{"line":331,"column":11}},"102":{"start":{"line":334,"column":4},"end":{"line":337,"column":7}},"103":{"start":{"line":340,"column":0},"end":{"line":365,"column":1}},"104":{"start":{"line":341,"column":16},"end":{"line":341,"column":99}},"105":{"start":{"line":342,"column":19},"end":{"line":342,"column":73}},"106":{"start":{"line":344,"column":4},"end":{"line":350,"column":5}},"107":{"start":{"line":345,"column":8},"end":{"line":349,"column":11}},"108":{"start":{"line":352,"column":4},"end":{"line":358,"column":5}},"109":{"start":{"line":353,"column":8},"end":{"line":357,"column":11}},"110":{"start":{"line":360,"column":4},"end":{"line":364,"column":6}},"111":{"start":{"line":367,"column":0},"end":{"line":389,"column":3}},"112":{"start":{"line":368,"column":17},"end":{"line":368,"column":100}},"113":{"start":{"line":369,"column":19},"end":{"line":369,"column":49}},"114":{"start":{"line":371,"column":4},"end":{"line":376,"column":5}},"115":{"start":{"line":372,"column":8},"end":{"line":375,"column":11}},"116":{"start":{"line":378,"column":4},"end":{"line":383,"column":5}},"117":{"start":{"line":379,"column":8},"end":{"line":382,"column":11}},"118":{"start":{"line":385,"column":4},"end":{"line":388,"column":6}},"119":{"start":{"line":391,"column":2},"end":{"line":410,"column":3}},"120":{"start":{"line":392,"column":17},"end":{"line":392,"column":99}},"121":{"start":{"line":393,"column":19},"end":{"line":393,"column":48}},"122":{"start":{"line":395,"column":6},"end":{"line":399,"column":7}},"123":{"start":{"line":396,"column":8},"end":{"line":398,"column":11}},"124":{"start":{"line":401,"column":6},"end":{"line":405,"column":7}},"125":{"start":{"line":402,"column":8},"end":{"line":404,"column":11}},"126":{"start":{"line":407,"column":6},"end":{"line":409,"column":9}},"127":{"start":{"line":412,"column":2},"end":{"line":431,"column":3}},"128":{"start":{"line":413,"column":17},"end":{"line":413,"column":99}},"129":{"start":{"line":414,"column":19},"end":{"line":414,"column":45}},"130":{"start":{"line":416,"column":6},"end":{"line":420,"column":7}},"131":{"start":{"line":417,"column":8},"end":{"line":419,"column":11}},"132":{"start":{"line":422,"column":6},"end":{"line":426,"column":7}},"133":{"start":{"line":423,"column":8},"end":{"line":425,"column":11}},"134":{"start":{"line":428,"column":6},"end":{"line":430,"column":9}},"135":{"start":{"line":433,"column":2},"end":{"line":452,"column":3}},"136":{"start":{"line":434,"column":17},"end":{"line":434,"column":100}},"137":{"start":{"line":435,"column":19},"end":{"line":435,"column":46}},"138":{"start":{"line":437,"column":4},"end":{"line":441,"column":5}},"139":{"start":{"line":438,"column":8},"end":{"line":440,"column":11}},"140":{"start":{"line":443,"column":4},"end":{"line":447,"column":5}},"141":{"start":{"line":444,"column":8},"end":{"line":446,"column":11}},"142":{"start":{"line":449,"column":4},"end":{"line":451,"column":6}}},"fnMap":{"0":{"name":"(anonymous_0)","decl":{"start":{"line":3,"column":18},"end":{"line":3,"column":19}},"loc":{"start":{"line":3,"column":35},"end":{"line":40,"column":1}},"line":3},"1":{"name":"(anonymous_1)","decl":{"start":{"line":42,"column":19},"end":{"line":42,"column":20}},"loc":{"start":{"line":42,"column":36},"end":{"line":71,"column":1}},"line":42},"2":{"name":"(anonymous_2)","decl":{"start":{"line":74,"column":17},"end":{"line":74,"column":18}},"loc":{"start":{"line":74,"column":34},"end":{"line":106,"column":1}},"line":74},"3":{"name":"(anonymous_3)","decl":{"start":{"line":108,"column":22},"end":{"line":108,"column":23}},"loc":{"start":{"line":108,"column":39},"end":{"line":140,"column":1}},"line":108},"4":{"name":"(anonymous_4)","decl":{"start":{"line":142,"column":25},"end":{"line":142,"column":26}},"loc":{"start":{"line":142,"column":42},"end":{"line":167,"column":1}},"line":142},"5":{"name":"(anonymous_5)","decl":{"start":{"line":169,"column":25},"end":{"line":169,"column":26}},"loc":{"start":{"line":169,"column":42},"end":{"line":194,"column":1}},"line":169},"6":{"name":"(anonymous_6)","decl":{"start":{"line":196,"column":25},"end":{"line":196,"column":26}},"loc":{"start":{"line":196,"column":41},"end":{"line":218,"column":1}},"line":196},"7":{"name":"(anonymous_7)","decl":{"start":{"line":220,"column":27},"end":{"line":220,"column":28}},"loc":{"start":{"line":220,"column":43},"end":{"line":242,"column":1}},"line":220},"8":{"name":"(anonymous_8)","decl":{"start":{"line":244,"column":20},"end":{"line":244,"column":21}},"loc":{"start":{"line":244,"column":36},"end":{"line":266,"column":1}},"line":244},"9":{"name":"(anonymous_9)","decl":{"start":{"line":268,"column":23},"end":{"line":268,"column":24}},"loc":{"start":{"line":268,"column":39},"end":{"line":290,"column":1}},"line":268},"10":{"name":"(anonymous_10)","decl":{"start":{"line":292,"column":18},"end":{"line":292,"column":19}},"loc":{"start":{"line":292,"column":34},"end":{"line":314,"column":1}},"line":292},"11":{"name":"(anonymous_11)","decl":{"start":{"line":316,"column":17},"end":{"line":316,"column":18}},"loc":{"start":{"line":316,"column":33},"end":{"line":338,"column":1}},"line":316},"12":{"name":"(anonymous_12)","decl":{"start":{"line":340,"column":21},"end":{"line":340,"column":22}},"loc":{"start":{"line":340,"column":38},"end":{"line":365,"column":1}},"line":340},"13":{"name":"(anonymous_13)","decl":{"start":{"line":367,"column":25},"end":{"line":367,"column":26}},"loc":{"start":{"line":367,"column":42},"end":{"line":389,"column":3}},"line":367},"14":{"name":"(anonymous_14)","decl":{"start":{"line":391,"column":27},"end":{"line":391,"column":28}},"loc":{"start":{"line":391,"column":44},"end":{"line":410,"column":3}},"line":391},"15":{"name":"(anonymous_15)","decl":{"start":{"line":412,"column":24},"end":{"line":412,"column":25}},"loc":{"start":{"line":412,"column":41},"end":{"line":431,"column":3}},"line":412},"16":{"name":"(anonymous_16)","decl":{"start":{"line":433,"column":24},"end":{"line":433,"column":25}},"loc":{"start":{"line":433,"column":41},"end":{"line":452,"column":3}},"line":433}},"branchMap":{"0":{"loc":{"start":{"line":10,"column":4},"end":{"line":16,"column":5}},"type":"if","locations":[{"start":{"line":10,"column":4},"end":{"line":16,"column":5}},{"start":{"line":10,"column":4},"end":{"line":16,"column":5}}],"line":10},"1":{"loc":{"start":{"line":18,"column":4},"end":{"line":23,"column":7}},"type":"if","locations":[{"start":{"line":18,"column":4},"end":{"line":23,"column":7}},{"start":{"line":18,"column":4},"end":{"line":23,"column":7}}],"line":18},"2":{"loc":{"start":{"line":25,"column":4},"end":{"line":32,"column":5}},"type":"if","locations":[{"start":{"line":25,"column":4},"end":{"line":32,"column":5}},{"start":{"line":25,"column":4},"end":{"line":32,"column":5}}],"line":25},"3":{"loc":{"start":{"line":47,"column":4},"end":{"line":53,"column":5}},"type":"if","locations":[{"start":{"line":47,"column":4},"end":{"line":53,"column":5}},{"start":{"line":47,"column":4},"end":{"line":53,"column":5}}],"line":47},"4":{"loc":{"start":{"line":55,"column":4},"end":{"line":62,"column":5}},"type":"if","locations":[{"start":{"line":55,"column":4},"end":{"line":62,"column":5}},{"start":{"line":55,"column":4},"end":{"line":62,"column":5}}],"line":55},"5":{"loc":{"start":{"line":78,"column":4},"end":{"line":84,"column":5}},"type":"if","locations":[{"start":{"line":78,"column":4},"end":{"line":84,"column":5}},{"start":{"line":78,"column":4},"end":{"line":84,"column":5}}],"line":78},"6":{"loc":{"start":{"line":85,"column":4},"end":{"line":91,"column":5}},"type":"if","locations":[{"start":{"line":85,"column":4},"end":{"line":91,"column":5}},{"start":{"line":85,"column":4},"end":{"line":91,"column":5}}],"line":85},"7":{"loc":{"start":{"line":93,"column":4},"end":{"line":99,"column":5}},"type":"if","locations":[{"start":{"line":93,"column":4},"end":{"line":99,"column":5}},{"start":{"line":93,"column":4},"end":{"line":99,"column":5}}],"line":93},"8":{"loc":{"start":{"line":112,"column":4},"end":{"line":118,"column":5}},"type":"if","locations":[{"start":{"line":112,"column":4},"end":{"line":118,"column":5}},{"start":{"line":112,"column":4},"end":{"line":118,"column":5}}],"line":112},"9":{"loc":{"start":{"line":119,"column":4},"end":{"line":125,"column":5}},"type":"if","locations":[{"start":{"line":119,"column":4},"end":{"line":125,"column":5}},{"start":{"line":119,"column":4},"end":{"line":125,"column":5}}],"line":119},"10":{"loc":{"start":{"line":127,"column":4},"end":{"line":133,"column":5}},"type":"if","locations":[{"start":{"line":127,"column":4},"end":{"line":133,"column":5}},{"start":{"line":127,"column":4},"end":{"line":133,"column":5}}],"line":127},"11":{"loc":{"start":{"line":146,"column":4},"end":{"line":152,"column":5}},"type":"if","locations":[{"start":{"line":146,"column":4},"end":{"line":152,"column":5}},{"start":{"line":146,"column":4},"end":{"line":152,"column":5}}],"line":146},"12":{"loc":{"start":{"line":154,"column":4},"end":{"line":160,"column":5}},"type":"if","locations":[{"start":{"line":154,"column":4},"end":{"line":160,"column":5}},{"start":{"line":154,"column":4},"end":{"line":160,"column":5}}],"line":154},"13":{"loc":{"start":{"line":173,"column":4},"end":{"line":179,"column":5}},"type":"if","locations":[{"start":{"line":173,"column":4},"end":{"line":179,"column":5}},{"start":{"line":173,"column":4},"end":{"line":179,"column":5}}],"line":173},"14":{"loc":{"start":{"line":181,"column":4},"end":{"line":187,"column":5}},"type":"if","locations":[{"start":{"line":181,"column":4},"end":{"line":187,"column":5}},{"start":{"line":181,"column":4},"end":{"line":187,"column":5}}],"line":181},"15":{"loc":{"start":{"line":200,"column":4},"end":{"line":205,"column":5}},"type":"if","locations":[{"start":{"line":200,"column":4},"end":{"line":205,"column":5}},{"start":{"line":200,"column":4},"end":{"line":205,"column":5}}],"line":200},"16":{"loc":{"start":{"line":207,"column":4},"end":{"line":212,"column":5}},"type":"if","locations":[{"start":{"line":207,"column":4},"end":{"line":212,"column":5}},{"start":{"line":207,"column":4},"end":{"line":212,"column":5}}],"line":207},"17":{"loc":{"start":{"line":224,"column":4},"end":{"line":229,"column":5}},"type":"if","locations":[{"start":{"line":224,"column":4},"end":{"line":229,"column":5}},{"start":{"line":224,"column":4},"end":{"line":229,"column":5}}],"line":224},"18":{"loc":{"start":{"line":231,"column":4},"end":{"line":236,"column":5}},"type":"if","locations":[{"start":{"line":231,"column":4},"end":{"line":236,"column":5}},{"start":{"line":231,"column":4},"end":{"line":236,"column":5}}],"line":231},"19":{"loc":{"start":{"line":248,"column":4},"end":{"line":253,"column":5}},"type":"if","locations":[{"start":{"line":248,"column":4},"end":{"line":253,"column":5}},{"start":{"line":248,"column":4},"end":{"line":253,"column":5}}],"line":248},"20":{"loc":{"start":{"line":255,"column":4},"end":{"line":260,"column":5}},"type":"if","locations":[{"start":{"line":255,"column":4},"end":{"line":260,"column":5}},{"start":{"line":255,"column":4},"end":{"line":260,"column":5}}],"line":255},"21":{"loc":{"start":{"line":272,"column":4},"end":{"line":277,"column":5}},"type":"if","locations":[{"start":{"line":272,"column":4},"end":{"line":277,"column":5}},{"start":{"line":272,"column":4},"end":{"line":277,"column":5}}],"line":272},"22":{"loc":{"start":{"line":279,"column":4},"end":{"line":284,"column":5}},"type":"if","locations":[{"start":{"line":279,"column":4},"end":{"line":284,"column":5}},{"start":{"line":279,"column":4},"end":{"line":284,"column":5}}],"line":279},"23":{"loc":{"start":{"line":296,"column":4},"end":{"line":301,"column":5}},"type":"if","locations":[{"start":{"line":296,"column":4},"end":{"line":301,"column":5}},{"start":{"line":296,"column":4},"end":{"line":301,"column":5}}],"line":296},"24":{"loc":{"start":{"line":303,"column":4},"end":{"line":308,"column":5}},"type":"if","locations":[{"start":{"line":303,"column":4},"end":{"line":308,"column":5}},{"start":{"line":303,"column":4},"end":{"line":308,"column":5}}],"line":303},"25":{"loc":{"start":{"line":320,"column":4},"end":{"line":325,"column":5}},"type":"if","locations":[{"start":{"line":320,"column":4},"end":{"line":325,"column":5}},{"start":{"line":320,"column":4},"end":{"line":325,"column":5}}],"line":320},"26":{"loc":{"start":{"line":327,"column":4},"end":{"line":332,"column":5}},"type":"if","locations":[{"start":{"line":327,"column":4},"end":{"line":332,"column":5}},{"start":{"line":327,"column":4},"end":{"line":332,"column":5}}],"line":327},"27":{"loc":{"start":{"line":344,"column":4},"end":{"line":350,"column":5}},"type":"if","locations":[{"start":{"line":344,"column":4},"end":{"line":350,"column":5}},{"start":{"line":344,"column":4},"end":{"line":350,"column":5}}],"line":344},"28":{"loc":{"start":{"line":352,"column":4},"end":{"line":358,"column":5}},"type":"if","locations":[{"start":{"line":352,"column":4},"end":{"line":358,"column":5}},{"start":{"line":352,"column":4},"end":{"line":358,"column":5}}],"line":352},"29":{"loc":{"start":{"line":371,"column":4},"end":{"line":376,"column":5}},"type":"if","locations":[{"start":{"line":371,"column":4},"end":{"line":376,"column":5}},{"start":{"line":371,"column":4},"end":{"line":376,"column":5}}],"line":371},"30":{"loc":{"start":{"line":378,"column":4},"end":{"line":383,"column":5}},"type":"if","locations":[{"start":{"line":378,"column":4},"end":{"line":383,"column":5}},{"start":{"line":378,"column":4},"end":{"line":383,"column":5}}],"line":378},"31":{"loc":{"start":{"line":395,"column":6},"end":{"line":399,"column":7}},"type":"if","locations":[{"start":{"line":395,"column":6},"end":{"line":399,"column":7}},{"start":{"line":395,"column":6},"end":{"line":399,"column":7}}],"line":395},"32":{"loc":{"start":{"line":401,"column":6},"end":{"line":405,"column":7}},"type":"if","locations":[{"start":{"line":401,"column":6},"end":{"line":405,"column":7}},{"start":{"line":401,"column":6},"end":{"line":405,"column":7}}],"line":401},"33":{"loc":{"start":{"line":416,"column":6},"end":{"line":420,"column":7}},"type":"if","locations":[{"start":{"line":416,"column":6},"end":{"line":420,"column":7}},{"start":{"line":416,"column":6},"end":{"line":420,"column":7}}],"line":416},"34":{"loc":{"start":{"line":422,"column":6},"end":{"line":426,"column":7}},"type":"if","locations":[{"start":{"line":422,"column":6},"end":{"line":426,"column":7}},{"start":{"line":422,"column":6},"end":{"line":426,"column":7}}],"line":422},"35":{"loc":{"start":{"line":437,"column":4},"end":{"line":441,"column":5}},"type":"if","locations":[{"start":{"line":437,"column":4},"end":{"line":441,"column":5}},{"start":{"line":437,"column":4},"end":{"line":441,"column":5}}],"line":437},"36":{"loc":{"start":{"line":443,"column":4},"end":{"line":447,"column":5}},"type":"if","locations":[{"start":{"line":443,"column":4},"end":{"line":447,"column":5}},{"start":{"line":443,"column":4},"end":{"line":447,"column":5}}],"line":443}},"s":{"0":3,"1":3,"2":2,"3":2,"4":2,"5":1,"6":1,"7":0,"8":1,"9":1,"10":0,"11":3,"12":1,"13":1,"14":1,"15":0,"16":1,"17":1,"18":0,"19":3,"20":3,"21":3,"22":3,"23":0,"24":3,"25":1,"26":2,"27":1,"28":1,"29":3,"30":2,"31":2,"32":2,"33":0,"34":2,"35":1,"36":1,"37":1,"38":0,"39":3,"40":1,"41":1,"42":1,"43":0,"44":1,"45":1,"46":0,"47":3,"48":1,"49":1,"50":1,"51":0,"52":1,"53":1,"54":0,"55":3,"56":1,"57":1,"58":1,"59":0,"60":1,"61":1,"62":0,"63":3,"64":1,"65":1,"66":1,"67":0,"68":1,"69":1,"70":0,"71":3,"72":3,"73":3,"74":3,"75":0,"76":3,"77":3,"78":0,"79":3,"80":1,"81":1,"82":1,"83":0,"84":1,"85":1,"86":0,"87":3,"88":1,"89":1,"90":1,"91":0,"92":1,"93":1,"94":0,"95":3,"96":1,"97":1,"98":1,"99":0,"100":1,"101":1,"102":0,"103":3,"104":2,"105":2,"106":2,"107":0,"108":2,"109":1,"110":1,"111":3,"112":1,"113":1,"114":1,"115":0,"116":1,"117":1,"118":0,"119":3,"120":1,"121":1,"122":1,"123":0,"124":1,"125":1,"126":0,"127":3,"128":1,"129":1,"130":1,"131":0,"132":1,"133":1,"134":0,"135":3,"136":1,"137":1,"138":1,"139":0,"140":1,"141":1,"142":0},"f":{"0":2,"1":1,"2":3,"3":2,"4":1,"5":1,"6":1,"7":1,"8":3,"9":1,"10":1,"11":1,"12":2,"13":1,"14":1,"15":1,"16":1},"b":{"0":[1,1],"1":[0,1],"2":[1,0],"3":[0,1],"4":[1,0],"5":[0,3],"6":[1,2],"7":[1,1],"8":[0,2],"9":[1,1],"10":[1,0],"11":[0,1],"12":[1,0],"13":[0,1],"14":[1,0],"15":[0,1],"16":[1,0],"17":[0,1],"18":[1,0],"19":[0,3],"20":[3,0],"21":[0,1],"22":[1,0],"23":[0,1],"24":[1,0],"25":[0,1],"26":[1,0],"27":[0,2],"28":[1,1],"29":[0,1],"30":[1,0],"31":[0,1],"32":[1,0],"33":[0,1],"34":[1,0],"35":[0,1],"36":[1,0]},"_coverageSchema":"1a1c01bbd47fc00a2c39e90264f33305004495a9","hash":"42632c238cf1ae167fe3f3664f3f5c4df723588e"}
,"D:\\STUDIES\\Web Dev\\Inventory\\src\\controllers\\auth.js": {"path":"D:\\STUDIES\\Web Dev\\Inventory\\src\\controllers\\auth.js","statementMap":{"0":{"start":{"line":1,"column":12},"end":{"line":1,"column":36}},"1":{"start":{"line":2,"column":14},"end":{"line":2,"column":40}},"2":{"start":{"line":4,"column":11},"end":{"line":4,"column":36}},"3":{"start":{"line":6,"column":0},"end":{"line":47,"column":2}},"4":{"start":{"line":8,"column":15},"end":{"line":8,"column":74}},"5":{"start":{"line":9,"column":17},"end":{"line":9,"column":52}},"6":{"start":{"line":10,"column":4},"end":{"line":16,"column":5}},"7":{"start":{"line":11,"column":8},"end":{"line":15,"column":11}},"8":{"start":{"line":18,"column":4},"end":{"line":23,"column":7}},"9":{"start":{"line":19,"column":4},"end":{"line":23,"column":7}},"10":{"start":{"line":25,"column":4},"end":{"line":31,"column":5}},"11":{"start":{"line":26,"column":8},"end":{"line":30,"column":11}},"12":{"start":{"line":33,"column":23},"end":{"line":36,"column":5}},"13":{"start":{"line":38,"column":18},"end":{"line":38,"column":62}},"14":{"start":{"line":39,"column":18},"end":{"line":39,"column":78}},"15":{"start":{"line":40,"column":13},"end":{"line":40,"column":136}},"16":{"start":{"line":41,"column":4},"end":{"line":46,"column":7}},"17":{"start":{"line":49,"column":0},"end":{"line":87,"column":1}},"18":{"start":{"line":50,"column":15},"end":{"line":50,"column":74}},"19":{"start":{"line":51,"column":17},"end":{"line":51,"column":44}},"20":{"start":{"line":52,"column":4},"end":{"line":58,"column":5}},"21":{"start":{"line":53,"column":8},"end":{"line":57,"column":13}},"22":{"start":{"line":60,"column":4},"end":{"line":66,"column":5}},"23":{"start":{"line":61,"column":8},"end":{"line":65,"column":13}},"24":{"start":{"line":68,"column":4},"end":{"line":81,"column":5}},"25":{"start":{"line":69,"column":27},"end":{"line":72,"column":9}},"26":{"start":{"line":74,"column":22},"end":{"line":74,"column":99}},"27":{"start":{"line":75,"column":22},"end":{"line":75,"column":82}},"28":{"start":{"line":76,"column":7},"end":{"line":80,"column":11}},"29":{"start":{"line":82,"column":8},"end":{"line":86,"column":13}},"30":{"start":{"line":89,"column":0},"end":{"line":120,"column":1}},"31":{"start":{"line":90,"column":15},"end":{"line":90,"column":74}},"32":{"start":{"line":91,"column":17},"end":{"line":91,"column":44}},"33":{"start":{"line":92,"column":4},"end":{"line":98,"column":5}},"34":{"start":{"line":93,"column":8},"end":{"line":97,"column":13}},"35":{"start":{"line":100,"column":4},"end":{"line":106,"column":5}},"36":{"start":{"line":101,"column":8},"end":{"line":105,"column":13}},"37":{"start":{"line":108,"column":4},"end":{"line":114,"column":5}},"38":{"start":{"line":109,"column":7},"end":{"line":113,"column":11}},"39":{"start":{"line":115,"column":8},"end":{"line":119,"column":13}},"40":{"start":{"line":122,"column":4},"end":{"line":159,"column":5}},"41":{"start":{"line":123,"column":19},"end":{"line":123,"column":78}},"42":{"start":{"line":124,"column":21},"end":{"line":124,"column":93}},"43":{"start":{"line":126,"column":8},"end":{"line":132,"column":9}},"44":{"start":{"line":127,"column":12},"end":{"line":131,"column":17}},"45":{"start":{"line":134,"column":8},"end":{"line":144,"column":9}},"46":{"start":{"line":135,"column":33},"end":{"line":138,"column":13}},"47":{"start":{"line":139,"column":12},"end":{"line":143,"column":15}},"48":{"start":{"line":146,"column":8},"end":{"line":152,"column":9}},"49":{"start":{"line":147,"column":12},"end":{"line":151,"column":17}},"50":{"start":{"line":153,"column":8},"end":{"line":157,"column":13}},"51":{"start":{"line":161,"column":0},"end":{"line":172,"column":1}},"52":{"start":{"line":162,"column":25},"end":{"line":165,"column":5}},"53":{"start":{"line":166,"column":4},"end":{"line":171,"column":7}}},"fnMap":{"0":{"name":"(anonymous_0)","decl":{"start":{"line":6,"column":15},"end":{"line":6,"column":16}},"loc":{"start":{"line":6,"column":32},"end":{"line":47,"column":1}},"line":6},"1":{"name":"(anonymous_1)","decl":{"start":{"line":49,"column":24},"end":{"line":49,"column":25}},"loc":{"start":{"line":49,"column":41},"end":{"line":87,"column":1}},"line":49},"2":{"name":"(anonymous_2)","decl":{"start":{"line":89,"column":30},"end":{"line":89,"column":31}},"loc":{"start":{"line":89,"column":47},"end":{"line":120,"column":1}},"line":89},"3":{"name":"(anonymous_3)","decl":{"start":{"line":122,"column":27},"end":{"line":122,"column":28}},"loc":{"start":{"line":122,"column":44},"end":{"line":159,"column":5}},"line":122},"4":{"name":"(anonymous_4)","decl":{"start":{"line":161,"column":15},"end":{"line":161,"column":16}},"loc":{"start":{"line":161,"column":26},"end":{"line":172,"column":1}},"line":161}},"branchMap":{"0":{"loc":{"start":{"line":10,"column":4},"end":{"line":16,"column":5}},"type":"if","locations":[{"start":{"line":10,"column":4},"end":{"line":16,"column":5}},{"start":{"line":10,"column":4},"end":{"line":16,"column":5}}],"line":10},"1":{"loc":{"start":{"line":18,"column":4},"end":{"line":23,"column":7}},"type":"if","locations":[{"start":{"line":18,"column":4},"end":{"line":23,"column":7}},{"start":{"line":18,"column":4},"end":{"line":23,"column":7}}],"line":18},"2":{"loc":{"start":{"line":25,"column":4},"end":{"line":31,"column":5}},"type":"if","locations":[{"start":{"line":25,"column":4},"end":{"line":31,"column":5}},{"start":{"line":25,"column":4},"end":{"line":31,"column":5}}],"line":25},"3":{"loc":{"start":{"line":52,"column":4},"end":{"line":58,"column":5}},"type":"if","locations":[{"start":{"line":52,"column":4},"end":{"line":58,"column":5}},{"start":{"line":52,"column":4},"end":{"line":58,"column":5}}],"line":52},"4":{"loc":{"start":{"line":60,"column":4},"end":{"line":66,"column":5}},"type":"if","locations":[{"start":{"line":60,"column":4},"end":{"line":66,"column":5}},{"start":{"line":60,"column":4},"end":{"line":66,"column":5}}],"line":60},"5":{"loc":{"start":{"line":68,"column":4},"end":{"line":81,"column":5}},"type":"if","locations":[{"start":{"line":68,"column":4},"end":{"line":81,"column":5}},{"start":{"line":68,"column":4},"end":{"line":81,"column":5}}],"line":68},"6":{"loc":{"start":{"line":92,"column":4},"end":{"line":98,"column":5}},"type":"if","locations":[{"start":{"line":92,"column":4},"end":{"line":98,"column":5}},{"start":{"line":92,"column":4},"end":{"line":98,"column":5}}],"line":92},"7":{"loc":{"start":{"line":100,"column":4},"end":{"line":106,"column":5}},"type":"if","locations":[{"start":{"line":100,"column":4},"end":{"line":106,"column":5}},{"start":{"line":100,"column":4},"end":{"line":106,"column":5}}],"line":100},"8":{"loc":{"start":{"line":108,"column":4},"end":{"line":114,"column":5}},"type":"if","locations":[{"start":{"line":108,"column":4},"end":{"line":114,"column":5}},{"start":{"line":108,"column":4},"end":{"line":114,"column":5}}],"line":108},"9":{"loc":{"start":{"line":126,"column":8},"end":{"line":132,"column":9}},"type":"if","locations":[{"start":{"line":126,"column":8},"end":{"line":132,"column":9}},{"start":{"line":126,"column":8},"end":{"line":132,"column":9}}],"line":126},"10":{"loc":{"start":{"line":134,"column":8},"end":{"line":144,"column":9}},"type":"if","locations":[{"start":{"line":134,"column":8},"end":{"line":144,"column":9}},{"start":{"line":134,"column":8},"end":{"line":144,"column":9}}],"line":134},"11":{"loc":{"start":{"line":146,"column":8},"end":{"line":152,"column":9}},"type":"if","locations":[{"start":{"line":146,"column":8},"end":{"line":152,"column":9}},{"start":{"line":146,"column":8},"end":{"line":152,"column":9}}],"line":146}},"s":{"0":3,"1":3,"2":3,"3":3,"4":0,"5":0,"6":0,"7":0,"8":0,"9":0,"10":0,"11":0,"12":0,"13":0,"14":0,"15":0,"16":0,"17":3,"18":0,"19":0,"20":0,"21":0,"22":0,"23":0,"24":0,"25":0,"26":0,"27":0,"28":0,"29":0,"30":3,"31":0,"32":0,"33":0,"34":0,"35":0,"36":0,"37":0,"38":0,"39":0,"40":3,"41":0,"42":0,"43":0,"44":0,"45":0,"46":0,"47":0,"48":0,"49":0,"50":0,"51":3,"52":0,"53":0},"f":{"0":0,"1":0,"2":0,"3":0,"4":0},"b":{"0":[0,0],"1":[0,0],"2":[0,0],"3":[0,0],"4":[0,0],"5":[0,0],"6":[0,0],"7":[0,0],"8":[0,0],"9":[0,0],"10":[0,0],"11":[0,0]},"_coverageSchema":"1a1c01bbd47fc00a2c39e90264f33305004495a9","hash":"3ff0a92e0b700f2e63f552377428df44c2e85d01"}
,"D:\\STUDIES\\Web Dev\\Inventory\\src\\controllers\\lecturer.js": {"path":"D:\\STUDIES\\Web Dev\\Inventory\\src\\controllers\\lecturer.js","statementMap":{"0":{"start":{"line":1,"column":16},"end":{"line":1,"column":45}},"1":{"start":{"line":3,"column":0},"end":{"line":28,"column":1}},"2":{"start":{"line":4,"column":20},"end":{"line":4,"column":106}},"3":{"start":{"line":5,"column":17},"end":{"line":5,"column":57}},"4":{"start":{"line":7,"column":4},"end":{"line":11,"column":5}},"5":{"start":{"line":8,"column":8},"end":{"line":10,"column":11}},"6":{"start":{"line":13,"column":4},"end":{"line":17,"column":5}},"7":{"start":{"line":14,"column":8},"end":{"line":16,"column":11}},"8":{"start":{"line":19,"column":4},"end":{"line":23,"column":5}},"9":{"start":{"line":20,"column":8},"end":{"line":22,"column":11}},"10":{"start":{"line":25,"column":4},"end":{"line":27,"column":7}},"11":{"start":{"line":30,"column":0},"end":{"line":55,"column":1}},"12":{"start":{"line":31,"column":20},"end":{"line":31,"column":106}},"13":{"start":{"line":32,"column":17},"end":{"line":32,"column":56}},"14":{"start":{"line":34,"column":4},"end":{"line":38,"column":5}},"15":{"start":{"line":35,"column":8},"end":{"line":37,"column":11}},"16":{"start":{"line":40,"column":4},"end":{"line":44,"column":5}},"17":{"start":{"line":41,"column":8},"end":{"line":43,"column":11}},"18":{"start":{"line":46,"column":4},"end":{"line":50,"column":5}},"19":{"start":{"line":47,"column":8},"end":{"line":49,"column":11}},"20":{"start":{"line":52,"column":4},"end":{"line":54,"column":7}},"21":{"start":{"line":57,"column":0},"end":{"line":76,"column":1}},"22":{"start":{"line":58,"column":20},"end":{"line":58,"column":106}},"23":{"start":{"line":59,"column":17},"end":{"line":59,"column":53}},"24":{"start":{"line":61,"column":4},"end":{"line":65,"column":5}},"25":{"start":{"line":62,"column":8},"end":{"line":64,"column":11}},"26":{"start":{"line":67,"column":4},"end":{"line":71,"column":5}},"27":{"start":{"line":68,"column":8},"end":{"line":70,"column":11}},"28":{"start":{"line":73,"column":4},"end":{"line":75,"column":7}},"29":{"start":{"line":78,"column":0},"end":{"line":97,"column":1}},"30":{"start":{"line":79,"column":20},"end":{"line":79,"column":106}},"31":{"start":{"line":80,"column":17},"end":{"line":80,"column":48}},"32":{"start":{"line":82,"column":4},"end":{"line":86,"column":5}},"33":{"start":{"line":83,"column":8},"end":{"line":85,"column":11}},"34":{"start":{"line":88,"column":4},"end":{"line":92,"column":5}},"35":{"start":{"line":89,"column":8},"end":{"line":91,"column":11}},"36":{"start":{"line":94,"column":4},"end":{"line":96,"column":7}},"37":{"start":{"line":99,"column":0},"end":{"line":118,"column":1}},"38":{"start":{"line":100,"column":20},"end":{"line":100,"column":106}},"39":{"start":{"line":101,"column":19},"end":{"line":101,"column":51}},"40":{"start":{"line":103,"column":4},"end":{"line":107,"column":5}},"41":{"start":{"line":104,"column":8},"end":{"line":106,"column":11}},"42":{"start":{"line":109,"column":4},"end":{"line":113,"column":5}},"43":{"start":{"line":110,"column":8},"end":{"line":112,"column":11}},"44":{"start":{"line":115,"column":4},"end":{"line":117,"column":6}},"45":{"start":{"line":120,"column":0},"end":{"line":139,"column":1}},"46":{"start":{"line":121,"column":20},"end":{"line":121,"column":106}},"47":{"start":{"line":122,"column":19},"end":{"line":122,"column":55}},"48":{"start":{"line":124,"column":4},"end":{"line":128,"column":5}},"49":{"start":{"line":125,"column":8},"end":{"line":127,"column":11}},"50":{"start":{"line":130,"column":4},"end":{"line":134,"column":5}},"51":{"start":{"line":131,"column":8},"end":{"line":133,"column":11}},"52":{"start":{"line":136,"column":4},"end":{"line":138,"column":6}},"53":{"start":{"line":141,"column":0},"end":{"line":160,"column":1}},"54":{"start":{"line":142,"column":20},"end":{"line":142,"column":106}},"55":{"start":{"line":143,"column":19},"end":{"line":143,"column":55}},"56":{"start":{"line":145,"column":4},"end":{"line":149,"column":5}},"57":{"start":{"line":146,"column":8},"end":{"line":148,"column":11}},"58":{"start":{"line":151,"column":4},"end":{"line":155,"column":5}},"59":{"start":{"line":152,"column":8},"end":{"line":154,"column":11}},"60":{"start":{"line":157,"column":4},"end":{"line":159,"column":6}},"61":{"start":{"line":162,"column":0},"end":{"line":181,"column":1}},"62":{"start":{"line":163,"column":20},"end":{"line":163,"column":106}},"63":{"start":{"line":164,"column":19},"end":{"line":164,"column":55}},"64":{"start":{"line":166,"column":4},"end":{"line":170,"column":5}},"65":{"start":{"line":167,"column":8},"end":{"line":169,"column":11}},"66":{"start":{"line":172,"column":4},"end":{"line":176,"column":5}},"67":{"start":{"line":173,"column":8},"end":{"line":175,"column":11}},"68":{"start":{"line":178,"column":4},"end":{"line":180,"column":6}},"69":{"start":{"line":183,"column":0},"end":{"line":202,"column":1}},"70":{"start":{"line":184,"column":20},"end":{"line":184,"column":106}},"71":{"start":{"line":185,"column":19},"end":{"line":185,"column":63}},"72":{"start":{"line":187,"column":4},"end":{"line":191,"column":5}},"73":{"start":{"line":188,"column":8},"end":{"line":190,"column":11}},"74":{"start":{"line":193,"column":4},"end":{"line":197,"column":5}},"75":{"start":{"line":194,"column":8},"end":{"line":196,"column":11}},"76":{"start":{"line":199,"column":4},"end":{"line":201,"column":6}}},"fnMap":{"0":{"name":"(anonymous_0)","decl":{"start":{"line":3,"column":18},"end":{"line":3,"column":19}},"loc":{"start":{"line":3,"column":34},"end":{"line":28,"column":1}},"line":3},"1":{"name":"(anonymous_1)","decl":{"start":{"line":30,"column":17},"end":{"line":30,"column":18}},"loc":{"start":{"line":30,"column":33},"end":{"line":55,"column":1}},"line":30},"2":{"name":"(anonymous_2)","decl":{"start":{"line":57,"column":30},"end":{"line":57,"column":31}},"loc":{"start":{"line":57,"column":46},"end":{"line":76,"column":1}},"line":57},"3":{"name":"(anonymous_3)","decl":{"start":{"line":78,"column":25},"end":{"line":78,"column":26}},"loc":{"start":{"line":78,"column":41},"end":{"line":97,"column":1}},"line":78},"4":{"name":"(anonymous_4)","decl":{"start":{"line":99,"column":24},"end":{"line":99,"column":25}},"loc":{"start":{"line":99,"column":41},"end":{"line":118,"column":1}},"line":99},"5":{"name":"(anonymous_5)","decl":{"start":{"line":120,"column":28},"end":{"line":120,"column":29}},"loc":{"start":{"line":120,"column":45},"end":{"line":139,"column":1}},"line":120},"6":{"name":"(anonymous_6)","decl":{"start":{"line":141,"column":28},"end":{"line":141,"column":29}},"loc":{"start":{"line":141,"column":45},"end":{"line":160,"column":1}},"line":141},"7":{"name":"(anonymous_7)","decl":{"start":{"line":162,"column":27},"end":{"line":162,"column":28}},"loc":{"start":{"line":162,"column":44},"end":{"line":181,"column":1}},"line":162},"8":{"name":"(anonymous_8)","decl":{"start":{"line":183,"column":20},"end":{"line":183,"column":21}},"loc":{"start":{"line":183,"column":37},"end":{"line":202,"column":1}},"line":183}},"branchMap":{"0":{"loc":{"start":{"line":7,"column":4},"end":{"line":11,"column":5}},"type":"if","locations":[{"start":{"line":7,"column":4},"end":{"line":11,"column":5}},{"start":{"line":7,"column":4},"end":{"line":11,"column":5}}],"line":7},"1":{"loc":{"start":{"line":13,"column":4},"end":{"line":17,"column":5}},"type":"if","locations":[{"start":{"line":13,"column":4},"end":{"line":17,"column":5}},{"start":{"line":13,"column":4},"end":{"line":17,"column":5}}],"line":13},"2":{"loc":{"start":{"line":19,"column":4},"end":{"line":23,"column":5}},"type":"if","locations":[{"start":{"line":19,"column":4},"end":{"line":23,"column":5}},{"start":{"line":19,"column":4},"end":{"line":23,"column":5}}],"line":19},"3":{"loc":{"start":{"line":34,"column":4},"end":{"line":38,"column":5}},"type":"if","locations":[{"start":{"line":34,"column":4},"end":{"line":38,"column":5}},{"start":{"line":34,"column":4},"end":{"line":38,"column":5}}],"line":34},"4":{"loc":{"start":{"line":40,"column":4},"end":{"line":44,"column":5}},"type":"if","locations":[{"start":{"line":40,"column":4},"end":{"line":44,"column":5}},{"start":{"line":40,"column":4},"end":{"line":44,"column":5}}],"line":40},"5":{"loc":{"start":{"line":46,"column":4},"end":{"line":50,"column":5}},"type":"if","locations":[{"start":{"line":46,"column":4},"end":{"line":50,"column":5}},{"start":{"line":46,"column":4},"end":{"line":50,"column":5}}],"line":46},"6":{"loc":{"start":{"line":61,"column":4},"end":{"line":65,"column":5}},"type":"if","locations":[{"start":{"line":61,"column":4},"end":{"line":65,"column":5}},{"start":{"line":61,"column":4},"end":{"line":65,"column":5}}],"line":61},"7":{"loc":{"start":{"line":67,"column":4},"end":{"line":71,"column":5}},"type":"if","locations":[{"start":{"line":67,"column":4},"end":{"line":71,"column":5}},{"start":{"line":67,"column":4},"end":{"line":71,"column":5}}],"line":67},"8":{"loc":{"start":{"line":82,"column":4},"end":{"line":86,"column":5}},"type":"if","locations":[{"start":{"line":82,"column":4},"end":{"line":86,"column":5}},{"start":{"line":82,"column":4},"end":{"line":86,"column":5}}],"line":82},"9":{"loc":{"start":{"line":88,"column":4},"end":{"line":92,"column":5}},"type":"if","locations":[{"start":{"line":88,"column":4},"end":{"line":92,"column":5}},{"start":{"line":88,"column":4},"end":{"line":92,"column":5}}],"line":88},"10":{"loc":{"start":{"line":103,"column":4},"end":{"line":107,"column":5}},"type":"if","locations":[{"start":{"line":103,"column":4},"end":{"line":107,"column":5}},{"start":{"line":103,"column":4},"end":{"line":107,"column":5}}],"line":103},"11":{"loc":{"start":{"line":109,"column":4},"end":{"line":113,"column":5}},"type":"if","locations":[{"start":{"line":109,"column":4},"end":{"line":113,"column":5}},{"start":{"line":109,"column":4},"end":{"line":113,"column":5}}],"line":109},"12":{"loc":{"start":{"line":124,"column":4},"end":{"line":128,"column":5}},"type":"if","locations":[{"start":{"line":124,"column":4},"end":{"line":128,"column":5}},{"start":{"line":124,"column":4},"end":{"line":128,"column":5}}],"line":124},"13":{"loc":{"start":{"line":130,"column":4},"end":{"line":134,"column":5}},"type":"if","locations":[{"start":{"line":130,"column":4},"end":{"line":134,"column":5}},{"start":{"line":130,"column":4},"end":{"line":134,"column":5}}],"line":130},"14":{"loc":{"start":{"line":145,"column":4},"end":{"line":149,"column":5}},"type":"if","locations":[{"start":{"line":145,"column":4},"end":{"line":149,"column":5}},{"start":{"line":145,"column":4},"end":{"line":149,"column":5}}],"line":145},"15":{"loc":{"start":{"line":151,"column":4},"end":{"line":155,"column":5}},"type":"if","locations":[{"start":{"line":151,"column":4},"end":{"line":155,"column":5}},{"start":{"line":151,"column":4},"end":{"line":155,"column":5}}],"line":151},"16":{"loc":{"start":{"line":166,"column":4},"end":{"line":170,"column":5}},"type":"if","locations":[{"start":{"line":166,"column":4},"end":{"line":170,"column":5}},{"start":{"line":166,"column":4},"end":{"line":170,"column":5}}],"line":166},"17":{"loc":{"start":{"line":172,"column":4},"end":{"line":176,"column":5}},"type":"if","locations":[{"start":{"line":172,"column":4},"end":{"line":176,"column":5}},{"start":{"line":172,"column":4},"end":{"line":176,"column":5}}],"line":172},"18":{"loc":{"start":{"line":187,"column":4},"end":{"line":191,"column":5}},"type":"if","locations":[{"start":{"line":187,"column":4},"end":{"line":191,"column":5}},{"start":{"line":187,"column":4},"end":{"line":191,"column":5}}],"line":187},"19":{"loc":{"start":{"line":193,"column":4},"end":{"line":197,"column":5}},"type":"if","locations":[{"start":{"line":193,"column":4},"end":{"line":197,"column":5}},{"start":{"line":193,"column":4},"end":{"line":197,"column":5}}],"line":193}},"s":{"0":3,"1":3,"2":1,"3":1,"4":1,"5":0,"6":1,"7":0,"8":1,"9":1,"10":0,"11":3,"12":1,"13":1,"14":1,"15":0,"16":1,"17":0,"18":1,"19":1,"20":0,"21":3,"22":1,"23":1,"24":1,"25":0,"26":1,"27":1,"28":0,"29":3,"30":1,"31":1,"32":1,"33":0,"34":1,"35":1,"36":0,"37":3,"38":1,"39":1,"40":1,"41":0,"42":1,"43":1,"44":0,"45":3,"46":1,"47":1,"48":1,"49":0,"50":1,"51":1,"52":0,"53":3,"54":1,"55":1,"56":1,"57":0,"58":1,"59":1,"60":0,"61":3,"62":1,"63":1,"64":1,"65":0,"66":1,"67":1,"68":0,"69":3,"70":1,"71":1,"72":1,"73":0,"74":1,"75":1,"76":0},"f":{"0":1,"1":1,"2":1,"3":1,"4":1,"5":1,"6":1,"7":1,"8":1},"b":{"0":[0,1],"1":[0,1],"2":[1,0],"3":[0,1],"4":[0,1],"5":[1,0],"6":[0,1],"7":[1,0],"8":[0,1],"9":[1,0],"10":[0,1],"11":[1,0],"12":[0,1],"13":[1,0],"14":[0,1],"15":[1,0],"16":[0,1],"17":[1,0],"18":[0,1],"19":[1,0]},"_coverageSchema":"1a1c01bbd47fc00a2c39e90264f33305004495a9","hash":"a8df6edc083f5ab27d284875a67be771be3626fa"}
,"D:\\STUDIES\\Web Dev\\Inventory\\src\\controllers\\student.js": {"path":"D:\\STUDIES\\Web Dev\\Inventory\\src\\controllers\\student.js","statementMap":{"0":{"start":{"line":1,"column":15},"end":{"line":1,"column":43}},"1":{"start":{"line":4,"column":0},"end":{"line":33,"column":1}},"2":{"start":{"line":5,"column":19},"end":{"line":5,"column":81}},"3":{"start":{"line":6,"column":19},"end":{"line":6,"column":129}},"4":{"start":{"line":8,"column":4},"end":{"line":14,"column":5}},"5":{"start":{"line":9,"column":8},"end":{"line":13,"column":11}},"6":{"start":{"line":16,"column":4},"end":{"line":22,"column":5}},"7":{"start":{"line":17,"column":8},"end":{"line":21,"column":11}},"8":{"start":{"line":24,"column":4},"end":{"line":28,"column":5}},"9":{"start":{"line":25,"column":8},"end":{"line":27,"column":11}},"10":{"start":{"line":30,"column":4},"end":{"line":32,"column":7}},"11":{"start":{"line":35,"column":0},"end":{"line":60,"column":1}},"12":{"start":{"line":36,"column":19},"end":{"line":36,"column":104}},"13":{"start":{"line":37,"column":19},"end":{"line":37,"column":152}},"14":{"start":{"line":39,"column":4},"end":{"line":43,"column":5}},"15":{"start":{"line":40,"column":8},"end":{"line":42,"column":11}},"16":{"start":{"line":45,"column":4},"end":{"line":49,"column":5}},"17":{"start":{"line":46,"column":8},"end":{"line":48,"column":11}},"18":{"start":{"line":51,"column":4},"end":{"line":55,"column":5}},"19":{"start":{"line":52,"column":8},"end":{"line":54,"column":11}},"20":{"start":{"line":57,"column":4},"end":{"line":59,"column":6}},"21":{"start":{"line":63,"column":0},"end":{"line":89,"column":1}},"22":{"start":{"line":64,"column":19},"end":{"line":64,"column":104}},"23":{"start":{"line":65,"column":19},"end":{"line":65,"column":82}},"24":{"start":{"line":67,"column":4},"end":{"line":71,"column":5}},"25":{"start":{"line":68,"column":8},"end":{"line":70,"column":11}},"26":{"start":{"line":73,"column":4},"end":{"line":77,"column":5}},"27":{"start":{"line":74,"column":8},"end":{"line":76,"column":11}},"28":{"start":{"line":79,"column":4},"end":{"line":83,"column":5}},"29":{"start":{"line":80,"column":8},"end":{"line":82,"column":11}},"30":{"start":{"line":85,"column":4},"end":{"line":88,"column":6}},"31":{"start":{"line":92,"column":0},"end":{"line":111,"column":1}},"32":{"start":{"line":93,"column":19},"end":{"line":93,"column":104}},"33":{"start":{"line":94,"column":19},"end":{"line":94,"column":52}},"34":{"start":{"line":96,"column":4},"end":{"line":100,"column":5}},"35":{"start":{"line":97,"column":8},"end":{"line":99,"column":11}},"36":{"start":{"line":102,"column":4},"end":{"line":106,"column":5}},"37":{"start":{"line":103,"column":8},"end":{"line":105,"column":11}},"38":{"start":{"line":108,"column":4},"end":{"line":110,"column":6}},"39":{"start":{"line":113,"column":0},"end":{"line":132,"column":1}},"40":{"start":{"line":114,"column":19},"end":{"line":114,"column":104}},"41":{"start":{"line":115,"column":19},"end":{"line":115,"column":49}},"42":{"start":{"line":117,"column":4},"end":{"line":121,"column":5}},"43":{"start":{"line":118,"column":8},"end":{"line":120,"column":11}},"44":{"start":{"line":123,"column":4},"end":{"line":127,"column":5}},"45":{"start":{"line":124,"column":8},"end":{"line":126,"column":11}},"46":{"start":{"line":129,"column":4},"end":{"line":131,"column":6}},"47":{"start":{"line":134,"column":0},"end":{"line":153,"column":1}},"48":{"start":{"line":135,"column":19},"end":{"line":135,"column":104}},"49":{"start":{"line":136,"column":19},"end":{"line":136,"column":62}},"50":{"start":{"line":138,"column":4},"end":{"line":142,"column":5}},"51":{"start":{"line":139,"column":8},"end":{"line":141,"column":11}},"52":{"start":{"line":144,"column":4},"end":{"line":148,"column":5}},"53":{"start":{"line":145,"column":8},"end":{"line":147,"column":11}},"54":{"start":{"line":150,"column":4},"end":{"line":152,"column":6}},"55":{"start":{"line":155,"column":0},"end":{"line":174,"column":1}},"56":{"start":{"line":156,"column":19},"end":{"line":156,"column":104}},"57":{"start":{"line":157,"column":19},"end":{"line":157,"column":54}},"58":{"start":{"line":159,"column":4},"end":{"line":163,"column":5}},"59":{"start":{"line":160,"column":8},"end":{"line":162,"column":11}},"60":{"start":{"line":165,"column":4},"end":{"line":169,"column":5}},"61":{"start":{"line":166,"column":8},"end":{"line":168,"column":11}},"62":{"start":{"line":171,"column":4},"end":{"line":173,"column":6}},"63":{"start":{"line":176,"column":0},"end":{"line":195,"column":1}},"64":{"start":{"line":177,"column":19},"end":{"line":177,"column":104}},"65":{"start":{"line":178,"column":19},"end":{"line":178,"column":83}},"66":{"start":{"line":180,"column":4},"end":{"line":184,"column":5}},"67":{"start":{"line":181,"column":8},"end":{"line":183,"column":11}},"68":{"start":{"line":186,"column":4},"end":{"line":190,"column":5}},"69":{"start":{"line":187,"column":8},"end":{"line":189,"column":11}},"70":{"start":{"line":192,"column":4},"end":{"line":194,"column":6}},"71":{"start":{"line":197,"column":0},"end":{"line":216,"column":1}},"72":{"start":{"line":198,"column":19},"end":{"line":198,"column":104}},"73":{"start":{"line":199,"column":17},"end":{"line":199,"column":47}},"74":{"start":{"line":201,"column":4},"end":{"line":205,"column":5}},"75":{"start":{"line":202,"column":8},"end":{"line":204,"column":11}},"76":{"start":{"line":207,"column":4},"end":{"line":211,"column":5}},"77":{"start":{"line":208,"column":8},"end":{"line":210,"column":11}},"78":{"start":{"line":213,"column":4},"end":{"line":215,"column":7}},"79":{"start":{"line":218,"column":0},"end":{"line":240,"column":1}},"80":{"start":{"line":219,"column":19},"end":{"line":219,"column":104}},"81":{"start":{"line":220,"column":17},"end":{"line":220,"column":40}},"82":{"start":{"line":222,"column":4},"end":{"line":227,"column":5}},"83":{"start":{"line":223,"column":8},"end":{"line":226,"column":11}},"84":{"start":{"line":229,"column":4},"end":{"line":234,"column":5}},"85":{"start":{"line":230,"column":8},"end":{"line":233,"column":11}},"86":{"start":{"line":236,"column":4},"end":{"line":239,"column":7}},"87":{"start":{"line":242,"column":0},"end":{"line":264,"column":1}},"88":{"start":{"line":243,"column":19},"end":{"line":243,"column":104}},"89":{"start":{"line":244,"column":17},"end":{"line":244,"column":45}},"90":{"start":{"line":246,"column":4},"end":{"line":251,"column":5}},"91":{"start":{"line":247,"column":8},"end":{"line":250,"column":11}},"92":{"start":{"line":253,"column":4},"end":{"line":258,"column":5}},"93":{"start":{"line":254,"column":8},"end":{"line":257,"column":11}},"94":{"start":{"line":260,"column":4},"end":{"line":263,"column":7}}},"fnMap":{"0":{"name":"(anonymous_0)","decl":{"start":{"line":4,"column":17},"end":{"line":4,"column":18}},"loc":{"start":{"line":4,"column":34},"end":{"line":33,"column":1}},"line":4},"1":{"name":"(anonymous_1)","decl":{"start":{"line":35,"column":26},"end":{"line":35,"column":27}},"loc":{"start":{"line":35,"column":43},"end":{"line":60,"column":1}},"line":35},"2":{"name":"(anonymous_2)","decl":{"start":{"line":63,"column":26},"end":{"line":63,"column":27}},"loc":{"start":{"line":63,"column":43},"end":{"line":89,"column":1}},"line":63},"3":{"name":"(anonymous_3)","decl":{"start":{"line":92,"column":26},"end":{"line":92,"column":27}},"loc":{"start":{"line":92,"column":43},"end":{"line":111,"column":1}},"line":92},"4":{"name":"(anonymous_4)","decl":{"start":{"line":113,"column":23},"end":{"line":113,"column":24}},"loc":{"start":{"line":113,"column":40},"end":{"line":132,"column":1}},"line":113},"5":{"name":"(anonymous_5)","decl":{"start":{"line":134,"column":20},"end":{"line":134,"column":21}},"loc":{"start":{"line":134,"column":37},"end":{"line":153,"column":1}},"line":134},"6":{"name":"(anonymous_6)","decl":{"start":{"line":155,"column":28},"end":{"line":155,"column":29}},"loc":{"start":{"line":155,"column":45},"end":{"line":174,"column":1}},"line":155},"7":{"name":"(anonymous_7)","decl":{"start":{"line":176,"column":26},"end":{"line":176,"column":27}},"loc":{"start":{"line":176,"column":43},"end":{"line":195,"column":1}},"line":176},"8":{"name":"(anonymous_8)","decl":{"start":{"line":197,"column":25},"end":{"line":197,"column":26}},"loc":{"start":{"line":197,"column":41},"end":{"line":216,"column":1}},"line":197},"9":{"name":"(anonymous_9)","decl":{"start":{"line":218,"column":18},"end":{"line":218,"column":19}},"loc":{"start":{"line":218,"column":34},"end":{"line":240,"column":1}},"line":218},"10":{"name":"(anonymous_10)","decl":{"start":{"line":242,"column":23},"end":{"line":242,"column":24}},"loc":{"start":{"line":242,"column":39},"end":{"line":264,"column":1}},"line":242}},"branchMap":{"0":{"loc":{"start":{"line":8,"column":4},"end":{"line":14,"column":5}},"type":"if","locations":[{"start":{"line":8,"column":4},"end":{"line":14,"column":5}},{"start":{"line":8,"column":4},"end":{"line":14,"column":5}}],"line":8},"1":{"loc":{"start":{"line":16,"column":4},"end":{"line":22,"column":5}},"type":"if","locations":[{"start":{"line":16,"column":4},"end":{"line":22,"column":5}},{"start":{"line":16,"column":4},"end":{"line":22,"column":5}}],"line":16},"2":{"loc":{"start":{"line":24,"column":4},"end":{"line":28,"column":5}},"type":"if","locations":[{"start":{"line":24,"column":4},"end":{"line":28,"column":5}},{"start":{"line":24,"column":4},"end":{"line":28,"column":5}}],"line":24},"3":{"loc":{"start":{"line":39,"column":4},"end":{"line":43,"column":5}},"type":"if","locations":[{"start":{"line":39,"column":4},"end":{"line":43,"column":5}},{"start":{"line":39,"column":4},"end":{"line":43,"column":5}}],"line":39},"4":{"loc":{"start":{"line":45,"column":4},"end":{"line":49,"column":5}},"type":"if","locations":[{"start":{"line":45,"column":4},"end":{"line":49,"column":5}},{"start":{"line":45,"column":4},"end":{"line":49,"column":5}}],"line":45},"5":{"loc":{"start":{"line":51,"column":4},"end":{"line":55,"column":5}},"type":"if","locations":[{"start":{"line":51,"column":4},"end":{"line":55,"column":5}},{"start":{"line":51,"column":4},"end":{"line":55,"column":5}}],"line":51},"6":{"loc":{"start":{"line":67,"column":4},"end":{"line":71,"column":5}},"type":"if","locations":[{"start":{"line":67,"column":4},"end":{"line":71,"column":5}},{"start":{"line":67,"column":4},"end":{"line":71,"column":5}}],"line":67},"7":{"loc":{"start":{"line":73,"column":4},"end":{"line":77,"column":5}},"type":"if","locations":[{"start":{"line":73,"column":4},"end":{"line":77,"column":5}},{"start":{"line":73,"column":4},"end":{"line":77,"column":5}}],"line":73},"8":{"loc":{"start":{"line":79,"column":4},"end":{"line":83,"column":5}},"type":"if","locations":[{"start":{"line":79,"column":4},"end":{"line":83,"column":5}},{"start":{"line":79,"column":4},"end":{"line":83,"column":5}}],"line":79},"9":{"loc":{"start":{"line":86,"column":12},"end":{"line":86,"column":45}},"type":"cond-expr","locations":[{"start":{"line":86,"column":25},"end":{"line":86,"column":35}},{"start":{"line":86,"column":37},"end":{"line":86,"column":45}}],"line":86},"10":{"loc":{"start":{"line":96,"column":4},"end":{"line":100,"column":5}},"type":"if","locations":[{"start":{"line":96,"column":4},"end":{"line":100,"column":5}},{"start":{"line":96,"column":4},"end":{"line":100,"column":5}}],"line":96},"11":{"loc":{"start":{"line":102,"column":4},"end":{"line":106,"column":5}},"type":"if","locations":[{"start":{"line":102,"column":4},"end":{"line":106,"column":5}},{"start":{"line":102,"column":4},"end":{"line":106,"column":5}}],"line":102},"12":{"loc":{"start":{"line":117,"column":4},"end":{"line":121,"column":5}},"type":"if","locations":[{"start":{"line":117,"column":4},"end":{"line":121,"column":5}},{"start":{"line":117,"column":4},"end":{"line":121,"column":5}}],"line":117},"13":{"loc":{"start":{"line":123,"column":4},"end":{"line":127,"column":5}},"type":"if","locations":[{"start":{"line":123,"column":4},"end":{"line":127,"column":5}},{"start":{"line":123,"column":4},"end":{"line":127,"column":5}}],"line":123},"14":{"loc":{"start":{"line":138,"column":4},"end":{"line":142,"column":5}},"type":"if","locations":[{"start":{"line":138,"column":4},"end":{"line":142,"column":5}},{"start":{"line":138,"column":4},"end":{"line":142,"column":5}}],"line":138},"15":{"loc":{"start":{"line":144,"column":4},"end":{"line":148,"column":5}},"type":"if","locations":[{"start":{"line":144,"column":4},"end":{"line":148,"column":5}},{"start":{"line":144,"column":4},"end":{"line":148,"column":5}}],"line":144},"16":{"loc":{"start":{"line":159,"column":4},"end":{"line":163,"column":5}},"type":"if","locations":[{"start":{"line":159,"column":4},"end":{"line":163,"column":5}},{"start":{"line":159,"column":4},"end":{"line":163,"column":5}}],"line":159},"17":{"loc":{"start":{"line":165,"column":4},"end":{"line":169,"column":5}},"type":"if","locations":[{"start":{"line":165,"column":4},"end":{"line":169,"column":5}},{"start":{"line":165,"column":4},"end":{"line":169,"column":5}}],"line":165},"18":{"loc":{"start":{"line":180,"column":4},"end":{"line":184,"column":5}},"type":"if","locations":[{"start":{"line":180,"column":4},"end":{"line":184,"column":5}},{"start":{"line":180,"column":4},"end":{"line":184,"column":5}}],"line":180},"19":{"loc":{"start":{"line":186,"column":4},"end":{"line":190,"column":5}},"type":"if","locations":[{"start":{"line":186,"column":4},"end":{"line":190,"column":5}},{"start":{"line":186,"column":4},"end":{"line":190,"column":5}}],"line":186},"20":{"loc":{"start":{"line":201,"column":4},"end":{"line":205,"column":5}},"type":"if","locations":[{"start":{"line":201,"column":4},"end":{"line":205,"column":5}},{"start":{"line":201,"column":4},"end":{"line":205,"column":5}}],"line":201},"21":{"loc":{"start":{"line":207,"column":4},"end":{"line":211,"column":5}},"type":"if","locations":[{"start":{"line":207,"column":4},"end":{"line":211,"column":5}},{"start":{"line":207,"column":4},"end":{"line":211,"column":5}}],"line":207},"22":{"loc":{"start":{"line":222,"column":4},"end":{"line":227,"column":5}},"type":"if","locations":[{"start":{"line":222,"column":4},"end":{"line":227,"column":5}},{"start":{"line":222,"column":4},"end":{"line":227,"column":5}}],"line":222},"23":{"loc":{"start":{"line":229,"column":4},"end":{"line":234,"column":5}},"type":"if","locations":[{"start":{"line":229,"column":4},"end":{"line":234,"column":5}},{"start":{"line":229,"column":4},"end":{"line":234,"column":5}}],"line":229},"24":{"loc":{"start":{"line":246,"column":4},"end":{"line":251,"column":5}},"type":"if","locations":[{"start":{"line":246,"column":4},"end":{"line":251,"column":5}},{"start":{"line":246,"column":4},"end":{"line":251,"column":5}}],"line":246},"25":{"loc":{"start":{"line":253,"column":4},"end":{"line":258,"column":5}},"type":"if","locations":[{"start":{"line":253,"column":4},"end":{"line":258,"column":5}},{"start":{"line":253,"column":4},"end":{"line":258,"column":5}}],"line":253}},"s":{"0":4,"1":4,"2":1,"3":1,"4":1,"5":0,"6":1,"7":0,"8":1,"9":1,"10":0,"11":4,"12":0,"13":0,"14":0,"15":0,"16":0,"17":0,"18":0,"19":0,"20":0,"21":4,"22":0,"23":0,"24":0,"25":0,"26":0,"27":0,"28":0,"29":0,"30":0,"31":4,"32":1,"33":1,"34":1,"35":0,"36":1,"37":1,"38":0,"39":4,"40":1,"41":1,"42":1,"43":0,"44":1,"45":1,"46":0,"47":4,"48":1,"49":1,"50":1,"51":0,"52":1,"53":1,"54":0,"55":4,"56":1,"57":1,"58":1,"59":0,"60":1,"61":1,"62":0,"63":4,"64":2,"65":2,"66":2,"67":0,"68":2,"69":2,"70":0,"71":4,"72":1,"73":1,"74":1,"75":0,"76":1,"77":1,"78":0,"79":4,"80":1,"81":1,"82":1,"83":0,"84":1,"85":1,"86":0,"87":4,"88":1,"89":1,"90":1,"91":0,"92":1,"93":1,"94":0},"f":{"0":1,"1":0,"2":0,"3":1,"4":1,"5":1,"6":1,"7":2,"8":1,"9":1,"10":1},"b":{"0":[0,1],"1":[0,1],"2":[1,0],"3":[0,0],"4":[0,0],"5":[0,0],"6":[0,0],"7":[0,0],"8":[0,0],"9":[0,0],"10":[0,1],"11":[1,0],"12":[0,1],"13":[1,0],"14":[0,1],"15":[1,0],"16":[0,1],"17":[1,0],"18":[0,2],"19":[2,0],"20":[0,1],"21":[1,0],"22":[0,1],"23":[1,0],"24":[0,1],"25":[1,0]},"_coverageSchema":"1a1c01bbd47fc00a2c39e90264f33305004495a9","hash":"2cc679b3c677d87e8f4c436a363d183822715b0b"}
,"D:\\STUDIES\\Web Dev\\Inventory\\src\\controllers\\technicalOfficer.js": {"path":"D:\\STUDIES\\Web Dev\\Inventory\\src\\controllers\\technicalOfficer.js","statementMap":{"0":{"start":{"line":1,"column":25},"end":{"line":1,"column":62}},"1":{"start":{"line":2,"column":14},"end":{"line":2,"column":39}},"2":{"start":{"line":4,"column":0},"end":{"line":38,"column":2}},"3":{"start":{"line":5,"column":13},"end":{"line":9,"column":4}},"4":{"start":{"line":11,"column":17},"end":{"line":14,"column":3}},"5":{"start":{"line":16,"column":2},"end":{"line":20,"column":3}},"6":{"start":{"line":17,"column":4},"end":{"line":19,"column":7}},"7":{"start":{"line":22,"column":2},"end":{"line":26,"column":3}},"8":{"start":{"line":23,"column":4},"end":{"line":25,"column":7}},"9":{"start":{"line":28,"column":2},"end":{"line":33,"column":3}},"10":{"start":{"line":29,"column":4},"end":{"line":32,"column":7}},"11":{"start":{"line":35,"column":2},"end":{"line":37,"column":5}},"12":{"start":{"line":40,"column":0},"end":{"line":60,"column":1}},"13":{"start":{"line":41,"column":12},"end":{"line":41,"column":105}},"14":{"start":{"line":42,"column":17},"end":{"line":42,"column":35}},"15":{"start":{"line":44,"column":4},"end":{"line":48,"column":5}},"16":{"start":{"line":45,"column":6},"end":{"line":47,"column":9}},"17":{"start":{"line":50,"column":4},"end":{"line":55,"column":5}},"18":{"start":{"line":51,"column":6},"end":{"line":54,"column":9}},"19":{"start":{"line":57,"column":4},"end":{"line":59,"column":7}},"20":{"start":{"line":62,"column":0},"end":{"line":81,"column":1}},"21":{"start":{"line":63,"column":12},"end":{"line":63,"column":105}},"22":{"start":{"line":64,"column":17},"end":{"line":64,"column":40}},"23":{"start":{"line":66,"column":4},"end":{"line":70,"column":5}},"24":{"start":{"line":67,"column":6},"end":{"line":69,"column":9}},"25":{"start":{"line":72,"column":4},"end":{"line":76,"column":5}},"26":{"start":{"line":73,"column":6},"end":{"line":75,"column":9}},"27":{"start":{"line":78,"column":4},"end":{"line":80,"column":7}},"28":{"start":{"line":83,"column":0},"end":{"line":102,"column":1}},"29":{"start":{"line":84,"column":12},"end":{"line":84,"column":105}},"30":{"start":{"line":85,"column":17},"end":{"line":85,"column":43}},"31":{"start":{"line":87,"column":4},"end":{"line":91,"column":5}},"32":{"start":{"line":88,"column":6},"end":{"line":90,"column":9}},"33":{"start":{"line":93,"column":4},"end":{"line":97,"column":5}},"34":{"start":{"line":94,"column":6},"end":{"line":96,"column":9}},"35":{"start":{"line":99,"column":4},"end":{"line":101,"column":7}},"36":{"start":{"line":104,"column":0},"end":{"line":135,"column":1}},"37":{"start":{"line":105,"column":14},"end":{"line":105,"column":107}},"38":{"start":{"line":106,"column":19},"end":{"line":106,"column":60}},"39":{"start":{"line":108,"column":4},"end":{"line":112,"column":7}},"40":{"start":{"line":109,"column":8},"end":{"line":111,"column":11}},"41":{"start":{"line":114,"column":6},"end":{"line":118,"column":7}},"42":{"start":{"line":115,"column":8},"end":{"line":117,"column":11}},"43":{"start":{"line":120,"column":6},"end":{"line":125,"column":7}},"44":{"start":{"line":121,"column":8},"end":{"line":124,"column":10}},"45":{"start":{"line":126,"column":6},"end":{"line":130,"column":7}},"46":{"start":{"line":127,"column":8},"end":{"line":129,"column":11}},"47":{"start":{"line":132,"column":6},"end":{"line":134,"column":9}},"48":{"start":{"line":137,"column":0},"end":{"line":168,"column":1}},"49":{"start":{"line":138,"column":12},"end":{"line":138,"column":105}},"50":{"start":{"line":139,"column":17},"end":{"line":139,"column":58}},"51":{"start":{"line":141,"column":2},"end":{"line":145,"column":5}},"52":{"start":{"line":142,"column":6},"end":{"line":144,"column":9}},"53":{"start":{"line":147,"column":4},"end":{"line":151,"column":5}},"54":{"start":{"line":148,"column":6},"end":{"line":150,"column":9}},"55":{"start":{"line":153,"column":4},"end":{"line":158,"column":5}},"56":{"start":{"line":154,"column":6},"end":{"line":157,"column":8}},"57":{"start":{"line":159,"column":4},"end":{"line":163,"column":5}},"58":{"start":{"line":160,"column":6},"end":{"line":162,"column":9}},"59":{"start":{"line":165,"column":4},"end":{"line":167,"column":7}},"60":{"start":{"line":170,"column":0},"end":{"line":201,"column":1}},"61":{"start":{"line":171,"column":12},"end":{"line":171,"column":105}},"62":{"start":{"line":172,"column":17},"end":{"line":172,"column":58}},"63":{"start":{"line":174,"column":2},"end":{"line":178,"column":5}},"64":{"start":{"line":175,"column":6},"end":{"line":177,"column":9}},"65":{"start":{"line":180,"column":4},"end":{"line":184,"column":5}},"66":{"start":{"line":181,"column":6},"end":{"line":183,"column":9}},"67":{"start":{"line":186,"column":4},"end":{"line":191,"column":5}},"68":{"start":{"line":187,"column":6},"end":{"line":190,"column":8}},"69":{"start":{"line":192,"column":4},"end":{"line":196,"column":5}},"70":{"start":{"line":193,"column":6},"end":{"line":195,"column":9}},"71":{"start":{"line":198,"column":4},"end":{"line":200,"column":7}},"72":{"start":{"line":203,"column":0},"end":{"line":235,"column":1}},"73":{"start":{"line":204,"column":13},"end":{"line":204,"column":107}},"74":{"start":{"line":205,"column":18},"end":{"line":205,"column":74}},"75":{"start":{"line":207,"column":4},"end":{"line":211,"column":7}},"76":{"start":{"line":208,"column":8},"end":{"line":210,"column":11}},"77":{"start":{"line":213,"column":6},"end":{"line":217,"column":7}},"78":{"start":{"line":214,"column":8},"end":{"line":216,"column":11}},"79":{"start":{"line":219,"column":6},"end":{"line":224,"column":7}},"80":{"start":{"line":220,"column":8},"end":{"line":223,"column":10}},"81":{"start":{"line":226,"column":6},"end":{"line":230,"column":7}},"82":{"start":{"line":227,"column":8},"end":{"line":229,"column":11}},"83":{"start":{"line":232,"column":6},"end":{"line":234,"column":9}},"84":{"start":{"line":237,"column":0},"end":{"line":262,"column":1}},"85":{"start":{"line":238,"column":13},"end":{"line":238,"column":107}},"86":{"start":{"line":239,"column":18},"end":{"line":239,"column":76}},"87":{"start":{"line":241,"column":4},"end":{"line":245,"column":7}},"88":{"start":{"line":242,"column":8},"end":{"line":244,"column":11}},"89":{"start":{"line":247,"column":6},"end":{"line":251,"column":7}},"90":{"start":{"line":248,"column":8},"end":{"line":250,"column":11}},"91":{"start":{"line":253,"column":6},"end":{"line":257,"column":7}},"92":{"start":{"line":254,"column":8},"end":{"line":256,"column":11}},"93":{"start":{"line":259,"column":6},"end":{"line":261,"column":9}},"94":{"start":{"line":264,"column":0},"end":{"line":285,"column":1}},"95":{"start":{"line":265,"column":11},"end":{"line":265,"column":105}},"96":{"start":{"line":266,"column":16},"end":{"line":266,"column":40}},"97":{"start":{"line":269,"column":4},"end":{"line":273,"column":5}},"98":{"start":{"line":270,"column":6},"end":{"line":272,"column":9}},"99":{"start":{"line":275,"column":4},"end":{"line":280,"column":5}},"100":{"start":{"line":276,"column":6},"end":{"line":279,"column":9}},"101":{"start":{"line":282,"column":4},"end":{"line":284,"column":7}},"102":{"start":{"line":287,"column":0},"end":{"line":308,"column":1}},"103":{"start":{"line":288,"column":11},"end":{"line":288,"column":105}},"104":{"start":{"line":289,"column":16},"end":{"line":289,"column":49}},"105":{"start":{"line":292,"column":4},"end":{"line":296,"column":5}},"106":{"start":{"line":293,"column":6},"end":{"line":295,"column":9}},"107":{"start":{"line":298,"column":4},"end":{"line":303,"column":5}},"108":{"start":{"line":299,"column":6},"end":{"line":302,"column":9}},"109":{"start":{"line":305,"column":4},"end":{"line":307,"column":7}},"110":{"start":{"line":310,"column":0},"end":{"line":331,"column":1}},"111":{"start":{"line":311,"column":13},"end":{"line":311,"column":107}},"112":{"start":{"line":312,"column":18},"end":{"line":312,"column":54}},"113":{"start":{"line":315,"column":6},"end":{"line":319,"column":7}},"114":{"start":{"line":316,"column":8},"end":{"line":318,"column":11}},"115":{"start":{"line":321,"column":6},"end":{"line":326,"column":7}},"116":{"start":{"line":322,"column":8},"end":{"line":325,"column":11}},"117":{"start":{"line":328,"column":6},"end":{"line":330,"column":9}},"118":{"start":{"line":333,"column":0},"end":{"line":354,"column":1}},"119":{"start":{"line":334,"column":13},"end":{"line":334,"column":107}},"120":{"start":{"line":335,"column":18},"end":{"line":335,"column":42}},"121":{"start":{"line":338,"column":6},"end":{"line":342,"column":7}},"122":{"start":{"line":339,"column":8},"end":{"line":341,"column":11}},"123":{"start":{"line":344,"column":6},"end":{"line":349,"column":7}},"124":{"start":{"line":345,"column":8},"end":{"line":348,"column":11}},"125":{"start":{"line":351,"column":6},"end":{"line":353,"column":9}},"126":{"start":{"line":356,"column":0},"end":{"line":375,"column":1}},"127":{"start":{"line":357,"column":12},"end":{"line":357,"column":106}},"128":{"start":{"line":358,"column":17},"end":{"line":358,"column":47}},"129":{"start":{"line":360,"column":2},"end":{"line":364,"column":3}},"130":{"start":{"line":361,"column":6},"end":{"line":363,"column":9}},"131":{"start":{"line":366,"column":2},"end":{"line":370,"column":3}},"132":{"start":{"line":367,"column":6},"end":{"line":369,"column":9}},"133":{"start":{"line":372,"column":2},"end":{"line":374,"column":4}},"134":{"start":{"line":377,"column":0},"end":{"line":396,"column":1}},"135":{"start":{"line":378,"column":12},"end":{"line":378,"column":106}},"136":{"start":{"line":379,"column":15},"end":{"line":379,"column":40}},"137":{"start":{"line":381,"column":2},"end":{"line":385,"column":3}},"138":{"start":{"line":382,"column":6},"end":{"line":384,"column":9}},"139":{"start":{"line":387,"column":2},"end":{"line":391,"column":3}},"140":{"start":{"line":388,"column":6},"end":{"line":390,"column":9}},"141":{"start":{"line":393,"column":2},"end":{"line":395,"column":5}},"142":{"start":{"line":398,"column":0},"end":{"line":417,"column":1}},"143":{"start":{"line":399,"column":12},"end":{"line":399,"column":106}},"144":{"start":{"line":400,"column":17},"end":{"line":400,"column":75}},"145":{"start":{"line":402,"column":2},"end":{"line":406,"column":3}},"146":{"start":{"line":403,"column":6},"end":{"line":405,"column":9}},"147":{"start":{"line":408,"column":2},"end":{"line":412,"column":3}},"148":{"start":{"line":409,"column":6},"end":{"line":411,"column":9}},"149":{"start":{"line":414,"column":2},"end":{"line":416,"column":4}},"150":{"start":{"line":419,"column":0},"end":{"line":444,"column":1}},"151":{"start":{"line":420,"column":11},"end":{"line":420,"column":105}},"152":{"start":{"line":421,"column":16},"end":{"line":421,"column":71}},"153":{"start":{"line":423,"column":2},"end":{"line":427,"column":5}},"154":{"start":{"line":424,"column":6},"end":{"line":426,"column":9}},"155":{"start":{"line":429,"column":4},"end":{"line":433,"column":5}},"156":{"start":{"line":430,"column":6},"end":{"line":432,"column":9}},"157":{"start":{"line":435,"column":4},"end":{"line":439,"column":5}},"158":{"start":{"line":436,"column":6},"end":{"line":438,"column":9}},"159":{"start":{"line":441,"column":4},"end":{"line":443,"column":7}}},"fnMap":{"0":{"name":"(anonymous_0)","decl":{"start":{"line":4,"column":23},"end":{"line":4,"column":24}},"loc":{"start":{"line":4,"column":43},"end":{"line":38,"column":1}},"line":4},"1":{"name":"(anonymous_1)","decl":{"start":{"line":40,"column":17},"end":{"line":40,"column":18}},"loc":{"start":{"line":40,"column":34},"end":{"line":60,"column":1}},"line":40},"2":{"name":"(anonymous_2)","decl":{"start":{"line":62,"column":22},"end":{"line":62,"column":23}},"loc":{"start":{"line":62,"column":39},"end":{"line":81,"column":1}},"line":62},"3":{"name":"(anonymous_3)","decl":{"start":{"line":83,"column":25},"end":{"line":83,"column":26}},"loc":{"start":{"line":83,"column":42},"end":{"line":102,"column":1}},"line":83},"4":{"name":"(anonymous_4)","decl":{"start":{"line":104,"column":25},"end":{"line":104,"column":26}},"loc":{"start":{"line":104,"column":42},"end":{"line":135,"column":1}},"line":104},"5":{"name":"(anonymous_5)","decl":{"start":{"line":137,"column":25},"end":{"line":137,"column":26}},"loc":{"start":{"line":137,"column":42},"end":{"line":168,"column":1}},"line":137},"6":{"name":"(anonymous_6)","decl":{"start":{"line":170,"column":25},"end":{"line":170,"column":26}},"loc":{"start":{"line":170,"column":42},"end":{"line":201,"column":1}},"line":170},"7":{"name":"(anonymous_7)","decl":{"start":{"line":203,"column":28},"end":{"line":203,"column":29}},"loc":{"start":{"line":203,"column":45},"end":{"line":235,"column":1}},"line":203},"8":{"name":"(anonymous_8)","decl":{"start":{"line":237,"column":31},"end":{"line":237,"column":32}},"loc":{"start":{"line":237,"column":48},"end":{"line":262,"column":1}},"line":237},"9":{"name":"(anonymous_9)","decl":{"start":{"line":264,"column":24},"end":{"line":264,"column":25}},"loc":{"start":{"line":264,"column":41},"end":{"line":285,"column":1}},"line":264},"10":{"name":"(anonymous_10)","decl":{"start":{"line":287,"column":33},"end":{"line":287,"column":34}},"loc":{"start":{"line":287,"column":50},"end":{"line":308,"column":1}},"line":287},"11":{"name":"(anonymous_11)","decl":{"start":{"line":310,"column":33},"end":{"line":310,"column":34}},"loc":{"start":{"line":310,"column":50},"end":{"line":331,"column":1}},"line":310},"12":{"name":"(anonymous_12)","decl":{"start":{"line":333,"column":24},"end":{"line":333,"column":25}},"loc":{"start":{"line":333,"column":41},"end":{"line":354,"column":1}},"line":333},"13":{"name":"(anonymous_13)","decl":{"start":{"line":356,"column":26},"end":{"line":356,"column":27}},"loc":{"start":{"line":356,"column":43},"end":{"line":375,"column":1}},"line":356},"14":{"name":"(anonymous_14)","decl":{"start":{"line":377,"column":25},"end":{"line":377,"column":26}},"loc":{"start":{"line":377,"column":41},"end":{"line":396,"column":1}},"line":377},"15":{"name":"(anonymous_15)","decl":{"start":{"line":398,"column":25},"end":{"line":398,"column":26}},"loc":{"start":{"line":398,"column":42},"end":{"line":417,"column":1}},"line":398},"16":{"name":"(anonymous_16)","decl":{"start":{"line":419,"column":24},"end":{"line":419,"column":25}},"loc":{"start":{"line":419,"column":41},"end":{"line":444,"column":1}},"line":419}},"branchMap":{"0":{"loc":{"start":{"line":16,"column":2},"end":{"line":20,"column":3}},"type":"if","locations":[{"start":{"line":16,"column":2},"end":{"line":20,"column":3}},{"start":{"line":16,"column":2},"end":{"line":20,"column":3}}],"line":16},"1":{"loc":{"start":{"line":22,"column":2},"end":{"line":26,"column":3}},"type":"if","locations":[{"start":{"line":22,"column":2},"end":{"line":26,"column":3}},{"start":{"line":22,"column":2},"end":{"line":26,"column":3}}],"line":22},"2":{"loc":{"start":{"line":28,"column":2},"end":{"line":33,"column":3}},"type":"if","locations":[{"start":{"line":28,"column":2},"end":{"line":33,"column":3}},{"start":{"line":28,"column":2},"end":{"line":33,"column":3}}],"line":28},"3":{"loc":{"start":{"line":44,"column":4},"end":{"line":48,"column":5}},"type":"if","locations":[{"start":{"line":44,"column":4},"end":{"line":48,"column":5}},{"start":{"line":44,"column":4},"end":{"line":48,"column":5}}],"line":44},"4":{"loc":{"start":{"line":50,"column":4},"end":{"line":55,"column":5}},"type":"if","locations":[{"start":{"line":50,"column":4},"end":{"line":55,"column":5}},{"start":{"line":50,"column":4},"end":{"line":55,"column":5}}],"line":50},"5":{"loc":{"start":{"line":66,"column":4},"end":{"line":70,"column":5}},"type":"if","locations":[{"start":{"line":66,"column":4},"end":{"line":70,"column":5}},{"start":{"line":66,"column":4},"end":{"line":70,"column":5}}],"line":66},"6":{"loc":{"start":{"line":72,"column":4},"end":{"line":76,"column":5}},"type":"if","locations":[{"start":{"line":72,"column":4},"end":{"line":76,"column":5}},{"start":{"line":72,"column":4},"end":{"line":76,"column":5}}],"line":72},"7":{"loc":{"start":{"line":87,"column":4},"end":{"line":91,"column":5}},"type":"if","locations":[{"start":{"
[...]
:0},"end":{"line":193,"column":21}}},"fnMap":{"0":{"name":"(anonymous_0)","decl":{"start":{"line":22,"column":4},"end":{"line":22,"column":5}},"loc":{"start":{"line":22,"column":21},"end":{"line":29,"column":5}},"line":22},"1":{"name":"(anonymous_1)","decl":{"start":{"line":31,"column":4},"end":{"line":31,"column":5}},"loc":{"start":{"line":31,"column":25},"end":{"line":83,"column":5}},"line":31},"2":{"name":"(anonymous_2)","decl":{"start":{"line":44,"column":31},"end":{"line":44,"column":32}},"loc":{"start":{"line":45,"column":12},"end":{"line":45,"column":43}},"line":45},"3":{"name":"(anonymous_3)","decl":{"start":{"line":49,"column":31},"end":{"line":49,"column":32}},"loc":{"start":{"line":49,"column":43},"end":{"line":49,"column":74}},"line":49},"4":{"name":"(anonymous_4)","decl":{"start":{"line":56,"column":31},"end":{"line":56,"column":32}},"loc":{"start":{"line":56,"column":43},"end":{"line":56,"column":74}},"line":56},"5":{"name":"(anonymous_5)","decl":{"start":{"line":70,"column":31},"end":{"line":70,"column":32}},"loc":{"start":{"line":70,"column":42},"end":{"line":70,"column":102}},"line":70},"6":{"name":"(anonymous_6)","decl":{"start":{"line":73,"column":27},"end":{"line":73,"column":28}},"loc":{"start":{"line":73,"column":38},"end":{"line":82,"column":10}},"line":73},"7":{"name":"(anonymous_7)","decl":{"start":{"line":85,"column":4},"end":{"line":85,"column":5}},"loc":{"start":{"line":85,"column":26},"end":{"line":120,"column":5}},"line":85},"8":{"name":"(anonymous_8)","decl":{"start":{"line":93,"column":31},"end":{"line":93,"column":32}},"loc":{"start":{"line":93,"column":42},"end":{"line":95,"column":13}},"line":93},"9":{"name":"(anonymous_9)","decl":{"start":{"line":99,"column":31},"end":{"line":99,"column":32}},"loc":{"start":{"line":99,"column":42},"end":{"line":101,"column":13}},"line":99},"10":{"name":"(anonymous_10)","decl":{"start":{"line":105,"column":31},"end":{"line":105,"column":32}},"loc":{"start":{"line":105,"column":42},"end":{"line":107,"column":13}},"line":105},"11":{"name":"(anonymous_11)","decl":{"start":{"line":111,"column":31},"end":{"line":111,"column":32}},"loc":{"start":{"line":111,"column":42},"end":{"line":113,"column":13}},"line":111},"12":{"name":"(anonymous_12)","decl":{"start":{"line":117,"column":27},"end":{"line":117,"column":28}},"loc":{"start":{"line":117,"column":38},"end":{"line":119,"column":9}},"line":117},"13":{"name":"(anonymous_13)","decl":{"start":{"line":122,"column":4},"end":{"line":122,"column":5}},"loc":{"start":{"line":122,"column":53},"end":{"line":165,"column":5}},"line":122},"14":{"name":"(anonymous_14)","decl":{"start":{"line":126,"column":31},"end":{"line":126,"column":32}},"loc":{"start":{"line":126,"column":42},"end":{"line":128,"column":13}},"line":126},"15":{"name":"(anonymous_15)","decl":{"start":{"line":133,"column":22},"end":{"line":133,"column":23}},"loc":{"start":{"line":133,"column":33},"end":{"line":137,"column":9}},"line":133},"16":{"name":"(anonymous_16)","decl":{"start":{"line":145,"column":35},"end":{"line":145,"column":36}},"loc":{"start":{"line":145,"column":46},"end":{"line":147,"column":17}},"line":145},"17":{"name":"(anonymous_17)","decl":{"start":{"line":154,"column":35},"end":{"line":154,"column":36}},"loc":{"start":{"line":154,"column":46},"end":{"line":156,"column":17}},"line":154},"18":{"name":"(anonymous_18)","decl":{"start":{"line":158,"column":31},"end":{"line":158,"column":32}},"loc":{"start":{"line":158,"column":42},"end":{"line":160,"column":13}},"line":158},"19":{"name":"(anonymous_19)","decl":{"start":{"line":162,"column":27},"end":{"line":162,"column":28}},"loc":{"start":{"line":162,"column":38},"end":{"line":164,"column":9}},"line":162},"20":{"name":"(anonymous_20)","decl":{"start":{"line":167,"column":4},"end":{"line":167,"column":5}},"loc":{"start":{"line":167,"column":26},"end":{"line":190,"column":5}},"line":167},"21":{"name":"(anonymous_21)","decl":{"start":{"line":169,"column":31},"end":{"line":169,"column":32}},"loc":{"start":{"line":169,"column":42},"end":{"line":173,"column":13}},"line":169},"22":{"name":"(anonymous_22)","decl":{"start":{"line":179,"column":31},"end":{"line":179,"column":32}},"loc":{"start":{"line":179,"column":42},"end":{"line":181,"column":13}},"line":179},"23":{"name":"(anonymous_23)","decl":{"start":{"line":187,"column":27},"end":{"line":187,"column":28}},"loc":{"start":{"line":187,"column":38},"end":{"line":189,"column":9}},"line":187}},"branchMap":{"0":{"loc":{"start":{"line":42,"column":8},"end":{"line":46,"column":9}},"type":"if","locations":[{"start":{"line":42,"column":8},"end":{"line":46,"column":9}},{"start":{"line":42,"column":8},"end":{"line":46,"column":9}}],"line":42},"1":{"loc":{"start":{"line":48,"column":8},"end":{"line":50,"column":9}},"type":"if","locations":[{"start":{"line":48,"column":8},"end":{"line":50,"column":9}},{"start":{"line":48,"column":8},"end":{"line":50,"column":9}}],"line":48},"2":{"loc":{"start":{"line":55,"column":8},"end":{"line":57,"column":9}},"type":"if","locations":[{"start":{"line":55,"column":8},"end":{"line":57,"column":9}},{"start":{"line":55,"column":8},"end":{"line":57,"column":9}}],"line":55},"3":{"loc":{"start":{"line":55,"column":12},"end":{"line":55,"column":54}},"type":"binary-expr","locations":[{"start":{"line":55,"column":12},"end":{"line":55,"column":26}},{"start":{"line":55,"column":30},"end":{"line":55,"column":54}}],"line":55},"4":{"loc":{"start":{"line":69,"column":8},"end":{"line":71,"column":9}},"type":"if","locations":[{"start":{"line":69,"column":8},"end":{"line":71,"column":9}},{"start":{"line":69,"column":8},"end":{"line":71,"column":9}}],"line":69},"5":{"loc":{"start":{"line":92,"column":8},"end":{"line":96,"column":9}},"type":"if","locations":[{"start":{"line":92,"column":8},"end":{"line":96,"column":9}},{"start":{"line":92,"column":8},"end":{"line":96,"column":9}}],"line":92},"6":{"loc":{"start":{"line":98,"column":8},"end":{"line":102,"column":9}},"type":"if","locations":[{"start":{"line":98,"column":8},"end":{"line":102,"column":9}},{"start":{"line":98,"column":8},"end":{"line":102,"column":9}}],"line":98},"7":{"loc":{"start":{"line":104,"column":8},"end":{"line":108,"column":9}},"type":"if","locations":[{"start":{"line":104,"column":8},"end":{"line":108,"column":9}},{"start":{"line":104,"column":8},"end":{"line":108,"column":9}}],"line":104},"8":{"loc":{"start":{"line":110,"column":8},"end":{"line":114,"column":9}},"type":"if","locations":[{"start":{"line":110,"column":8},"end":{"line":114,"column":9}},{"start":{"line":110,"column":8},"end":{"line":114,"column":9}}],"line":110},"9":{"loc":{"start":{"line":125,"column":8},"end":{"line":129,"column":9}},"type":"if","locations":[{"start":{"line":125,"column":8},"end":{"line":129,"column":9}},{"start":{"line":125,"column":8},"end":{"line":129,"column":9}}],"line":125},"10":{"loc":{"start":{"line":125,"column":12},"end":{"line":125,"column":46}},"type":"binary-expr","locations":[{"start":{"line":125,"column":12},"end":{"line":125,"column":24}},{"start":{"line":125,"column":28},"end":{"line":125,"column":46}}],"line":125},"11":{"loc":{"start":{"line":134,"column":12},"end":{"line":136,"column":13}},"type":"if","locations":[{"start":{"line":134,"column":12},"end":{"line":136,"column":13}},{"start":{"line":134,"column":12},"end":{"line":136,"column":13}}],"line":134},"12":{"loc":{"start":{"line":139,"column":8},"end":{"line":139,"column":56}},"type":"if","locations":[{"start":{"line":139,"column":8},"end":{"line":139,"column":56}},{"start":{"line":139,"column":8},"end":{"line":139,"column":56}}],"line":139},"13":{"loc":{"start":{"line":140,"column":8},"end":{"line":161,"column":9}},"type":"if","locations":[{"start":{"line":140,"column":8},"end":{"line":161,"column":9}},{"start":{"line":140,"column":8},"end":{"line":161,"column":9}}],"line":140},"14":{"loc":{"start":{"line":144,"column":12},"end":{"line":148,"column":13}},"type":"if","locations":[{"start":{"line":144,"column":12},"end":{"line":148,"column":13}},{"start":{"line":144,"column":12},"end":{"line":148,"column":13}}],"line":144},"15":{"loc":{"start":{"line":153,"column":12},"end":{"line":157,"column":13}},"type":"if","locations":[{"start":{"line":153,"column":12},"end":{"line":157,"column":13}},{"start":{"line":153,"column":12},"end":{"line":157,"column":13}}],"line":153},"16":{"loc":{"start":{"line":168,"column":8},"end":{"line":174,"column":9}},"type":"if","locations":[{"start":{"line":168,"column":8},"end":{"line":174,"column":9}},{"start":{"line":168,"column":8},"end":{"line":174,"column":9}}],"line":168},"17":{"loc":{"start":{"line":178,"column":8},"end":{"line":182,"column":9}},"type":"if","locations":[{"start":{"line":178,"column":8},"end":{"line":182,"column":9}},{"start":{"line":178,"column":8},"end":{"line":182,"column":9}}],"line":178},"18":{"loc":{"start":{"line":178,"column":12},"end":{"line":178,"column":53}},"type":"binary-expr","locations":[{"start":{"line":178,"column":12},"end":{"line":178,"column":24}},{"start":{"line":178,"column":28},"end":{"line":178,"column":53}}],"line":178}},"s":{"0":8,"1":8,"2":8,"3":8,"4":8,"5":8,"6":8,"7":220,"8":220,"9":220,"10":220,"11":4,"12":4,"13":2,"14":2,"15":2,"16":0,"17":0,"18":2,"19":2,"20":0,"21":0,"22":2,"23":2,"24":2,"25":2,"26":2,"27":2,"28":2,"29":2,"30":2,"31":1,"32":1,"33":1,"34":1,"35":4,"36":4,"37":4,"38":1,"39":1,"40":3,"41":1,"42":1,"43":2,"44":2,"45":0,"46":0,"47":2,"48":1,"49":1,"50":1,"51":1,"52":1,"53":1,"54":0,"55":0,"56":0,"57":0,"58":0,"59":0,"60":0,"61":0,"62":0,"63":0,"64":0,"65":0,"66":0,"67":0,"68":0,"69":0,"70":0,"71":0,"72":0,"73":0,"74":0,"75":0,"76":0,"77":0,"78":0,"79":0,"80":5,"81":0,"82":0,"83":5,"84":5,"85":1,"86":1,"87":4,"88":4,"89":4,"90":4,"91":8},"f":{"0":220,"1":4,"2":2,"3":0,"4":0,"5":1,"6":1,"7":4,"8":1,"9":1,"10":0,"11":1,"12":1,"13":0,"14":0,"15":0,"16":0,"17":0,"18":0,"19":0,"20":5,"21":0,"22":1,"23":4},"b":{"0":[2,2],"1":[0,2],"2":[0,2],"3":[2,2],"4":[1,1],"5":[1,3],"6":[1,2],"7":[0,2],"8":[1,1],"9":[0,0],"10":[0,0],"11":[0,0],"12":[0,0],"13":[0,0],"14":[0,0],"15":[0,0],"16":[0,5],"17":[1,4],"18":[5,4]},"_coverageSchema":"1a1c01bbd47fc00a2c39e90264f33305004495a9","hash":"4cb8f3ebd75cb6a19075092f12bc003fe8cae3b0"}
,"D:\\STUDIES\\Web Dev\\Inventory\\src\\routes\\admin.js": {"path":"D:\\STUDIES\\Web Dev\\Inventory\\src\\routes\\admin.js","statementMap":{"0":{"start":{"line":1,"column":23},"end":{"line":1,"column":55}},"1":{"start":{"line":2,"column":21},"end":{"line":2,"column":60}},"2":{"start":{"line":3,"column":16},"end":{"line":3,"column":35}},"3":{"start":{"line":4,"column":15},"end":{"line":4,"column":31}},"4":{"start":{"line":6,"column":0},"end":{"line":6,"column":104}},"5":{"start":{"line":7,"column":0},"end":{"line":7,"column":108}},"6":{"start":{"line":8,"column":0},"end":{"line":8,"column":114}},"7":{"start":{"line":9,"column":0},"end":{"line":9,"column":120}},"8":{"start":{"line":10,"column":0},"end":{"line":10,"column":104}},"9":{"start":{"line":11,"column":0},"end":{"line":11,"column":115}},"10":{"start":{"line":12,"column":0},"end":{"line":12,"column":115}},"11":{"start":{"line":13,"column":0},"end":{"line":13,"column":110}},"12":{"start":{"line":14,"column":0},"end":{"line":14,"column":115}},"13":{"start":{"line":15,"column":0},"end":{"line":15,"column":111}},"14":{"start":{"line":16,"column":0},"end":{"line":16,"column":112}},"15":{"start":{"line":17,"column":0},"end":{"line":17,"column":99}},"16":{"start":{"line":18,"column":0},"end":{"line":18,"column":101}},"17":{"start":{"line":19,"column":0},"end":{"line":19,"column":119}},"18":{"start":{"line":20,"column":0},"end":{"line":20,"column":117}},"19":{"start":{"line":21,"column":0},"end":{"line":21,"column":111}},"20":{"start":{"line":22,"column":0},"end":{"line":22,"column":113}},"21":{"start":{"line":29,"column":0},"end":{"line":29,"column":23}}},"fnMap":{},"branchMap":{},"s":{"0":3,"1":3,"2":3,"3":3,"4":3,"5":3,"6":3,"7":3,"8":3,"9":3,"10":3,"11":3,"12":3,"13":3,"14":3,"15":3,"16":3,"17":3,"18":3,"19":3,"20":3,"21":3},"f":{},"b":{},"_coverageSchema":"1a1c01bbd47fc00a2c39e90264f33305004495a9","hash":"08be3f8fdfce3f4609ab54497075b7a93e077d10"}
,"D:\\STUDIES\\Web Dev\\Inventory\\src\\routes\\auth.js": {"path":"D:\\STUDIES\\Web Dev\\Inventory\\src\\routes\\auth.js","statementMap":{"0":{"start":{"line":1,"column":23},"end":{"line":1,"column":53}},"1":{"start":{"line":2,"column":22},"end":{"line":2,"column":61}},"2":{"start":{"line":3,"column":16},"end":{"line":3,"column":34}},"3":{"start":{"line":4,"column":15},"end":{"line":4,"column":31}},"4":{"start":{"line":6,"column":0},"end":{"line":6,"column":74}},"5":{"start":{"line":7,"column":0},"end":{"line":7,"column":73}},"6":{"start":{"line":8,"column":0},"end":{"line":8,"column":90}},"7":{"start":{"line":9,"column":0},"end":{"line":9,"column":102}},"8":{"start":{"line":10,"column":0},"end":{"line":10,"column":93}},"9":{"start":{"line":12,"column":0},"end":{"line":12,"column":22}}},"fnMap":{},"branchMap":{},"s":{"0":3,"1":3,"2":3,"3":3,"4":3,"5":3,"6":3,"7":3,"8":3,"9":3},"f":{},"b":{},"_coverageSchema":"1a1c01bbd47fc00a2c39e90264f33305004495a9","hash":"20c1fc9ff9f869f24dbf88549e44d11cf8e2ae2c"}
,"D:\\STUDIES\\Web Dev\\Inventory\\src\\routes\\lecturer.js": {"path":"D:\\STUDIES\\Web Dev\\Inventory\\src\\routes\\lecturer.js","statementMap":{"0":{"start":{"line":1,"column":15},"end":{"line":1,"column":33}},"1":{"start":{"line":2,"column":25},"end":{"line":2,"column":59}},"2":{"start":{"line":3,"column":20},"end":{"line":3,"column":59}},"3":{"start":{"line":5,"column":13},"end":{"line":5,"column":29}},"4":{"start":{"line":7,"column":0},"end":{"line":7,"column":116}},"5":{"start":{"line":8,"column":0},"end":{"line":8,"column":114}},"6":{"start":{"line":9,"column":0},"end":{"line":9,"column":130}},"7":{"start":{"line":10,"column":0},"end":{"line":10,"column":122}},"8":{"start":{"line":11,"column":0},"end":{"line":11,"column":123}},"9":{"start":{"line":12,"column":0},"end":{"line":12,"column":133}},"10":{"start":{"line":13,"column":0},"end":{"line":13,"column":133}},"11":{"start":{"line":14,"column":0},"end":{"line":14,"column":130}},"12":{"start":{"line":15,"column":0},"end":{"line":15,"column":123}},"13":{"start":{"line":17,"column":0},"end":{"line":17,"column":22}}},"fnMap":{},"branchMap":{},"s":{"0":3,"1":3,"2":3,"3":3,"4":3,"5":3,"6":3,"7":3,"8":3,"9":3,"10":3,"11":3,"12":3,"13":3},"f":{},"b":{},"_coverageSchema":"1a1c01bbd47fc00a2c39e90264f33305004495a9","hash":"4a759df9d7abba521228da5126b5c371951558b4"}
,"D:\\STUDIES\\Web Dev\\Inventory\\src\\routes\\student.js": {"path":"D:\\STUDIES\\Web Dev\\Inventory\\src\\routes\\student.js","statementMap":{"0":{"start":{"line":1,"column":14},"end":{"line":1,"column":32}},"1":{"start":{"line":2,"column":26},"end":{"line":2,"column":59}},"2":{"start":{"line":3,"column":21},"end":{"line":3,"column":60}},"3":{"start":{"line":5,"column":13},"end":{"line":5,"column":29}},"4":{"start":{"line":7,"column":0},"end":{"line":7,"column":78}},"5":{"start":{"line":8,"column":0},"end":{"line":8,"column":127}},"6":{"start":{"line":9,"column":0},"end":{"line":9,"column":127}},"7":{"start":{"line":10,"column":0},"end":{"line":10,"column":126}},"8":{"start":{"line":11,"column":0},"end":{"line":11,"column":120}},"9":{"start":{"line":12,"column":0},"end":{"line":12,"column":120}},"10":{"start":{"line":13,"column":0},"end":{"line":13,"column":121}},"11":{"start":{"line":14,"column":0},"end":{"line":14,"column":130}},"12":{"start":{"line":15,"column":0},"end":{"line":15,"column":120}},"13":{"start":{"line":16,"column":0},"end":{"line":16,"column":119}},"14":{"start":{"line":17,"column":0},"end":{"line":17,"column":109}},"15":{"start":{"line":20,"column":0},"end":{"line":20,"column":22}}},"fnMap":{},"branchMap":{},"s":{"0":3,"1":3,"2":3,"3":3,"4":3,"5":3,"6":3,"7":3,"8":3,"9":3,"10":3,"11":3,"12":3,"13":3,"14":3,"15":3},"f":{},"b":{},"_coverageSchema":"1a1c01bbd47fc00a2c39e90264f33305004495a9","hash":"ed046e70bd4ff1d101f94ca0199fb58241a0f71a"}
,"D:\\STUDIES\\Web Dev\\Inventory\\src\\routes\\technicalOfficer.js": {"path":"D:\\STUDIES\\Web Dev\\Inventory\\src\\routes\\technicalOfficer.js","statementMap":{"0":{"start":{"line":1,"column":15},"end":{"line":1,"column":33}},"1":{"start":{"line":2,"column":21},"end":{"line":2,"column":60}},"2":{"start":{"line":3,"column":19},"end":{"line":3,"column":61}},"3":{"start":{"line":5,"column":13},"end":{"line":5,"column":29}},"4":{"start":{"line":7,"column":0},"end":{"line":7,"column":121}},"5":{"start":{"line":8,"column":0},"end":{"line":8,"column":110}},"6":{"start":{"line":9,"column":0},"end":{"line":9,"column":120}},"7":{"start":{"line":10,"column":0},"end":{"line":10,"column":126}},"8":{"start":{"line":11,"column":0},"end":{"line":11,"column":133}},"9":{"start":{"line":12,"column":0},"end":{"line":12,"column":133}},"10":{"start":{"line":13,"column":0},"end":{"line":13,"column":133}},"11":{"start":{"line":14,"column":0},"end":{"line":14,"column":131}},"12":{"start":{"line":15,"column":0},"end":{"line":15,"column":132}},"13":{"start":{"line":16,"column":0},"end":{"line":16,"column":122}},"14":{"start":{"line":17,"column":0},"end":{"line":17,"column":137}},"15":{"start":{"line":18,"column":0},"end":{"line":18,"column":136}},"16":{"start":{"line":19,"column":0},"end":{"line":19,"column":122}},"17":{"start":{"line":20,"column":0},"end":{"line":20,"column":130}},"18":{"start":{"line":21,"column":0},"end":{"line":21,"column":124}},"19":{"start":{"line":22,"column":0},"end":{"line":22,"column":130}},"20":{"start":{"line":23,"column":0},"end":{"line":23,"column":122}},"21":{"start":{"line":25,"column":0},"end":{"line":25,"column":24}}},"fnMap":{},"branchMap":{},"s":{"0":3,"1":3,"2":3,"3":3,"4":3,"5":3,"6":3,"7":3,"8":3,"9":3,"10":3,"11":3,"12":3,"13":3,"14":3,"15":3,"16":3,"17":3,"18":3,"19":3,"20":3,"21":3},"f":{},"b":{},"_coverageSchema":"1a1c01bbd47fc00a2c39e90264f33305004495a9","hash":"a5db7cd477f3c21f80adf094011b486c3b3abd87"}
,"D:\\STUDIES\\Web Dev\\Inventory\\src\\utils\\Email.js": {"path":"D:\\STUDIES\\Web Dev\\Inventory\\src\\utils\\Email.js","statementMap":{"0":{"start":{"line":1,"column":19},"end":{"line":1,"column":40}},"1":{"start":{"line":2,"column":21},"end":{"line":2,"column":34}},"2":{"start":{"line":3,"column":15},"end":{"line":3,"column":32}},"3":{"start":{"line":4,"column":0},"end":{"line":4,"column":16}},"4":{"start":{"line":8,"column":4},"end":{"line":11,"column":6}},"5":{"start":{"line":15,"column":4},"end":{"line":31,"column":7}},"6":{"start":{"line":16,"column":6},"end":{"line":30,"column":8}},"7":{"start":{"line":27,"column":10},"end":{"line":27,"column":36}},"8":{"start":{"line":27,"column":19},"end":{"line":27,"column":36}},"9":{"start":{"line":28,"column":10},"end":{"line":28,"column":28}},"10":{"start":{"line":35,"column":0},"end":{"line":35,"column":23}}},"fnMap":{"0":{"name":"(anonymous_0)","decl":{"start":{"line":7,"column":2},"end":{"line":7,"column":3}},"loc":{"start":{"line":7,"column":16},"end":{"line":12,"column":3}},"line":7},"1":{"name":"(anonymous_1)","decl":{"start":{"line":14,"column":2},"end":{"line":14,"column":3}},"loc":{"start":{"line":14,"column":39},"end":{"line":32,"column":3}},"line":14},"2":{"name":"(anonymous_2)","decl":{"start":{"line":15,"column":23},"end":{"line":15,"column":24}},"loc":{"start":{"line":15,"column":36},"end":{"line":31,"column":5}},"line":15},"3":{"name":"(anonymous_3)","decl":{"start":{"line":26,"column":8},"end":{"line":26,"column":9}},"loc":{"start":{"line":26,"column":23},"end":{"line":29,"column":9}},"line":26}},"branchMap":{"0":{"loc":{"start":{"line":27,"column":10},"end":{"line":27,"column":36}},"type":"if","locations":[{"start":{"line":27,"column":10},"end":{"line":27,"column":36}},{"start":{"line":27,"column":10},"end":{"line":27,"column":36}}],"line":27}},"s":{"0":8,"1":8,"2":8,"3":8,"4":4,"5":4,"6":4,"7":1,"8":0,"9":1,"10":8},"f":{"0":4,"1":4,"2":4,"3":1},"b":{"0":[0,1]},"_coverageSchema":"1a1c01bbd47fc00a2c39e90264f33305004495a9","hash":"17835078b081ac4461b44dfd7bbf1ccf4617059b"}
}
