TN:
SF:src\controllers\student.js
FN:4,(anonymous_0)
FN:35,(anonymous_1)
FN:63,(anonymous_2)
FN:92,(anonymous_3)
FN:113,(anonymous_4)
FN:134,(anonymous_5)
FN:155,(anonymous_6)
FN:176,(anonymous_7)
FN:197,(anonymous_8)
FN:218,(anonymous_9)
FN:242,(anonymous_10)
FNF:11
FNH:0
FNDA:0,(anonymous_0)
FNDA:0,(anonymous_1)
FNDA:0,(anonymous_2)
FNDA:0,(anonymous_3)
FNDA:0,(anonymous_4)
FNDA:0,(anonymous_5)
FNDA:0,(anonymous_6)
FNDA:0,(anonymous_7)
FNDA:0,(anonymous_8)
FNDA:0,(anonymous_9)
FNDA:0,(anonymous_10)
DA:1,1
DA:4,1
DA:5,0
DA:6,0
DA:8,0
DA:9,0
DA:16,0
DA:17,0
DA:23,0
DA:24,0
DA:25,0
DA:30,0
DA:35,1
DA:36,0
DA:37,0
DA:39,0
DA:40,0
DA:45,0
DA:46,0
DA:51,0
DA:52,0
DA:57,0
DA:63,1
DA:64,0
DA:65,0
DA:66,0
DA:67,0
DA:68,0
DA:73,0
DA:74,0
DA:79,0
DA:80,0
DA:85,0
DA:92,1
DA:93,0
DA:94,0
DA:96,0
DA:97,0
DA:102,0
DA:103,0
DA:108,0
DA:113,1
DA:114,0
DA:115,0
DA:117,0
DA:118,0
DA:123,0
DA:124,0
DA:129,0
DA:134,1
DA:135,0
DA:136,0
DA:138,0
DA:139,0
DA:144,0
DA:145,0
DA:150,0
DA:155,1
DA:156,0
DA:157,0
DA:159,0
DA:160,0
DA:165,0
DA:166,0
DA:171,0
DA:176,1
DA:177,0
DA:178,0
DA:180,0
DA:181,0
DA:186,0
DA:187,0
DA:192,0
DA:197,1
DA:198,0
DA:199,0
DA:201,0
DA:202,0
DA:207,0
DA:208,0
DA:213,0
DA:218,1
DA:219,0
DA:220,0
DA:221,0
DA:222,0
DA:223,0
DA:229,0
DA:230,0
DA:236,0
DA:242,1
DA:243,0
DA:244,0
DA:245,0
DA:246,0
DA:247,0
DA:253,0
DA:254,0
DA:260,0
LF:99
LH:12
BRDA:8,0,0,0
BRDA:8,0,1,0
BRDA:16,1,0,0
BRDA:16,1,1,0
BRDA:24,2,0,0
BRDA:24,2,1,0
BRDA:39,3,0,0
BRDA:39,3,1,0
BRDA:45,4,0,0
BRDA:45,4,1,0
BRDA:51,5,0,0
BRDA:51,5,1,0
BRDA:67,6,0,0
BRDA:67,6,1,0
BRDA:73,7,0,0
BRDA:73,7,1,0
BRDA:79,8,0,0
BRDA:79,8,1,0
BRDA:86,9,0,0
BRDA:86,9,1,0
BRDA:96,10,0,0
BRDA:96,10,1,0
BRDA:102,11,0,0
BRDA:102,11,1,0
BRDA:117,12,0,0
BRDA:117,12,1,0
BRDA:123,13,0,0
BRDA:123,13,1,0
BRDA:138,14,0,0
BRDA:138,14,1,0
BRDA:144,15,0,0
BRDA:144,15,1,0
BRDA:159,16,0,0
BRDA:159,16,1,0
BRDA:165,17,0,0
BRDA:165,17,1,0
BRDA:180,18,0,0
BRDA:180,18,1,0
BRDA:186,19,0,0
BRDA:186,19,1,0
BRDA:201,20,0,0
BRDA:201,20,1,0
BRDA:207,21,0,0
BRDA:207,21,1,0
BRDA:222,22,0,0
BRDA:222,22,1,0
BRDA:229,23,0,0
BRDA:229,23,1,0
BRDA:246,24,0,0
BRDA:246,24,1,0
BRDA:253,25,0,0
BRDA:253,25,1,0
BRF:52
BRH:0
end_of_record
TN:
SF:src\database\database.js
FN:13,(anonymous_0)
FN:37,(anonymous_1)
FN:41,(anonymous_2)
FN:42,(anonymous_3)
FN:44,(anonymous_4)
FN:46,(anonymous_5)
FN:57,(anonymous_6)
FN:59,(anonymous_7)
FN:76,(anonymous_8)
FN:85,(anonymous_9)
FN:86,(anonymous_10)
FN:90,(anonymous_11)
FN:99,(anonymous_12)
FN:101,(anonymous_13)
FN:123,(anonymous_14)
FN:135,(anonymous_15)
FN:136,(anonymous_16)
FN:161,(anonymous_17)
FN:187,(anonymous_18)
FN:188,(anonymous_19)
FN:199,(anonymous_20)
FN:207,(anonymous_21)
FN:208,(anonymous_22)
FN:239,(anonymous_23)
FN:248,(anonymous_24)
FN:249,(anonymous_25)
FN:261,(anonymous_26)
FN:269,(anonymous_27)
FN:270,(anonymous_28)
FN:282,(anonymous_29)
FN:291,(anonymous_30)
FN:292,(anonymous_31)
FN:302,(anonymous_32)
FN:321,(anonymous_33)
FN:322,(anonymous_34)
FN:334,(anonymous_35)
FN:342,(anonymous_36)
FN:343,(anonymous_37)
FN:346,(anonymous_38)
FN:354,(anonymous_39)
FN:355,(anonymous_40)
FN:358,(anonymous_41)
FN:366,(anonymous_42)
FN:367,(anonymous_43)
FN:370,(anonymous_44)
FN:378,(anonymous_45)
FN:386,(anonymous_46)
FN:387,(anonymous_47)
FN:399,(anonymous_48)
FN:421,(anonymous_49)
FN:428,(anonymous_50)
FN:437,(anonymous_51)
FN:440,(anonymous_52)
FN:446,(anonymous_53)
FN:447,(anonymous_54)
FN:460,(anonymous_55)
FN:480,(anonymous_56)
FN:487,(anonymous_57)
FN:496,(anonymous_58)
FN:499,(anonymous_59)
FN:500,(anonymous_60)
FN:501,(anonymous_61)
FN:523,(anonymous_62)
FN:529,(anonymous_63)
FN:533,(anonymous_64)
FN:537,(anonymous_65)
FN:543,(anonymous_66)
FN:553,(anonymous_67)
FNF:68
FNH:0
FNDA:0,(anonymous_0)
FNDA:0,(anonymous_1)
FNDA:0,(anonymous_2)
FNDA:0,(anonymous_3)
FNDA:0,(anonymous_4)
FNDA:0,(anonymous_5)
FNDA:0,(anonymous_6)
FNDA:0,(anonymous_7)
FNDA:0,(anonymous_8)
FNDA:0,(anonymous_9)
FNDA:0,(anonymous_10)
FNDA:0,(anonymous_11)
FNDA:0,(anonymous_12)
FNDA:0,(anonymous_13)
FNDA:0,(anonymous_14)
FNDA:0,(anonymous_15)
FNDA:0,(anonymous_16)
FNDA:0,(anonymous_17)
FNDA:0,(anonymous_18)
FNDA:0,(anonymous_19)
FNDA:0,(anonymous_20)
FNDA:0,(anonymous_21)
FNDA:0,(anonymous_22)
FNDA:0,(anonymous_23)
FNDA:0,(anonymous_24)
FNDA:0,(anonymous_25)
FNDA:0,(anonymous_26)
FNDA:0,(anonymous_27)
FNDA:0,(anonymous_28)
FNDA:0,(anonymous_29)
FNDA:0,(anonymous_30)
FNDA:0,(anonymous_31)
FNDA:0,(anonymous_32)
FNDA:0,(anonymous_33)
FNDA:0,(anonymous_34)
FNDA:0,(anonymous_35)
FNDA:0,(anonymous_36)
FNDA:0,(anonymous_37)
FNDA:0,(anonymous_38)
FNDA:0,(anonymous_39)
FNDA:0,(anonymous_40)
FNDA:0,(anonymous_41)
FNDA:0,(anonymous_42)
FNDA:0,(anonymous_43)
FNDA:0,(anonymous_44)
FNDA:0,(anonymous_45)
FNDA:0,(anonymous_46)
FNDA:0,(anonymous_47)
FNDA:0,(anonymous_48)
FNDA:0,(anonymous_49)
FNDA:0,(anonymous_50)
FNDA:0,(anonymous_51)
FNDA:0,(anonymous_52)
FNDA:0,(anonymous_53)
FNDA:0,(anonymous_54)
FNDA:0,(anonymous_55)
FNDA:0,(anonymous_56)
FNDA:0,(anonymous_57)
FNDA:0,(anonymous_58)
FNDA:0,(anonymous_59)
FNDA:0,(anonymous_60)
FNDA:0,(anonymous_61)
FNDA:0,(anonymous_62)
FNDA:0,(anonymous_63)
FNDA:0,(anonymous_64)
FNDA:0,(anonymous_65)
FNDA:0,(anonymous_66)
FNDA:0,(anonymous_67)
DA:1,5
DA:2,5
DA:4,5
DA:5,5
DA:6,5
DA:7,5
DA:8,5
DA:10,5
DA:15,0
DA:25,0
DA:38,0
DA:42,0
DA:43,0
DA:44,0
DA:45,0
DA:46,0
DA:47,0
DA:50,0
DA:59,0
DA:61,0
DA:62,0
DA:63,0
DA:65,0
DA:72,0
DA:73,0
DA:75,0
DA:77,0
DA:78,0
DA:79,0
DA:86,0
DA:87,0
DA:88,0
DA:90,0
DA:91,0
DA:92,0
DA:93,0
DA:101,0
DA:103,0
DA:104,0
DA:112,0
DA:121,0
DA:122,0
DA:124,0
DA:125,0
DA:126,0
DA:127,0
DA:136,0
DA:138,0
DA:139,0
DA:148,0
DA:159,0
DA:161,0
DA:162,0
DA:163,0
DA:164,0
DA:188,0
DA:189,0
DA:198,0
DA:199,0
DA:200,0
DA:201,0
DA:202,0
DA:208,0
DA:210,0
DA:211,0
DA:226,0
DA:237,0
DA:238,0
DA:239,0
DA:240,0
DA:241,0
DA:242,0
DA:243,0
DA:249,0
DA:259,0
DA:260,0
DA:261,0
DA:262,0
DA:263,0
DA:264,0
DA:270,0
DA:271,0
DA:281,0
DA:282,0
DA:283,0
DA:284,0
DA:285,0
DA:292,0
DA:293,0
DA:300,0
DA:302,0
DA:303,0
DA:304,0
DA:306,0
DA:322,0
DA:324,0
DA:325,0
DA:328,0
DA:331,0
DA:332,0
DA:334,0
DA:335,0
DA:336,0
DA:337,0
DA:343,0
DA:344,0
DA:345,0
DA:346,0
DA:347,0
DA:348,0
DA:349,0
DA:355,0
DA:356,0
DA:357,0
DA:358,0
DA:359,0
DA:360,0
DA:361,0
DA:367,0
DA:368,0
DA:369,0
DA:370,0
DA:371,0
DA:372,0
DA:373,0
DA:386,0
DA:387,0
DA:388,0
DA:389,0
DA:390,0
DA:392,0
DA:393,0
DA:394,0
DA:396,0
DA:398,0
DA:402,0
DA:404,0
DA:407,0
DA:408,0
DA:418,0
DA:421,0
DA:422,0
DA:428,0
DA:431,0
DA:434,0
DA:436,0
DA:437,0
DA:446,0
DA:447,0
DA:448,0
DA:449,0
DA:450,0
DA:453,0
DA:454,0
DA:455,0
DA:457,0
DA:459,0
DA:463,0
DA:465,0
DA:468,0
DA:469,0
DA:477,0
DA:480,0
DA:481,0
DA:487,0
DA:490,0
DA:493,0
DA:495,0
DA:496,0
DA:500,0
DA:501,0
DA:502,0
DA:503,0
DA:504,0
DA:507,0
DA:508,0
DA:509,0
DA:514,0
DA:515,0
DA:516,0
DA:519,0
DA:520,0
DA:522,0
DA:523,0
DA:524,0
DA:525,0
DA:528,0
DA:530,0
DA:531,0
DA:532,0
DA:533,0
DA:534,0
DA:537,0
DA:538,0
DA:542,0
DA:543,0
DA:544,0
DA:545,0
DA:547,0
DA:550,0
DA:552,0
DA:553,0
DA:556,5
LF:203
LH:9
BRDA:62,0,0,0
BRDA:62,0,1,0
BRDA:103,1,0,0
BRDA:103,1,1,0
BRDA:135,2,0,0
BRDA:138,3,0,0
BRDA:138,3,1,0
BRDA:187,4,0,0
BRDA:187,5,0,0
BRDA:207,6,0,0
BRDA:207,7,0,0
BRDA:210,8,0,0
BRDA:210,8,1,0
BRDA:324,9,0,0
BRDA:324,9,1,0
BRDA:428,10,0,0
BRDA:428,10,1,0
BRDA:463,11,0,0
BRDA:463,11,1,0
BRDA:487,12,0,0
BRDA:487,12,1,0
BRDA:514,13,0,0
BRDA:514,13,1,0
BRDA:524,14,0,0
BRDA:524,14,1,0
BRDA:543,15,0,0
BRDA:543,15,1,0
BRF:27
BRH:0
end_of_record
TN:
SF:src\models\Admin.js
FN:12,(anonymous_0)
FN:16,(anonymous_1)
FN:30,(anonymous_2)
FN:34,(anonymous_3)
FN:40,(anonymous_4)
FN:43,(anonymous_5)
FN:46,(anonymous_6)
FN:53,(anonymous_7)
FN:56,(anonymous_8)
FN:62,(anonymous_9)
FN:64,(anonymous_10)
FN:67,(anonymous_11)
FN:86,(anonymous_12)
FN:90,(anonymous_13)
FN:109,(anonymous_14)
FN:115,(anonymous_15)
FN:119,(anonymous_16)
FN:121,(anonymous_17)
FN:128,(anonymous_18)
FN:131,(anonymous_19)
FN:134,(anonymous_20)
FN:144,(anonymous_21)
FN:150,(anonymous_22)
FN:160,(anonymous_23)
FN:166,(anonymous_24)
FN:169,(anonymous_25)
FN:171,(anonymous_26)
FN:177,(anonymous_27)
FN:180,(anonymous_28)
FN:183,(anonymous_29)
FN:185,(anonymous_30)
FN:191,(anonymous_31)
FN:194,(anonymous_32)
FN:197,(anonymous_33)
FN:200,(anonymous_34)
FN:202,(anonymous_35)
FN:208,(anonymous_36)
FN:211,(anonymous_37)
FN:214,(anonymous_38)
FN:216,(anonymous_39)
FN:222,(anonymous_40)
FN:225,(anonymous_41)
FN:228,(anonymous_42)
FN:230,(anonymous_43)
FN:236,(anonymous_44)
FN:239,(anonymous_45)
FN:243,(anonymous_46)
FN:245,(anonymous_47)
FN:251,(anonymous_48)
FN:254,(anonymous_49)
FN:258,(anonymous_50)
FN:262,(anonymous_51)
FN:264,(anonymous_52)
FN:268,(anonymous_53)
FN:276,(anonymous_54)
FN:279,(anonymous_55)
FN:282,(anonymous_56)
FN:284,(anonymous_57)
FN:292,(anonymous_58)
FN:295,(anonymous_59)
FN:307,(anonymous_60)
FN:311,(anonymous_61)
FN:313,(anonymous_62)
FN:321,(anonymous_63)
FN:332,(anonymous_64)
FN:344,(anonymous_65)
FN:347,(anonymous_66)
FN:349,(anonymous_67)
FN:361,(anonymous_68)
FN:375,(anonymous_69)
FN:389,(anonymous_70)
FN:398,(anonymous_71)
FN:401,(anonymous_72)
FN:403,(anonymous_73)
FN:411,(anonymous_74)
FN:423,(anonymous_75)
FN:431,(anonymous_76)
FN:437,(anonymous_77)
FNF:78
FNH:59
FNDA:47,(anonymous_0)
FNDA:6,(anonymous_1)
FNDA:0,(anonymous_2)
FNDA:4,(anonymous_3)
FNDA:1,(anonymous_4)
FNDA:1,(anonymous_5)
FNDA:5,(anonymous_6)
FNDA:0,(anonymous_7)
FNDA:3,(anonymous_8)
FNDA:1,(anonymous_9)
FNDA:1,(anonymous_10)
FNDA:4,(anonymous_11)
FNDA:2,(anonymous_12)
FNDA:0,(anonymous_13)
FNDA:1,(anonymous_14)
FNDA:1,(anonymous_15)
FNDA:2,(anonymous_16)
FNDA:0,(anonymous_17)
FNDA:1,(anonymous_18)
FNDA:1,(anonymous_19)
FNDA:4,(anonymous_20)
FNDA:2,(anonymous_21)
FNDA:0,(anonymous_22)
FNDA:1,(anonymous_23)
FNDA:1,(anonymous_24)
FNDA:2,(anonymous_25)
FNDA:0,(anonymous_26)
FNDA:1,(anonymous_27)
FNDA:1,(anonymous_28)
FNDA:2,(anonymous_29)
FNDA:0,(anonymous_30)
FNDA:1,(anonymous_31)
FNDA:1,(anonymous_32)
FNDA:1,(anonymous_33)
FNDA:2,(anonymous_34)
FNDA:0,(anonymous_35)
FNDA:1,(anonymous_36)
FNDA:1,(anonymous_37)
FNDA:2,(anonymous_38)
FNDA:0,(anonymous_39)
FNDA:1,(anonymous_40)
FNDA:1,(anonymous_41)
FNDA:2,(anonymous_42)
FNDA:0,(anonymous_43)
FNDA:1,(anonymous_44)
FNDA:1,(anonymous_45)
FNDA:2,(anonymous_46)
FNDA:0,(anonymous_47)
FNDA:1,(anonymous_48)
FNDA:1,(anonymous_49)
FNDA:1,(anonymous_50)
FNDA:4,(anonymous_51)
FNDA:0,(anonymous_52)
FNDA:1,(anonymous_53)
FNDA:2,(anonymous_54)
FNDA:1,(anonymous_55)
FNDA:2,(anonymous_56)
FNDA:0,(anonymous_57)
FNDA:1,(anonymous_58)
FNDA:0,(anonymous_59)
FNDA:1,(anonymous_60)
FNDA:2,(anonymous_61)
FNDA:0,(anonymous_62)
FNDA:1,(anonymous_63)
FNDA:1,(anonymous_64)
FNDA:1,(anonymous_65)
FNDA:2,(anonymous_66)
FNDA:0,(anonymous_67)
FNDA:1,(anonymous_68)
FNDA:0,(anonymous_69)
FNDA:0,(anonymous_70)
FNDA:1,(anonymous_71)
FNDA:4,(anonymous_72)
FNDA:0,(anonymous_73)
FNDA:2,(anonymous_74)
FNDA:1,(anonymous_75)
FNDA:1,(anonymous_76)
FNDA:1,(anonymous_77)
DA:1,1
DA:2,1
DA:3,1
DA:4,1
DA:5,1
DA:6,1
DA:7,1
DA:8,1
DA:13,47
DA:17,6
DA:29,6
DA:30,0
DA:33,6
DA:34,4
DA:37,2
DA:38,2
DA:39,2
DA:40,1
DA:43,1
DA:47,5
DA:52,5
DA:53,0
DA:55,5
DA:56,3
DA:58,2
DA:59,2
DA:60,2
DA:61,2
DA:62,1
DA:64,1
DA:68,4
DA:69,4
DA:85,4
DA:86,2
DA:89,2
DA:90,0
DA:93,2
DA:98,2
DA:99,2
DA:102,2
DA:105,2
DA:106,2
DA:108,2
DA:109,1
DA:112,1
DA:113,1
DA:115,1
DA:120,2
DA:121,0
DA:124,2
DA:125,2
DA:127,2
DA:128,1
DA:131,1
DA:135,4
DA:142,4
DA:143,4
DA:144,2
DA:145,2
DA:149,2
DA:150,0
DA:153,2
DA:155,2
DA:157,2
DA:158,1
DA:159,1
DA:160,1
DA:166,1
DA:170,2
DA:171,0
DA:174,2
DA:175,2
DA:176,2
DA:177,1
DA:180,1
DA:184,2
DA:185,0
DA:188,2
DA:189,2
DA:190,2
DA:191,1
DA:193,1
DA:194,1
DA:195,1
DA:197,1
DA:201,2
DA:202,0
DA:205,2
DA:206,2
DA:207,2
DA:208,1
DA:210,1
DA:211,1
DA:215,2
DA:216,0
DA:219,2
DA:220,2
DA:221,2
DA:222,1
DA:224,1
DA:225,1
DA:229,2
DA:230,0
DA:233,2
DA:234,2
DA:235,2
DA:236,1
DA:238,1
DA:239,1
DA:244,2
DA:245,0
DA:247,2
DA:248,2
DA:250,2
DA:251,1
DA:253,1
DA:254,1
DA:255,1
DA:257,1
DA:258,1
DA:263,4
DA:264,0
DA:266,4
DA:267,4
DA:268,1
DA:270,3
DA:271,3
DA:272,3
DA:273,3
DA:275,3
DA:276,2
DA:279,1
DA:283,2
DA:284,0
DA:286,2
DA:287,2
DA:288,2
DA:289,2
DA:290,2
DA:291,2
DA:292,1
DA:295,1
DA:296,0
DA:299,1
DA:307,1
DA:312,2
DA:313,0
DA:314,0
DA:318,2
DA:319,2
DA:320,2
DA:321,1
DA:326,1
DA:328,1
DA:330,1
DA:332,1
DA:333,1
DA:334,0
DA:336,1
DA:337,0
DA:340,1
DA:344,1
DA:348,2
DA:349,0
DA:350,0
DA:354,2
DA:360,2
DA:361,1
DA:366,1
DA:368,1
DA:374,1
DA:375,0
DA:380,1
DA:382,1
DA:388,1
DA:389,0
DA:394,1
DA:396,1
DA:398,1
DA:402,4
DA:403,0
DA:404,0
DA:408,4
DA:410,4
DA:411,2
DA:415,2
DA:416,2
DA:422,2
DA:423,1
DA:424,1
DA:428,1
DA:429,1
DA:430,1
DA:431,1
DA:432,1
DA:435,1
DA:437,1
DA:563,1
LF:198
LH:174
BRDA:29,0,0,0
BRDA:29,0,1,6
BRDA:33,1,0,4
BRDA:33,1,1,2
BRDA:39,2,0,1
BRDA:39,2,1,1
BRDA:52,3,0,0
BRDA:52,3,1,5
BRDA:55,4,0,3
BRDA:55,4,1,2
BRDA:61,5,0,1
BRDA:61,5,1,1
BRDA:85,6,0,2
BRDA:85,6,1,2
BRDA:89,7,0,0
BRDA:89,7,1,2
BRDA:108,8,0,1
BRDA:108,8,1,1
BRDA:120,9,0,0
BRDA:120,9,1,2
BRDA:127,10,0,1
BRDA:127,10,1,1
BRDA:143,11,0,2
BRDA:143,11,1,2
BRDA:149,12,0,0
BRDA:149,12,1,2
BRDA:157,13,0,1
BRDA:157,13,1,1
BRDA:158,14,0,0
BRDA:158,14,1,1
BRDA:170,15,0,0
BRDA:170,15,1,2
BRDA:176,16,0,1
BRDA:176,16,1,1
BRDA:184,17,0,0
BRDA:184,17,1,2
BRDA:190,18,0,1
BRDA:190,18,1,1
BRDA:201,19,0,0
BRDA:201,19,1,2
BRDA:207,20,0,1
BRDA:207,20,1,1
BRDA:215,21,0,0
BRDA:215,21,1,2
BRDA:221,22,0,1
BRDA:221,22,1,1
BRDA:229,23,0,0
BRDA:229,23,1,2
BRDA:235,24,0,1
BRDA:235,24,1,1
BRDA:244,25,0,0
BRDA:244,25,1,2
BRDA:250,26,0,1
BRDA:250,26,1,1
BRDA:263,27,0,0
BRDA:263,27,1,4
BRDA:267,28,0,1
BRDA:267,28,1,3
BRDA:275,29,0,2
BRDA:275,29,1,1
BRDA:283,30,0,0
BRDA:283,30,1,2
BRDA:291,31,0,1
BRDA:291,31,1,1
BRDA:291,32,0,2
BRDA:291,32,1,1
BRDA:291,32,2,1
BRDA:291,32,3,1
BRDA:312,33,0,0
BRDA:312,33,1,2
BRDA:320,34,0,1
BRDA:320,34,1,1
BRDA:320,35,0,2
BRDA:320,35,1,1
BRDA:333,36,0,0
BRDA:333,36,1,1
BRDA:336,37,0,0
BRDA:336,37,1,1
BRDA:348,38,0,0
BRDA:348,38,1,2
BRDA:360,39,0,1
BRDA:360,39,1,1
BRDA:360,40,0,2
BRDA:360,40,1,1
BRDA:374,41,0,0
BRDA:374,41,1,1
BRDA:374,42,0,1
BRDA:374,42,1,1
BRDA:388,43,0,0
BRDA:388,43,1,1
BRDA:388,44,0,1
BRDA:388,44,1,1
BRDA:402,45,0,0
BRDA:402,45,1,4
BRDA:410,46,0,2
BRDA:410,46,1,2
BRDA:410,47,0,4
BRDA:410,47,1,2
BRDA:422,48,0,1
BRDA:422,48,1,1
BRF:100
BRH:79
end_of_record
TN:
SF:src\models\Lecturer.js
FN:6,(anonymous_0)
FN:10,(anonymous_1)
FN:20,(anonymous_2)
FN:24,(anonymous_3)
FN:31,(anonymous_4)
FN:38,(anonymous_5)
FN:43,(anonymous_6)
FN:53,(anonymous_7)
FN:57,(anonymous_8)
FN:64,(anonymous_9)
FN:71,(anonymous_10)
FN:76,(anonymous_11)
FN:78,(anonymous_12)
FN:91,(anonymous_13)
FN:99,(anonymous_14)
FN:118,(anonymous_15)
FN:123,(anonymous_16)
FN:127,(anonymous_17)
FN:133,(anonymous_18)
FN:138,(anonymous_19)
FN:140,(anonymous_20)
FN:148,(anonymous_21)
FN:152,(anonymous_22)
FN:158,(anonymous_23)
FN:163,(anonymous_24)
FN:165,(anonymous_25)
FN:173,(anonymous_26)
FN:175,(anonymous_27)
FN:188,(anonymous_28)
FN:195,(anonymous_29)
FN:215,(anonymous_30)
FN:220,(anonymous_31)
FN:222,(anonymous_32)
FN:230,(anonymous_33)
FN:238,(anonymous_34)
FN:252,(anonymous_35)
FN:263,(anonymous_36)
FN:290,(anonymous_37)
FN:297,(anonymous_38)
FN:299,(anonymous_39)
FN:304,(anonymous_40)
FN:307,(anonymous_41)
FN:332,(anonymous_42)
FNF:43
FNH:32
FNDA:25,(anonymous_0)
FNDA:6,(anonymous_1)
FNDA:3,(anonymous_2)
FNDA:0,(anonymous_3)
FNDA:1,(anonymous_4)
FNDA:2,(anonymous_5)
FNDA:6,(anonymous_6)
FNDA:3,(anonymous_7)
FNDA:0,(anonymous_8)
FNDA:1,(anonymous_9)
FNDA:2,(anonymous_10)
FNDA:6,(anonymous_11)
FNDA:0,(anonymous_12)
FNDA:3,(anonymous_13)
FNDA:3,(anonymous_14)
FNDA:3,(anonymous_15)
FNDA:2,(anonymous_16)
FNDA:0,(anonymous_17)
FNDA:1,(anonymous_18)
FNDA:0,(anonymous_19)
FNDA:1,(anonymous_20)
FNDA:2,(anonymous_21)
FNDA:0,(anonymous_22)
FNDA:1,(anonymous_23)
FNDA:0,(anonymous_24)
FNDA:1,(anonymous_25)
FNDA:2,(anonymous_26)
FNDA:0,(anonymous_27)
FNDA:1,(anonymous_28)
FNDA:1,(anonymous_29)
FNDA:1,(anonymous_30)
FNDA:3,(anonymous_31)
FNDA:0,(anonymous_32)
FNDA:1,(anonymous_33)
FNDA:2,(anonymous_34)
FNDA:1,(anonymous_35)
FNDA:0,(anonymous_36)
FNDA:1,(anonymous_37)
FNDA:2,(anonymous_38)
FNDA:0,(anonymous_39)
FNDA:1,(anonymous_40)
FNDA:3,(anonymous_41)
FNDA:1,(anonymous_42)
DA:1,1
DA:2,1
DA:3,1
DA:7,25
DA:11,6
DA:17,6
DA:18,6
DA:19,6
DA:20,3
DA:23,3
DA:24,0
DA:27,3
DA:28,3
DA:30,3
DA:31,1
DA:32,1
DA:38,2
DA:39,2
DA:44,6
DA:50,6
DA:52,6
DA:53,3
DA:56,3
DA:57,0
DA:60,3
DA:61,3
DA:63,3
DA:64,1
DA:65,1
DA:71,2
DA:72,2
DA:77,6
DA:78,0
DA:79,0
DA:83,6
DA:88,6
DA:90,6
DA:91,3
DA:92,3
DA:95,3
DA:97,3
DA:98,3
DA:99,3
DA:101,3
DA:104,0
DA:105,0
DA:106,0
DA:107,0
DA:108,0
DA:118,3
DA:119,3
DA:124,2
DA:126,2
DA:127,0
DA:128,0
DA:132,2
DA:133,1
DA:134,1
DA:137,1
DA:138,1
DA:140,1
DA:141,1
DA:149,2
DA:151,2
DA:152,0
DA:153,0
DA:157,2
DA:158,1
DA:159,1
DA:162,1
DA:163,1
DA:165,1
DA:166,1
DA:174,2
DA:175,0
DA:176,0
DA:180,2
DA:185,2
DA:187,2
DA:188,1
DA:189,1
DA:192,1
DA:194,1
DA:195,1
DA:197,1
DA:201,1
DA:202,1
DA:203,1
DA:204,1
DA:205,1
DA:214,1
DA:215,1
DA:216,1
DA:221,3
DA:222,0
DA:223,0
DA:227,3
DA:229,3
DA:230,1
DA:231,1
DA:235,2
DA:236,2
DA:237,2
DA:238,2
DA:239,2
DA:240,0
DA:243,2
DA:246,2
DA:247,2
DA:248,2
DA:250,2
DA:251,2
DA:252,1
DA:253,1
DA:256,1
DA:257,1
DA:259,1
DA:261,1
DA:262,1
DA:263,0
DA:264,0
DA:267,1
DA:269,1
DA:271,1
DA:272,1
DA:273,1
DA:274,1
DA:275,1
DA:277,1
DA:278,1
DA:279,1
DA:280,1
DA:281,1
DA:282,1
DA:283,1
DA:284,1
DA:285,1
DA:286,1
DA:287,1
DA:288,1
DA:290,1
DA:291,1
DA:298,2
DA:299,0
DA:301,2
DA:303,2
DA:304,1
DA:307,1
DA:308,3
DA:311,1
DA:312,1
DA:313,1
DA:314,1
DA:315,1
DA:316,3
DA:317,0
DA:322,3
DA:323,3
DA:329,0
DA:332,1
DA:337,1
LF:161
LH:138
BRDA:19,0,0,3
BRDA:19,0,1,3
BRDA:23,1,0,0
BRDA:23,1,1,3
BRDA:30,2,0,1
BRDA:30,2,1,2
BRDA:30,3,0,3
BRDA:30,3,1,2
BRDA:52,4,0,3
BRDA:52,4,1,3
BRDA:56,5,0,0
BRDA:56,5,1,3
BRDA:63,6,0,1
BRDA:63,6,1,2
BRDA:63,7,0,3
BRDA:63,7,1,2
BRDA:77,8,0,0
BRDA:77,8,1,6
BRDA:90,9,0,3
BRDA:90,9,1,3
BRDA:101,10,0,0
BRDA:101,10,1,3
BRDA:126,11,0,0
BRDA:126,11,1,2
BRDA:132,12,0,1
BRDA:132,12,1,1
BRDA:151,13,0,0
BRDA:151,13,1,2
BRDA:157,14,0,1
BRDA:157,14,1,1
BRDA:174,15,0,0
BRDA:174,15,1,2
BRDA:187,16,0,1
BRDA:187,16,1,1
BRDA:197,17,0,1
BRDA:197,17,1,0
BRDA:221,18,0,0
BRDA:221,18,1,3
BRDA:229,19,0,1
BRDA:229,19,1,2
BRDA:229,20,0,3
BRDA:229,20,1,2
BRDA:239,21,0,0
BRDA:239,21,1,2
BRDA:251,22,0,1
BRDA:251,22,1,1
BRDA:262,23,0,0
BRDA:262,23,1,1
BRDA:298,24,0,0
BRDA:298,24,1,2
BRDA:303,25,0,1
BRDA:303,25,1,1
BRDA:316,26,0,0
BRDA:316,26,1,3
BRDA:322,27,0,3
BRDA:322,27,1,0
BRF:56
BRH:42
end_of_record
TN:
SF:src\models\Student.js
FN:8,(anonymous_0)
FN:12,(anonymous_1)
FN:28,(anonymous_2)
FN:34,(anonymous_3)
FN:58,(anonymous_4)
FN:67,(anonymous_5)
FN:70,(anonymous_6)
FN:77,(anonymous_7)
FN:93,(anonymous_8)
FN:99,(anonymous_9)
FN:115,(anonymous_10)
FN:118,(anonymous_11)
FN:121,(anonymous_12)
FN:122,(anonymous_13)
FN:132,(anonymous_14)
FN:137,(anonymous_15)
FN:142,(anonymous_16)
FN:166,(anonymous_17)
FN:169,(anonymous_18)
FN:172,(anonymous_19)
FN:174,(anonymous_20)
FN:187,(anonymous_21)
FN:195,(anonymous_22)
FN:209,(anonymous_23)
FN:214,(anonymous_24)
FN:216,(anonymous_25)
FN:225,(anonymous_26)
FN:233,(anonymous_27)
FN:255,(anonymous_28)
FN:281,(anonymous_29)
FN:286,(anonymous_30)
FN:288,(anonymous_31)
FN:296,(anonymous_32)
FN:302,(anonymous_33)
FN:327,(anonymous_34)
FN:335,(anonymous_35)
FN:337,(anonymous_36)
FN:357,(anonymous_37)
FN:367,(anonymous_38)
FN:372,(anonymous_39)
FN:382,(anonymous_40)
FN:387,(anonymous_41)
FN:389,(anonymous_42)
FN:409,(anonymous_43)
FN:422,(anonymous_44)
FN:427,(anonymous_45)
FN:430,(anonymous_46)
FN:454,(anonymous_47)
FN:457,(anonymous_48)
FN:479,(anonymous_49)
FN:481,(anonymous_50)
FN:489,(anonymous_51)
FN:497,(anonymous_52)
FN:508,(anonymous_53)
FN:516,(anonymous_54)
FN:559,(anonymous_55)
FN:564,(anonymous_56)
FN:566,(anonymous_57)
FN:576,(anonymous_58)
FN:579,(anonymous_59)
FN:583,(anonymous_60)
FN:586,(anonymous_61)
FN:588,(anonymous_62)
FN:598,(anonymous_63)
FN:601,(anonymous_64)
FN:607,(anonymous_65)
FNF:66
FNH:48
FNDA:35,(anonymous_0)
FNDA:4,(anonymous_1)
FNDA:2,(anonymous_2)
FNDA:0,(anonymous_3)
FNDA:1,(anonymous_4)
FNDA:1,(anonymous_5)
FNDA:4,(anonymous_6)
FNDA:4,(anonymous_7)
FNDA:2,(anonymous_8)
FNDA:0,(anonymous_9)
FNDA:1,(anonymous_10)
FNDA:1,(anonymous_11)
FNDA:0,(anonymous_12)
FNDA:0,(anonymous_13)
FNDA:0,(anonymous_14)
FNDA:0,(anonymous_15)
FNDA:0,(anonymous_16)
FNDA:0,(anonymous_17)
FNDA:0,(anonymous_18)
FNDA:3,(anonymous_19)
FNDA:0,(anonymous_20)
FNDA:2,(anonymous_21)
FNDA:1,(anonymous_22)
FNDA:1,(anonymous_23)
FNDA:3,(anonymous_24)
FNDA:0,(anonymous_25)
FNDA:1,(anonymous_26)
FNDA:2,(anonymous_27)
FNDA:1,(anonymous_28)
FNDA:1,(anonymous_29)
FNDA:4,(anonymous_30)
FNDA:8,(anonymous_31)
FNDA:4,(anonymous_32)
FNDA:4,(anonymous_33)
FNDA:4,(anonymous_34)
FNDA:4,(anonymous_35)
FNDA:0,(anonymous_36)
FNDA:3,(anonymous_37)
FNDA:1,(anonymous_38)
FNDA:1,(anonymous_39)
FNDA:1,(anonymous_40)
FNDA:4,(anonymous_41)
FNDA:0,(anonymous_42)
FNDA:3,(anonymous_43)
FNDA:1,(anonymous_44)
FNDA:2,(anonymous_45)
FNDA:2,(anonymous_46)
FNDA:2,(anonymous_47)
FNDA:1,(anonymous_48)
FNDA:3,(anonymous_49)
FNDA:0,(anonymous_50)
FNDA:2,(anonymous_51)
FNDA:0,(anonymous_52)
FNDA:0,(anonymous_53)
FNDA:1,(anonymous_54)
FNDA:1,(anonymous_55)
FNDA:3,(anonymous_56)
FNDA:0,(anonymous_57)
FNDA:2,(anonymous_58)
FNDA:1,(anonymous_59)
FNDA:1,(anonymous_60)
FNDA:3,(anonymous_61)
FNDA:0,(anonymous_62)
FNDA:2,(anonymous_63)
FNDA:1,(anonymous_64)
FNDA:1,(anonymous_65)
DA:1,2
DA:2,2
DA:3,2
DA:4,2
DA:5,2
DA:9,35
DA:13,4
DA:26,4
DA:27,4
DA:28,2
DA:29,2
DA:33,2
DA:34,0
DA:36,2
DA:39,2
DA:40,2
DA:43,2
DA:54,2
DA:55,2
DA:57,2
DA:58,1
DA:60,1
DA:61,1
DA:67,1
DA:77,4
DA:78,4
DA:92,4
DA:93,2
DA:94,2
DA:98,2
DA:99,0
DA:104,2
DA:112,2
DA:114,2
DA:115,1
DA:118,1
DA:122,0
DA:123,0
DA:131,0
DA:132,0
DA:133,0
DA:136,0
DA:137,0
DA:139,0
DA:141,0
DA:142,0
DA:143,0
DA:150,0
DA:152,0
DA:157,0
DA:163,0
DA:165,0
DA:166,0
DA:169,0
DA:173,3
DA:174,0
DA:175,0
DA:179,3
DA:186,3
DA:187,2
DA:188,2
DA:191,1
DA:193,1
DA:194,1
DA:195,1
DA:197,1
DA:198,1
DA:199,1
DA:200,1
DA:201,1
DA:202,1
DA:209,1
DA:210,1
DA:215,3
DA:216,0
DA:217,0
DA:220,3
DA:221,3
DA:222,3
DA:224,3
DA:225,1
DA:226,1
DA:229,2
DA:230,2
DA:231,2
DA:233,2
DA:234,2
DA:235,0
DA:237,2
DA:244,2
DA:245,2
DA:246,2
DA:248,2
DA:253,2
DA:254,2
DA:255,1
DA:256,1
DA:259,1
DA:260,1
DA:262,1
DA:263,1
DA:264,1
DA:265,1
DA:266,1
DA:267,1
DA:268,1
DA:269,1
DA:270,1
DA:271,1
DA:272,1
DA:273,1
DA:274,1
DA:275,1
DA:276,1
DA:277,1
DA:278,1
DA:279,1
DA:281,1
DA:282,1
DA:288,4
DA:289,8
DA:295,8
DA:296,4
DA:297,4
DA:302,4
DA:303,4
DA:311,4
DA:319,4
DA:320,4
DA:321,4
DA:322,8
DA:323,8
DA:327,4
DA:328,4
DA:336,4
DA:337,0
DA:338,0
DA:342,4
DA:348,4
DA:354,4
DA:356,4
DA:357,3
DA:358,3
DA:361,1
DA:362,1
DA:365,1
DA:366,1
DA:367,1
DA:368,1
DA:369,1
DA:372,1
DA:373,1
DA:374,0
DA:378,1
DA:379,1
DA:380,1
DA:382,1
DA:383,1
DA:388,4
DA:389,0
DA:390,0
DA:394,4
DA:400,4
DA:408,4
DA:409,3
DA:410,3
DA:413,1
DA:414,1
DA:418,1
DA:419,1
DA:420,1
DA:422,1
DA:423,1
DA:428,2
DA:429,2
DA:430,2
DA:433,2
DA:434,2
DA:435,2
DA:436,2
DA:437,2
DA:438,2
DA:439,2
DA:440,2
DA:441,2
DA:442,2
DA:443,2
DA:451,2
DA:455,2
DA:456,2
DA:457,2
DA:460,1
DA:461,1
DA:462,1
DA:463,1
DA:464,1
DA:465,1
DA:466,1
DA:467,1
DA:468,1
DA:477,2
DA:480,3
DA:481,0
DA:482,0
DA:487,3
DA:488,3
DA:489,3
DA:490,1
DA:491,1
DA:496,1
DA:497,0
DA:498,0
DA:501,1
DA:502,1
DA:504,0
DA:507,1
DA:508,0
DA:509,0
DA:513,1
DA:514,1
DA:516,1
DA:517,1
DA:518,0
DA:520,1
DA:527,1
DA:528,1
DA:529,1
DA:531,1
DA:532,1
DA:533,1
DA:534,1
DA:535,1
DA:536,1
DA:537,1
DA:538,1
DA:539,1
DA:540,1
DA:541,1
DA:543,1
DA:544,1
DA:545,1
DA:546,1
DA:547,1
DA:548,1
DA:549,0
DA:550,0
DA:552,1
DA:553,1
DA:554,1
DA:555,1
DA:556,1
DA:559,1
DA:560,1
DA:565,3
DA:566,0
DA:569,3
DA:574,3
DA:575,3
DA:576,2
DA:578,1
DA:579,1
DA:580,1
DA:581,1
DA:583,1
DA:587,3
DA:588,0
DA:591,3
DA:596,3
DA:597,3
DA:598,2
DA:600,1
DA:601,1
DA:602,1
DA:603,1
DA:604,1
DA:605,1
DA:607,1
DA:611,2
LF:278
LH:236
BRDA:27,0,0,2
BRDA:27,0,1,2
BRDA:33,1,0,0
BRDA:33,1,1,2
BRDA:57,2,0,1
BRDA:57,2,1,1
BRDA:77,3,0,2
BRDA:77,3,1,2
BRDA:92,4,0,2
BRDA:92,4,1,2
BRDA:98,5,0,0
BRDA:98,5,1,2
BRDA:114,6,0,1
BRDA:114,6,1,1
BRDA:131,7,0,0
BRDA:131,7,1,0
BRDA:136,8,0,0
BRDA:136,8,1,0
BRDA:141,9,0,0
BRDA:141,9,1,0
BRDA:165,10,0,0
BRDA:165,10,1,0
BRDA:173,11,0,0
BRDA:173,11,1,3
BRDA:186,12,0,2
BRDA:186,12,1,1
BRDA:215,13,0,0
BRDA:215,13,1,3
BRDA:224,14,0,1
BRDA:224,14,1,2
BRDA:224,15,0,3
BRDA:224,15,1,2
BRDA:234,16,0,0
BRDA:234,16,1,2
BRDA:254,17,0,1
BRDA:254,17,1,1
BRDA:295,18,0,4
BRDA:295,18,1,4
BRDA:295,19,0,8
BRDA:295,19,1,4
BRDA:323,20,0,8
BRDA:323,20,1,5
BRDA:336,21,0,0
BRDA:336,21,1,4
BRDA:356,22,0,3
BRDA:356,22,1,1
BRDA:356,23,0,4
BRDA:356,23,1,2
BRDA:368,24,0,1
BRDA:368,24,1,0
BRDA:373,25,0,0
BRDA:373,25,1,1
BRDA:388,26,0,0
BRDA:388,26,1,4
BRDA:408,27,0,3
BRDA:408,27,1,1
BRDA:408,28,0,4
BRDA:408,28,1,2
BRDA:480,29,0,0
BRDA:480,29,1,3
BRDA:487,30,0,3
BRDA:487,30,1,0
BRDA:489,31,0,2
BRDA:489,31,1,1
BRDA:496,32,0,0
BRDA:496,32,1,1
BRDA:507,33,0,0
BRDA:507,33,1,1
BRDA:507,34,0,1
BRDA:507,34,1,1
BRDA:517,35,0,0
BRDA:517,35,1,1
BRDA:531,36,0,1
BRDA:531,36,1,0
BRDA:548,37,0,0
BRDA:548,37,1,1
BRDA:565,38,0,0
BRDA:565,38,1,3
BRDA:575,39,0,2
BRDA:575,39,1,1
BRDA:587,40,0,0
BRDA:587,40,1,3
BRDA:597,41,0,2
BRDA:597,41,1,1
BRF:84
BRH:58
end_of_record
TN:
SF:src\models\TechnicalOffcier.js
FN:6,(anonymous_0)
FN:10,(anonymous_1)
FN:20,(anonymous_2)
FN:24,(anonymous_3)
FN:39,(anonymous_4)
FN:62,(anonymous_5)
FN:65,(anonymous_6)
FN:68,(anonymous_7)
FN:72,(anonymous_8)
FN:78,(anonymous_9)
FN:83,(anonymous_10)
FN:88,(anonymous_11)
FN:96,(anonymous_12)
FN:105,(anonymous_13)
FN:109,(anonymous_14)
FN:122,(anonymous_15)
FN:124,(anonymous_16)
FN:127,(anonymous_17)
FN:135,(anonymous_18)
FN:144,(anonymous_19)
FN:148,(anonymous_20)
FN:161,(anonymous_21)
FN:163,(anonymous_22)
FN:166,(anonymous_23)
FN:174,(anonymous_24)
FN:183,(anonymous_25)
FN:187,(anonymous_26)
FN:200,(anonymous_27)
FN:202,(anonymous_28)
FN:205,(anonymous_29)
FN:207,(anonymous_30)
FN:221,(anonymous_31)
FN:224,(anonymous_32)
FN:226,(anonymous_33)
FN:230,(anonymous_34)
FN:232,(anonymous_35)
FN:238,(anonymous_36)
FN:240,(anonymous_37)
FN:243,(anonymous_38)
FN:253,(anonymous_39)
FN:259,(anonymous_40)
FN:272,(anonymous_41)
FN:274,(anonymous_42)
FN:277,(anonymous_43)
FN:287,(anonymous_44)
FN:295,(anonymous_45)
FN:299,(anonymous_46)
FN:313,(anonymous_47)
FN:315,(anonymous_48)
FN:318,(anonymous_49)
FN:320,(anonymous_50)
FN:327,(anonymous_51)
FN:332,(anonymous_52)
FN:339,(anonymous_53)
FN:345,(anonymous_54)
FN:348,(anonymous_55)
FN:354,(anonymous_56)
FN:359,(anonymous_57)
FN:361,(anonymous_58)
FN:365,(anonymous_59)
FN:377,(anonymous_60)
FN:382,(anonymous_61)
FN:386,(anonymous_62)
FN:389,(anonymous_63)
FN:391,(anonymous_64)
FN:401,(anonymous_65)
FN:405,(anonymous_66)
FN:408,(anonymous_67)
FN:410,(anonymous_68)
FN:431,(anonymous_69)
FN:433,(anonymous_70)
FN:438,(anonymous_71)
FN:440,(anonymous_72)
FN:448,(anonymous_73)
FN:460,(anonymous_74)
FN:468,(anonymous_75)
FN:474,(anonymous_76)
FN:477,(anonymous_77)
FN:479,(anonymous_78)
FN:491,(anonymous_79)
FN:505,(anonymous_80)
FN:519,(anonymous_81)
FN:528,(anonymous_82)
FN:531,(anonymous_83)
FN:533,(anonymous_84)
FN:541,(anonymous_85)
FN:549,(anonymous_86)
FN:560,(anonymous_87)
FN:572,(anonymous_88)
FNF:89
FNH:69
FNDA:62,(anonymous_0)
FNDA:7,(anonymous_1)
FNDA:0,(anonymous_2)
FNDA:3,(anonymous_3)
FNDA:1,(anonymous_4)
FNDA:1,(anonymous_5)
FNDA:2,(anonymous_6)
FNDA:3,(anonymous_7)
FNDA:0,(anonymous_8)
FNDA:2,(anonymous_9)
FNDA:1,(anonymous_10)
FNDA:6,(anonymous_11)
FNDA:2,(anonymous_12)
FNDA:0,(anonymous_13)
FNDA:2,(anonymous_14)
FNDA:1,(anonymous_15)
FNDA:1,(anonymous_16)
FNDA:6,(anonymous_17)
FNDA:2,(anonymous_18)
FNDA:0,(anonymous_19)
FNDA:2,(anonymous_20)
FNDA:1,(anonymous_21)
FNDA:1,(anonymous_22)
FNDA:6,(anonymous_23)
FNDA:2,(anonymous_24)
FNDA:0,(anonymous_25)
FNDA:2,(anonymous_26)
FNDA:1,(anonymous_27)
FNDA:1,(anonymous_28)
FNDA:4,(anonymous_29)
FNDA:0,(anonymous_30)
FNDA:2,(anonymous_31)
FNDA:2,(anonymous_32)
FNDA:2,(anonymous_33)
FNDA:2,(anonymous_34)
FNDA:0,(anonymous_35)
FNDA:1,(anonymous_36)
FNDA:1,(anonymous_37)
FNDA:2,(anonymous_38)
FNDA:0,(anonymous_39)
FNDA:0,(anonymous_40)
FNDA:1,(anonymous_41)
FNDA:1,(anonymous_42)
FNDA:6,(anonymous_43)
FNDA:2,(anonymous_44)
FNDA:0,(anonymous_45)
FNDA:2,(anonymous_46)
FNDA:1,(anonymous_47)
FNDA:1,(anonymous_48)
FNDA:2,(anonymous_49)
FNDA:0,(anonymous_50)
FNDA:1,(anonymous_51)
FNDA:1,(anonymous_52)
FNDA:1,(anonymous_53)
FNDA:4,(anonymous_54)
FNDA:2,(anonymous_55)
FNDA:2,(anonymous_56)
FNDA:2,(anonymous_57)
FNDA:0,(anonymous_58)
FNDA:1,(anonymous_59)
FNDA:1,(anonymous_60)
FNDA:1,(anonymous_61)
FNDA:0,(anonymous_62)
FNDA:2,(anonymous_63)
FNDA:0,(anonymous_64)
FNDA:1,(anonymous_65)
FNDA:1,(anonymous_66)
FNDA:2,(anonymous_67)
FNDA:0,(anonymous_68)
FNDA:1,(anonymous_69)
FNDA:1,(anonymous_70)
FNDA:4,(anonymous_71)
FNDA:0,(anonymous_72)
FNDA:2,(anonymous_73)
FNDA:1,(anonymous_74)
FNDA:1,(anonymous_75)
FNDA:1,(anonymous_76)
FNDA:2,(anonymous_77)
FNDA:0,(anonymous_78)
FNDA:1,(anonymous_79)
FNDA:0,(anonymous_80)
FNDA:0,(anonymous_81)
FNDA:1,(anonymous_82)
FNDA:4,(anonymous_83)
FNDA:0,(anonymous_84)
FNDA:2,(anonymous_85)
FNDA:1,(anonymous_86)
FNDA:1,(anonymous_87)
FNDA:1,(anonymous_88)
DA:1,1
DA:2,1
DA:3,1
DA:7,62
DA:11,7
DA:18,7
DA:19,7
DA:20,0
DA:23,7
DA:24,3
DA:25,3
DA:29,4
DA:36,4
DA:37,3
DA:39,3
DA:40,2
DA:41,2
DA:42,2
DA:44,2
DA:46,2
DA:51,2
DA:60,2
DA:61,2
DA:62,1
DA:65,2
DA:69,3
DA:71,3
DA:72,0
DA:73,0
DA:77,3
DA:78,2
DA:79,2
DA:82,1
DA:83,1
DA:84,1
DA:89,6
DA:95,6
DA:96,2
DA:97,2
DA:102,4
DA:104,4
DA:105,0
DA:108,4
DA:109,2
DA:112,2
DA:121,2
DA:122,1
DA:124,1
DA:128,6
DA:134,6
DA:135,2
DA:136,2
DA:141,4
DA:143,4
DA:144,0
DA:147,4
DA:148,2
DA:151,2
DA:160,2
DA:161,1
DA:163,1
DA:167,6
DA:173,6
DA:174,2
DA:175,2
DA:180,4
DA:182,4
DA:183,0
DA:186,4
DA:187,2
DA:190,2
DA:199,2
DA:200,1
DA:202,1
DA:206,4
DA:207,0
DA:210,4
DA:211,2
DA:214,2
DA:218,4
DA:219,2
DA:220,2
DA:221,2
DA:222,2
DA:224,2
DA:226,2
DA:231,2
DA:232,0
DA:235,2
DA:237,2
DA:238,1
DA:240,1
DA:244,2
DA:251,2
DA:252,2
DA:253,0
DA:254,0
DA:258,2
DA:259,0
DA:262,2
DA:271,2
DA:272,1
DA:274,1
DA:278,6
DA:286,6
DA:287,2
DA:288,2
DA:292,4
DA:294,4
DA:295,0
DA:298,4
DA:299,2
DA:303,2
DA:312,2
DA:313,1
DA:315,1
DA:319,2
DA:320,0
DA:324,2
DA:326,2
DA:327,1
DA:329,1
DA:330,1
DA:331,1
DA:332,1
DA:333,1
DA:334,1
DA:335,1
DA:339,1
DA:340,1
DA:346,4
DA:347,4
DA:348,2
DA:349,2
DA:353,2
DA:354,2
DA:355,2
DA:360,2
DA:361,0
DA:363,2
DA:364,2
DA:365,1
DA:367,1
DA:369,1
DA:374,1
DA:375,1
DA:376,1
DA:377,1
DA:378,1
DA:379,1
DA:382,1
DA:383,1
DA:386,0
DA:390,2
DA:391,0
DA:394,2
DA:400,2
DA:401,1
DA:402,1
DA:405,1
DA:409,2
DA:410,0
DA:413,2
DA:418,2
DA:419,1
DA:421,1
DA:422,1
DA:423,1
DA:424,1
DA:425,1
DA:430,1
DA:431,1
DA:433,1
DA:434,1
DA:439,4
DA:440,0
DA:441,0
DA:445,4
DA:447,4
DA:448,2
DA:452,2
DA:453,2
DA:459,2
DA:460,1
DA:461,1
DA:465,1
DA:466,1
DA:467,1
DA:468,1
DA:469,1
DA:472,1
DA:474,1
DA:478,2
DA:479,0
DA:480,0
DA:484,2
DA:490,2
DA:491,1
DA:496,1
DA:498,1
DA:504,1
DA:505,0
DA:510,1
DA:512,1
DA:518,1
DA:519,0
DA:524,1
DA:526,1
DA:528,1
DA:532,4
DA:533,0
DA:534,0
DA:538,4
DA:540,4
DA:541,2
DA:545,2
DA:546,2
DA:547,2
DA:548,2
DA:549,1
DA:550,1
DA:554,1
DA:556,1
DA:558,1
DA:560,1
DA:561,1
DA:562,0
DA:564,1
DA:565,0
DA:568,1
DA:572,1
DA:577,1
LF:232
LH:205
BRDA:19,0,0,0
BRDA:19,0,1,7
BRDA:23,1,0,3
BRDA:23,1,1,4
BRDA:36,2,0,3
BRDA:36,2,1,1
BRDA:36,3,0,4
BRDA:36,3,1,1
BRDA:39,4,0,1
BRDA:39,4,1,2
BRDA:61,5,0,1
BRDA:61,5,1,1
BRDA:71,6,0,0
BRDA:71,6,1,3
BRDA:77,7,0,2
BRDA:77,7,1,1
BRDA:95,8,0,2
BRDA:95,8,1,4
BRDA:104,9,0,0
BRDA:104,9,1,4
BRDA:108,10,0,2
BRDA:108,10,1,2
BRDA:108,11,0,4
BRDA:108,11,1,2
BRDA:121,12,0,1
BRDA:121,12,1,1
BRDA:134,13,0,2
BRDA:134,13,1,4
BRDA:143,14,0,0
BRDA:143,14,1,4
BRDA:147,15,0,2
BRDA:147,15,1,2
BRDA:147,16,0,4
BRDA:147,16,1,2
BRDA:160,17,0,1
BRDA:160,17,1,1
BRDA:173,18,0,2
BRDA:173,18,1,4
BRDA:182,19,0,0
BRDA:182,19,1,4
BRDA:186,20,0,2
BRDA:186,20,1,2
BRDA:186,21,0,4
BRDA:186,21,1,2
BRDA:199,22,0,1
BRDA:199,22,1,1
BRDA:206,23,0,0
BRDA:206,23,1,4
BRDA:210,24,0,2
BRDA:210,24,1,2
BRDA:218,25,0,2
BRDA:218,25,1,2
BRDA:231,26,0,0
BRDA:231,26,1,2
BRDA:237,27,0,1
BRDA:237,27,1,1
BRDA:252,28,0,0
BRDA:252,28,1,2
BRDA:258,29,0,0
BRDA:258,29,1,2
BRDA:271,30,0,1
BRDA:271,30,1,1
BRDA:286,31,0,2
BRDA:286,31,1,4
BRDA:294,32,0,0
BRDA:294,32,1,4
BRDA:298,33,0,2
BRDA:298,33,1,2
BRDA:298,34,0,4
BRDA:298,34,1,2
BRDA:312,35,0,1
BRDA:312,35,1,1
BRDA:319,36,0,0
BRDA:319,36,1,2
BRDA:326,37,0,1
BRDA:326,37,1,1
BRDA:333,38,0,1
BRDA:333,38,1,0
BRDA:347,39,0,2
BRDA:347,39,1,2
BRDA:360,40,0,0
BRDA:360,40,1,2
BRDA:364,41,0,1
BRDA:364,41,1,1
BRDA:375,42,0,1
BRDA:375,42,1,0
BRDA:390,43,0,0
BRDA:390,43,1,2
BRDA:400,44,0,1
BRDA:400,44,1,1
BRDA:400,45,0,2
BRDA:400,45,1,1
BRDA:409,46,0,0
BRDA:409,46,1,2
BRDA:418,47,0,1
BRDA:418,47,1,1
BRDA:421,48,0,1
BRDA:421,48,1,0
BRDA:439,49,0,0
BRDA:439,49,1,4
BRDA:447,50,0,2
BRDA:447,50,1,2
BRDA:447,51,0,4
BRDA:447,51,1,2
BRDA:459,52,0,1
BRDA:459,52,1,1
BRDA:478,53,0,0
BRDA:478,53,1,2
BRDA:490,54,0,1
BRDA:490,54,1,1
BRDA:490,55,0,2
BRDA:490,55,1,1
BRDA:504,56,0,0
BRDA:504,56,1,1
BRDA:504,57,0,1
BRDA:504,57,1,1
BRDA:518,58,0,0
BRDA:518,58,1,1
BRDA:518,59,0,1
BRDA:518,59,1,1
BRDA:532,60,0,0
BRDA:532,60,1,4
BRDA:540,61,0,2
BRDA:540,61,1,2
BRDA:540,62,0,4
BRDA:540,62,1,2
BRDA:548,63,0,1
BRDA:548,63,1,1
BRDA:561,64,0,0
BRDA:561,64,1,1
BRDA:564,65,0,0
BRDA:564,65,1,1
BRF:132
BRH:108
end_of_record
TN:
SF:src\models\User.js
FN:22,(anonymous_0)
FN:31,(anonymous_1)
FN:44,(anonymous_2)
FN:49,(anonymous_3)
FN:56,(anonymous_4)
FN:70,(anonymous_5)
FN:73,(anonymous_6)
FN:85,(anonymous_7)
FN:93,(anonymous_8)
FN:99,(anonymous_9)
FN:105,(anonymous_10)
FN:111,(anonymous_11)
FN:117,(anonymous_12)
FN:122,(anonymous_13)
FN:126,(anonymous_14)
FN:133,(anonymous_15)
FN:145,(anonymous_16)
FN:154,(anonymous_17)
FN:158,(anonymous_18)
FN:162,(anonymous_19)
FN:167,(anonymous_20)
FN:169,(anonymous_21)
FN:179,(anonymous_22)
FN:187,(anonymous_23)
FNF:24
FNH:13
FNDA:179,(anonymous_0)
FNDA:4,(anonymous_1)
FNDA:2,(anonymous_2)
FNDA:0,(anonymous_3)
FNDA:0,(anonymous_4)
FNDA:1,(anonymous_5)
FNDA:1,(anonymous_6)
FNDA:4,(anonymous_7)
FNDA:1,(anonymous_8)
FNDA:1,(anonymous_9)
FNDA:0,(anonymous_10)
FNDA:1,(anonymous_11)
FNDA:1,(anonymous_12)
FNDA:0,(anonymous_13)
FNDA:0,(anonymous_14)
FNDA:0,(anonymous_15)
FNDA:0,(anonymous_16)
FNDA:0,(anonymous_17)
FNDA:0,(anonymous_18)
FNDA:0,(anonymous_19)
FNDA:2,(anonymous_20)
FNDA:0,(anonymous_21)
FNDA:1,(anonymous_22)
FNDA:1,(anonymous_23)
DA:1,5
DA:2,5
DA:3,5
DA:4,5
DA:5,5
DA:6,5
DA:8,5
DA:23,179
DA:24,179
DA:25,179
DA:26,179
DA:32,4
DA:42,4
DA:44,2
DA:45,2
DA:48,2
DA:49,0
DA:52,2
DA:53,2
DA:55,2
DA:56,0
DA:58,2
DA:59,2
DA:60,2
DA:61,2
DA:62,2
DA:63,2
DA:64,2
DA:66,2
DA:67,2
DA:69,2
DA:70,1
DA:73,1
DA:86,4
DA:90,4
DA:92,4
DA:93,1
DA:94,1
DA:98,3
DA:99,1
DA:100,1
DA:103,2
DA:104,2
DA:105,0
DA:106,0
DA:109,2
DA:110,2
DA:111,1
DA:112,1
DA:115,1
DA:116,1
DA:117,1
DA:118,1
DA:123,0
DA:124,0
DA:125,0
DA:126,0
DA:127,0
DA:131,0
DA:132,0
DA:133,0
DA:134,0
DA:135,0
DA:138,0
DA:139,0
DA:140,0
DA:142,0
DA:143,0
DA:144,0
DA:145,0
DA:146,0
DA:149,0
DA:150,0
DA:151,0
DA:152,0
DA:153,0
DA:154,0
DA:155,0
DA:158,0
DA:159,0
DA:162,0
DA:163,0
DA:168,2
DA:169,0
DA:170,0
DA:176,2
DA:178,2
DA:179,1
DA:180,1
DA:184,1
DA:185,1
DA:186,1
DA:187,1
DA:188,1
DA:193,5
LF:95
LH:60
BRDA:42,0,0,2
BRDA:42,0,1,2
BRDA:48,1,0,0
BRDA:48,1,1,2
BRDA:55,2,0,0
BRDA:55,2,1,2
BRDA:55,3,0,2
BRDA:55,3,1,2
BRDA:69,4,0,1
BRDA:69,4,1,1
BRDA:92,5,0,1
BRDA:92,5,1,3
BRDA:98,6,0,1
BRDA:98,6,1,2
BRDA:104,7,0,0
BRDA:104,7,1,2
BRDA:110,8,0,1
BRDA:110,8,1,1
BRDA:125,9,0,0
BRDA:125,9,1,0
BRDA:125,10,0,0
BRDA:125,10,1,0
BRDA:134,11,0,0
BRDA:134,11,1,0
BRDA:139,12,0,0
BRDA:139,12,1,0
BRDA:140,13,0,0
BRDA:140,13,1,0
BRDA:144,14,0,0
BRDA:144,14,1,0
BRDA:153,15,0,0
BRDA:153,15,1,0
BRDA:168,16,0,0
BRDA:168,16,1,2
BRDA:178,17,0,1
BRDA:178,17,1,1
BRDA:178,18,0,2
BRDA:178,18,1,1
BRF:38
BRH:20
end_of_record
TN:
SF:src\utils\Email.js
FN:7,(anonymous_0)
FN:14,(anonymous_1)
FN:15,(anonymous_2)
FN:26,(anonymous_3)
FNF:4
FNH:3
FNDA:2,(anonymous_0)
FNDA:2,(anonymous_1)
FNDA:2,(anonymous_2)
FNDA:0,(anonymous_3)
DA:1,5
DA:2,5
DA:3,5
DA:4,5
DA:8,2
DA:15,2
DA:16,2
DA:27,0
DA:28,0
DA:35,5
LF:10
LH:8
BRDA:27,0,0,0
BRDA:27,0,1,0
BRF:2
BRH:0
end_of_record
