TN:
SF:src\app.js
FN:24,(anonymous_0)
FN:36,(anonymous_1)
FNF:2
FNH:1
FNDA:0,(anonymous_0)
FNDA:4,(anonymous_1)
DA:1,4
DA:2,4
DA:3,4
DA:4,4
DA:5,4
DA:6,4
DA:7,4
DA:8,4
DA:10,4
DA:11,4
DA:12,4
DA:13,4
DA:14,4
DA:18,4
DA:19,4
DA:20,4
DA:21,4
DA:24,4
DA:25,0
DA:28,4
DA:29,4
DA:30,4
DA:31,4
DA:32,4
DA:36,4
DA:37,4
DA:41,4
LF:27
LH:26
BRDA:8,0,0,4
BRDA:8,0,1,4
BRF:2
BRH:2
end_of_record
TN:
SF:src\controllers\admin.js
FN:3,(anonymous_0)
FN:42,(anonymous_1)
FN:81,(anonymous_2)
FN:113,(anonymous_3)
FN:147,(anonymous_4)
FN:181,(anonymous_5)
FN:208,(anonymous_6)
FN:235,(anonymous_7)
FN:259,(anonymous_8)
FN:283,(anonymous_9)
FN:307,(anonymous_10)
FN:331,(anonymous_11)
FN:355,(anonymous_12)
FN:379,(anonymous_13)
FN:406,(anonymous_14)
FN:430,(anonymous_15)
FN:451,(anonymous_16)
FN:472,(anonymous_17)
FNF:18
FNH:17
FNDA:0,(anonymous_0)
FNDA:2,(anonymous_1)
FNDA:1,(anonymous_2)
FNDA:3,(anonymous_3)
FNDA:2,(anonymous_4)
FNDA:1,(anonymous_5)
FNDA:1,(anonymous_6)
FNDA:1,(anonymous_7)
FNDA:1,(anonymous_8)
FNDA:3,(anonymous_9)
FNDA:1,(anonymous_10)
FNDA:1,(anonymous_11)
FNDA:1,(anonymous_12)
FNDA:2,(anonymous_13)
FNDA:1,(anonymous_14)
FNDA:1,(anonymous_15)
FNDA:1,(anonymous_16)
FNDA:1,(anonymous_17)
DA:1,4
DA:3,4
DA:6,0
DA:7,0
DA:8,0
DA:9,0
DA:16,0
DA:17,0
DA:25,0
DA:26,0
DA:33,0
DA:42,4
DA:44,2
DA:46,2
DA:49,2
DA:50,1
DA:57,1
DA:58,0
DA:64,1
DA:65,1
DA:73,0
DA:81,4
DA:84,1
DA:85,1
DA:86,1
DA:87,0
DA:94,1
DA:95,1
DA:103,0
DA:113,4
DA:114,3
DA:115,3
DA:117,3
DA:118,0
DA:124,3
DA:125,1
DA:132,2
DA:133,1
DA:140,1
DA:147,4
DA:148,2
DA:149,2
DA:151,2
DA:152,0
DA:158,2
DA:159,1
DA:166,1
DA:167,1
DA:174,0
DA:181,4
DA:182,1
DA:183,1
DA:185,1
DA:186,0
DA:193,1
DA:194,1
DA:201,0
DA:208,4
DA:209,1
DA:210,1
DA:212,1
DA:213,0
DA:220,1
DA:221,1
DA:228,0
DA:235,4
DA:236,1
DA:237,1
DA:239,1
DA:240,0
DA:246,1
DA:247,1
DA:253,0
DA:259,4
DA:260,1
DA:261,1
DA:263,1
DA:264,0
DA:270,1
DA:271,1
DA:277,0
DA:283,4
DA:284,3
DA:285,3
DA:287,3
DA:288,0
DA:294,3
DA:295,3
DA:301,0
DA:307,4
DA:308,1
DA:309,1
DA:311,1
DA:312,0
DA:318,1
DA:319,1
DA:325,0
DA:331,4
DA:332,1
DA:333,1
DA:335,1
DA:336,0
DA:342,1
DA:343,1
DA:349,0
DA:355,4
DA:356,1
DA:357,1
DA:359,1
DA:360,0
DA:366,1
DA:367,1
DA:373,0
DA:379,4
DA:380,2
DA:381,2
DA:383,2
DA:384,0
DA:391,2
DA:392,1
DA:399,1
DA:406,4
DA:407,1
DA:408,1
DA:410,1
DA:411,0
DA:417,1
DA:418,1
DA:424,0
DA:430,4
DA:431,1
DA:432,1
DA:434,1
DA:435,0
DA:440,1
DA:441,1
DA:446,0
DA:451,4
DA:452,1
DA:453,1
DA:455,1
DA:456,0
DA:461,1
DA:462,1
DA:467,0
DA:472,4
DA:473,1
DA:474,1
DA:476,1
DA:477,0
DA:482,1
DA:483,1
DA:488,0
LF:153
LH:112
BRDA:8,0,0,0
BRDA:8,0,1,0
BRDA:16,1,0,0
BRDA:16,1,1,0
BRDA:25,2,0,0
BRDA:25,2,1,0
BRDA:49,3,0,1
BRDA:49,3,1,1
BRDA:57,4,0,0
BRDA:57,4,1,1
BRDA:64,5,0,1
BRDA:64,5,1,0
BRDA:86,6,0,0
BRDA:86,6,1,1
BRDA:94,7,0,1
BRDA:94,7,1,0
BRDA:117,8,0,0
BRDA:117,8,1,3
BRDA:124,9,0,1
BRDA:124,9,1,2
BRDA:132,10,0,1
BRDA:132,10,1,1
BRDA:151,11,0,0
BRDA:151,11,1,2
BRDA:158,12,0,1
BRDA:158,12,1,1
BRDA:166,13,0,1
BRDA:166,13,1,0
BRDA:185,14,0,0
BRDA:185,14,1,1
BRDA:193,15,0,1
BRDA:193,15,1,0
BRDA:212,16,0,0
BRDA:212,16,1,1
BRDA:220,17,0,1
BRDA:220,17,1,0
BRDA:239,18,0,0
BRDA:239,18,1,1
BRDA:246,19,0,1
BRDA:246,19,1,0
BRDA:263,20,0,0
BRDA:263,20,1,1
BRDA:270,21,0,1
BRDA:270,21,1,0
BRDA:287,22,0,0
BRDA:287,22,1,3
BRDA:294,23,0,3
BRDA:294,23,1,0
BRDA:311,24,0,0
BRDA:311,24,1,1
BRDA:318,25,0,1
BRDA:318,25,1,0
BRDA:335,26,0,0
BRDA:335,26,1,1
BRDA:342,27,0,1
BRDA:342,27,1,0
BRDA:359,28,0,0
BRDA:359,28,1,1
BRDA:366,29,0,1
BRDA:366,29,1,0
BRDA:383,30,0,0
BRDA:383,30,1,2
BRDA:391,31,0,1
BRDA:391,31,1,1
BRDA:410,32,0,0
BRDA:410,32,1,1
BRDA:417,33,0,1
BRDA:417,33,1,0
BRDA:434,34,0,0
BRDA:434,34,1,1
BRDA:440,35,0,1
BRDA:440,35,1,0
BRDA:455,36,0,0
BRDA:455,36,1,1
BRDA:461,37,0,1
BRDA:461,37,1,0
BRDA:476,38,0,0
BRDA:476,38,1,1
BRDA:482,39,0,1
BRDA:482,39,1,0
BRF:80
BRH:42
end_of_record
TN:
SF:src\controllers\auth.js
FN:6,(anonymous_0)
FN:51,(anonymous_1)
FN:93,(anonymous_2)
FN:126,(anonymous_3)
FN:167,(anonymous_4)
FNF:5
FNH:0
FNDA:0,(anonymous_0)
FNDA:0,(anonymous_1)
FNDA:0,(anonymous_2)
FNDA:0,(anonymous_3)
FNDA:0,(anonymous_4)
DA:1,4
DA:2,4
DA:4,4
DA:6,4
DA:8,0
DA:9,0
DA:10,0
DA:11,0
DA:18,0
DA:19,0
DA:25,0
DA:26,0
DA:33,0
DA:40,0
DA:41,0
DA:42,0
DA:43,0
DA:51,4
DA:52,0
DA:53,0
DA:54,0
DA:55,0
DA:62,0
DA:63,0
DA:70,0
DA:71,0
DA:78,0
DA:79,0
DA:80,0
DA:86,0
DA:93,4
DA:94,0
DA:95,0
DA:96,0
DA:97,0
DA:104,0
DA:105,0
DA:112,0
DA:113,0
DA:119,0
DA:126,4
DA:127,0
DA:128,0
DA:130,0
DA:131,0
DA:138,0
DA:139,0
DA:145,0
DA:152,0
DA:153,0
DA:159,0
DA:167,4
DA:168,0
DA:174,0
LF:54
LH:8
BRDA:10,0,0,0
BRDA:10,0,1,0
BRDA:18,1,0,0
BRDA:18,1,1,0
BRDA:25,2,0,0
BRDA:25,2,1,0
BRDA:54,3,0,0
BRDA:54,3,1,0
BRDA:62,4,0,0
BRDA:62,4,1,0
BRDA:70,5,0,0
BRDA:70,5,1,0
BRDA:96,6,0,0
BRDA:96,6,1,0
BRDA:104,7,0,0
BRDA:104,7,1,0
BRDA:112,8,0,0
BRDA:112,8,1,0
BRDA:130,9,0,0
BRDA:130,9,1,0
BRDA:138,10,0,0
BRDA:138,10,1,0
BRDA:152,11,0,0
BRDA:152,11,1,0
BRF:24
BRH:0
end_of_record
TN:
SF:src\controllers\lecturer.js
FN:4,(anonymous_0)
FN:43,(anonymous_1)
FN:70,(anonymous_2)
FN:97,(anonymous_3)
FN:118,(anonymous_4)
FN:139,(anonymous_5)
FN:160,(anonymous_6)
FN:181,(anonymous_7)
FN:202,(anonymous_8)
FN:223,(anonymous_9)
FNF:10
FNH:9
FNDA:0,(anonymous_0)
FNDA:1,(anonymous_1)
FNDA:1,(anonymous_2)
FNDA:1,(anonymous_3)
FNDA:1,(anonymous_4)
FNDA:1,(anonymous_5)
FNDA:1,(anonymous_6)
FNDA:1,(anonymous_7)
FNDA:1,(anonymous_8)
FNDA:1,(anonymous_9)
DA:1,4
DA:4,4
DA:7,0
DA:8,0
DA:9,0
DA:10,0
DA:17,0
DA:18,0
DA:26,0
DA:27,0
DA:34,0
DA:43,4
DA:44,1
DA:45,1
DA:47,1
DA:48,0
DA:53,1
DA:54,0
DA:59,1
DA:60,1
DA:65,0
DA:70,4
DA:71,1
DA:72,1
DA:74,1
DA:75,0
DA:80,1
DA:81,0
DA:86,1
DA:87,1
DA:92,0
DA:97,4
DA:98,1
DA:99,1
DA:101,1
DA:102,0
DA:107,1
DA:108,1
DA:113,0
DA:118,4
DA:119,1
DA:120,1
DA:122,1
DA:123,0
DA:128,1
DA:129,1
DA:134,0
DA:139,4
DA:140,1
DA:141,1
DA:143,1
DA:144,0
DA:149,1
DA:150,1
DA:155,0
DA:160,4
DA:161,1
DA:162,1
DA:164,1
DA:165,0
DA:170,1
DA:171,1
DA:176,0
DA:181,4
DA:182,1
DA:183,1
DA:185,1
DA:186,0
DA:191,1
DA:192,1
DA:197,0
DA:202,4
DA:203,1
DA:204,1
DA:206,1
DA:207,0
DA:212,1
DA:213,1
DA:218,0
DA:223,4
DA:224,1
DA:225,1
DA:227,1
DA:228,0
DA:233,1
DA:234,1
DA:239,0
LF:87
LH:58
BRDA:9,0,0,0
BRDA:9,0,1,0
BRDA:17,1,0,0
BRDA:17,1,1,0
BRDA:26,2,0,0
BRDA:26,2,1,0
BRDA:47,3,0,0
BRDA:47,3,1,1
BRDA:53,4,0,0
BRDA:53,4,1,1
BRDA:59,5,0,1
BRDA:59,5,1,0
BRDA:74,6,0,0
BRDA:74,6,1,1
BRDA:80,7,0,0
BRDA:80,7,1,1
BRDA:86,8,0,1
BRDA:86,8,1,0
BRDA:101,9,0,0
BRDA:101,9,1,1
BRDA:107,10,0,1
BRDA:107,10,1,0
BRDA:122,11,0,0
BRDA:122,11,1,1
BRDA:128,12,0,1
BRDA:128,12,1,0
BRDA:143,13,0,0
BRDA:143,13,1,1
BRDA:149,14,0,1
BRDA:149,14,1,0
BRDA:164,15,0,0
BRDA:164,15,1,1
BRDA:170,16,0,1
BRDA:170,16,1,0
BRDA:185,17,0,0
BRDA:185,17,1,1
BRDA:191,18,0,1
BRDA:191,18,1,0
BRDA:206,19,0,0
BRDA:206,19,1,1
BRDA:212,20,0,1
BRDA:212,20,1,0
BRDA:227,21,0,0
BRDA:227,21,1,1
BRDA:233,22,0,1
BRDA:233,22,1,0
BRF:46
BRH:20
end_of_record
TN:
SF:src\controllers\student.js
FN:4,(anonymous_0)
FN:43,(anonymous_1)
FN:74,(anonymous_2)
FN:102,(anonymous_3)
FN:133,(anonymous_4)
FN:154,(anonymous_5)
FN:175,(anonymous_6)
FN:196,(anonymous_7)
FN:217,(anonymous_8)
FN:238,(anonymous_9)
FN:259,(anonymous_10)
FN:283,(anonymous_11)
FNF:12
FNH:9
FNDA:0,(anonymous_0)
FNDA:1,(anonymous_1)
FNDA:0,(anonymous_2)
FNDA:0,(anonymous_3)
FNDA:1,(anonymous_4)
FNDA:1,(anonymous_5)
FNDA:1,(anonymous_6)
FNDA:1,(anonymous_7)
FNDA:2,(anonymous_8)
FNDA:1,(anonymous_9)
FNDA:1,(anonymous_10)
FNDA:1,(anonymous_11)
DA:1,5
DA:4,5
DA:7,0
DA:8,0
DA:9,0
DA:10,0
DA:17,0
DA:18,0
DA:26,0
DA:27,0
DA:34,0
DA:43,5
DA:44,1
DA:45,1
DA:47,1
DA:48,0
DA:55,1
DA:56,0
DA:63,1
DA:64,1
DA:69,0
DA:74,5
DA:75,0
DA:76,0
DA:78,0
DA:79,0
DA:84,0
DA:85,0
DA:90,0
DA:91,0
DA:96,0
DA:102,5
DA:103,0
DA:104,0
DA:108,0
DA:109,0
DA:114,0
DA:115,0
DA:120,0
DA:121,0
DA:126,0
DA:133,5
DA:134,1
DA:135,1
DA:137,1
DA:138,0
DA:143,1
DA:144,1
DA:149,0
DA:154,5
DA:155,1
DA:156,1
DA:158,1
DA:159,0
DA:164,1
DA:165,1
DA:170,0
DA:175,5
DA:176,1
DA:177,1
DA:179,1
DA:180,0
DA:185,1
DA:186,1
DA:191,0
DA:196,5
DA:197,1
DA:198,1
DA:200,1
DA:201,0
DA:206,1
DA:207,1
DA:212,0
DA:217,5
DA:218,2
DA:219,2
DA:221,2
DA:222,0
DA:227,2
DA:228,2
DA:233,0
DA:238,5
DA:239,1
DA:240,1
DA:242,1
DA:243,0
DA:248,1
DA:249,1
DA:254,0
DA:259,5
DA:260,1
DA:261,1
DA:263,1
DA:264,0
DA:270,1
DA:271,1
DA:277,0
DA:283,5
DA:284,1
DA:285,1
DA:287,1
DA:288,0
DA:294,1
DA:295,1
DA:301,0
LF:105
LH:59
BRDA:9,0,0,0
BRDA:9,0,1,0
BRDA:17,1,0,0
BRDA:17,1,1,0
BRDA:26,2,0,0
BRDA:26,2,1,0
BRDA:47,3,0,0
BRDA:47,3,1,1
BRDA:55,4,0,0
BRDA:55,4,1,1
BRDA:63,5,0,1
BRDA:63,5,1,0
BRDA:78,6,0,0
BRDA:78,6,1,0
BRDA:84,7,0,0
BRDA:84,7,1,0
BRDA:90,8,0,0
BRDA:90,8,1,0
BRDA:108,9,0,0
BRDA:108,9,1,0
BRDA:114,10,0,0
BRDA:114,10,1,0
BRDA:120,11,0,0
BRDA:120,11,1,0
BRDA:127,12,0,0
BRDA:127,12,1,0
BRDA:137,13,0,0
BRDA:137,13,1,1
BRDA:143,14,0,1
BRDA:143,14,1,0
BRDA:158,15,0,0
BRDA:158,15,1,1
BRDA:164,16,0,1
BRDA:164,16,1,0
BRDA:179,17,0,0
BRDA:179,17,1,1
BRDA:185,18,0,1
BRDA:185,18,1,0
BRDA:200,19,0,0
BRDA:200,19,1,1
BRDA:206,20,0,1
BRDA:206,20,1,0
BRDA:221,21,0,0
BRDA:221,21,1,2
BRDA:227,22,0,2
BRDA:227,22,1,0
BRDA:242,23,0,0
BRDA:242,23,1,1
BRDA:248,24,0,1
BRDA:248,24,1,0
BRDA:263,25,0,0
BRDA:263,25,1,1
BRDA:270,26,0,1
BRDA:270,26,1,0
BRDA:287,27,0,0
BRDA:287,27,1,1
BRDA:294,28,0,1
BRDA:294,28,1,0
BRF:58
BRH:19
end_of_record
TN:
SF:src\controllers\technicalOfficer.js
FN:5,(anonymous_0)
FN:44,(anonymous_1)
FN:80,(anonymous_2)
FN:102,(anonymous_3)
FN:123,(anonymous_4)
FN:144,(anonymous_5)
FN:177,(anonymous_6)
FN:210,(anonymous_7)
FN:243,(anonymous_8)
FN:277,(anonymous_9)
FN:304,(anonymous_10)
FN:327,(anonymous_11)
FN:350,(anonymous_12)
FN:373,(anonymous_13)
FN:396,(anonymous_14)
FN:417,(anonymous_15)
FN:438,(anonymous_16)
FN:459,(anonymous_17)
FNF:18
FNH:12
FNDA:0,(anonymous_0)
FNDA:1,(anonymous_1)
FNDA:1,(anonymous_2)
FNDA:1,(anonymous_3)
FNDA:1,(anonymous_4)
FNDA:2,(anonymous_5)
FNDA:2,(anonymous_6)
FNDA:2,(anonymous_7)
FNDA:2,(anonymous_8)
FNDA:1,(anonymous_9)
FNDA:1,(anonymous_10)
FNDA:0,(anonymous_11)
FNDA:1,(anonymous_12)
FNDA:1,(anonymous_13)
FNDA:0,(anonymous_14)
FNDA:0,(anonymous_15)
FNDA:0,(anonymous_16)
FNDA:0,(anonymous_17)
DA:1,4
DA:2,4
DA:5,4
DA:8,0
DA:9,0
DA:10,0
DA:11,0
DA:18,0
DA:19,0
DA:27,0
DA:28,0
DA:35,0
DA:44,4
DA:45,1
DA:51,1
DA:56,1
DA:57,0
DA:62,1
DA:63,0
DA:68,1
DA:69,1
DA:75,0
DA:80,4
DA:81,1
DA:82,1
DA:84,1
DA:85,0
DA:90,1
DA:91,1
DA:97,0
DA:102,4
DA:103,1
DA:104,1
DA:106,1
DA:107,0
DA:112,1
DA:113,1
DA:118,0
DA:123,4
DA:124,1
DA:125,1
DA:127,1
DA:128,0
DA:133,1
DA:134,1
DA:139,0
DA:144,4
DA:145,2
DA:146,2
DA:148,2
DA:149,0
DA:154,2
DA:155,0
DA:160,2
DA:161,1
DA:166,1
DA:167,1
DA:172,0
DA:177,4
DA:178,2
DA:179,2
DA:181,2
DA:182,0
DA:187,2
DA:188,0
DA:193,2
DA:194,1
DA:199,1
DA:200,1
DA:205,0
DA:210,4
DA:211,2
DA:212,2
DA:214,2
DA:215,0
DA:220,2
DA:221,0
DA:226,2
DA:227,1
DA:232,1
DA:233,1
DA:238,0
DA:243,4
DA:244,2
DA:245,2
DA:247,2
DA:248,0
DA:253,2
DA:254,0
DA:259,2
DA:260,1
DA:266,1
DA:267,1
DA:272,0
DA:277,4
DA:278,1
DA:279,1
DA:281,1
DA:282,0
DA:287,1
DA:288,0
DA:293,1
DA:294,1
DA:299,0
DA:304,4
DA:305,1
DA:306,1
DA:309,1
DA:310,0
DA:315,1
DA:316,1
DA:322,0
DA:327,4
DA:328,0
DA:329,0
DA:332,0
DA:333,0
DA:338,0
DA:339,0
DA:345,0
DA:350,4
DA:351,1
DA:352,1
DA:355,1
DA:356,0
DA:361,1
DA:362,1
DA:368,0
DA:373,4
DA:374,1
DA:375,1
DA:378,1
DA:379,0
DA:384,1
DA:385,1
DA:391,0
DA:396,4
DA:397,0
DA:398,0
DA:400,0
DA:401,0
DA:406,0
DA:407,0
DA:412,0
DA:417,4
DA:418,0
DA:419,0
DA:421,0
DA:422,0
DA:427,0
DA:428,0
DA:433,0
DA:438,4
DA:439,0
DA:440,0
DA:442,0
DA:443,0
DA:448,0
DA:449,0
DA:454,0
DA:459,4
DA:460,0
DA:461,0
DA:463,0
DA:464,0
DA:469,0
DA:470,0
DA:475,0
DA:476,0
DA:481,0
LF:170
LH:94
BRDA:10,0,0,0
BRDA:10,0,1,0
BRDA:18,1,0,0
BRDA:18,1,1,0
BRDA:27,2,0,0
BRDA:27,2,1,0
BRDA:56,3,0,0
BRDA:56,3,1,1
BRDA:62,4,0,0
BRDA:62,4,1,1
BRDA:68,5,0,1
BRDA:68,5,1,0
BRDA:84,6,0,0
BRDA:84,6,1,1
BRDA:90,7,0,1
BRDA:90,7,1,0
BRDA:106,8,0,0
BRDA:106,8,1,1
BRDA:112,9,0,1
BRDA:112,9,1,0
BRDA:127,10,0,0
BRDA:127,10,1,1
BRDA:133,11,0,1
BRDA:133,11,1,0
BRDA:148,12,0,0
BRDA:148,12,1,2
BRDA:154,13,0,0
BRDA:154,13,1,2
BRDA:160,14,0,1
BRDA:160,14,1,1
BRDA:166,15,0,1
BRDA:166,15,1,0
BRDA:181,16,0,0
BRDA:181,16,1,2
BRDA:187,17,0,0
BRDA:187,17,1,2
BRDA:193,18,0,1
BRDA:193,18,1,1
BRDA:199,19,0,1
BRDA:199,19,1,0
BRDA:214,20,0,0
BRDA:214,20,1,2
BRDA:220,21,0,0
BRDA:220,21,1,2
BRDA:226,22,0,1
BRDA:226,22,1,1
BRDA:232,23,0,1
BRDA:232,23,1,0
BRDA:247,24,0,0
BRDA:247,24,1,2
BRDA:253,25,0,0
BRDA:253,25,1,2
BRDA:259,26,0,1
BRDA:259,26,1,1
BRDA:266,27,0,1
BRDA:266,27,1,0
BRDA:281,28,0,0
BRDA:281,28,1,1
BRDA:287,29,0,0
BRDA:287,29,1,1
BRDA:293,30,0,1
BRDA:293,30,1,0
BRDA:309,31,0,0
BRDA:309,31,1,1
BRDA:315,32,0,1
BRDA:315,32,1,0
BRDA:332,33,0,0
BRDA:332,33,1,0
BRDA:338,34,0,0
BRDA:338,34,1,0
BRDA:355,35,0,0
BRDA:355,35,1,1
BRDA:361,36,0,1
BRDA:361,36,1,0
BRDA:378,37,0,0
BRDA:378,37,1,1
BRDA:384,38,0,1
BRDA:384,38,1,0
BRDA:400,39,0,0
BRDA:400,39,1,0
BRDA:406,40,0,0
BRDA:406,40,1,0
BRDA:421,41,0,0
BRDA:421,41,1,0
BRDA:427,42,0,0
BRDA:427,42,1,0
BRDA:442,43,0,0
BRDA:442,43,1,0
BRDA:448,44,0,0
BRDA:448,44,1,0
BRDA:463,45,0,0
BRDA:463,45,1,0
BRDA:469,46,0,0
BRDA:469,46,1,0
BRDA:475,47,0,0
BRDA:475,47,1,0
BRF:96
BRH:38
end_of_record
TN:
SF:src\database\database.js
FN:13,(anonymous_0)
FN:37,(anonymous_1)
FN:41,(anonymous_2)
FN:42,(anonymous_3)
FN:44,(anonymous_4)
FN:47,(anonymous_5)
FN:58,(anonymous_6)
FN:60,(anonymous_7)
FN:77,(anonymous_8)
FN:86,(anonymous_9)
FN:87,(anonymous_10)
FN:91,(anonymous_11)
FN:100,(anonymous_12)
FN:102,(anonymous_13)
FN:124,(anonymous_14)
FN:136,(anonymous_15)
FN:137,(anonymous_16)
FN:162,(anonymous_17)
FN:188,(anonymous_18)
FN:189,(anonymous_19)
FN:200,(anonymous_20)
FN:208,(anonymous_21)
FN:209,(anonymous_22)
FN:240,(anonymous_23)
FN:249,(anonymous_24)
FN:250,(anonymous_25)
FN:262,(anonymous_26)
FN:270,(anonymous_27)
FN:271,(anonymous_28)
FN:283,(anonymous_29)
FN:292,(anonymous_30)
FN:293,(anonymous_31)
FN:303,(anonymous_32)
FN:312,(anonymous_33)
FN:313,(anonymous_34)
FN:320,(anonymous_35)
FN:339,(anonymous_36)
FN:340,(anonymous_37)
FN:352,(anonymous_38)
FN:360,(anonymous_39)
FN:361,(anonymous_40)
FN:364,(anonymous_41)
FN:372,(anonymous_42)
FN:373,(anonymous_43)
FN:376,(anonymous_44)
FN:384,(anonymous_45)
FN:385,(anonymous_46)
FN:388,(anonymous_47)
FN:396,(anonymous_48)
FN:404,(anonymous_49)
FN:405,(anonymous_50)
FN:417,(anonymous_51)
FN:439,(anonymous_52)
FN:446,(anonymous_53)
FN:455,(anonymous_54)
FN:458,(anonymous_55)
FN:464,(anonymous_56)
FN:465,(anonymous_57)
FN:478,(anonymous_58)
FN:498,(anonymous_59)
FN:505,(anonymous_60)
FN:514,(anonymous_61)
FN:517,(anonymous_62)
FN:518,(anonymous_63)
FN:519,(anonymous_64)
FN:541,(anonymous_65)
FN:547,(anonymous_66)
FN:551,(anonymous_67)
FN:555,(anonymous_68)
FN:561,(anonymous_69)
FN:571,(anonymous_70)
FNF:71
FNH:44
FNDA:139,(anonymous_0)
FNDA:57,(anonymous_1)
FNDA:543,(anonymous_2)
FNDA:543,(anonymous_3)
FNDA:543,(anonymous_4)
FNDA:0,(anonymous_5)
FNDA:258,(anonymous_6)
FNDA:258,(anonymous_7)
FNDA:258,(anonymous_8)
FNDA:3,(anonymous_9)
FNDA:3,(anonymous_10)
FNDA:3,(anonymous_11)
FNDA:40,(anonymous_12)
FNDA:40,(anonymous_13)
FNDA:40,(anonymous_14)
FNDA:5,(anonymous_15)
FNDA:5,(anonymous_16)
FNDA:5,(anonymous_17)
FNDA:1,(anonymous_18)
FNDA:1,(anonymous_19)
FNDA:1,(anonymous_20)
FNDA:0,(anonymous_21)
FNDA:0,(anonymous_22)
FNDA:0,(anonymous_23)
FNDA:5,(anonymous_24)
FNDA:5,(anonymous_25)
FNDA:5,(anonymous_26)
FNDA:13,(anonymous_27)
FNDA:13,(anonymous_28)
FNDA:13,(anonymous_29)
FNDA:55,(anonymous_30)
FNDA:55,(anonymous_31)
FNDA:55,(anonymous_32)
FNDA:147,(anonymous_33)
FNDA:147,(anonymous_34)
FNDA:147,(anonymous_35)
FNDA:12,(anonymous_36)
FNDA:12,(anonymous_37)
FNDA:12,(anonymous_38)
FNDA:2,(anonymous_39)
FNDA:2,(anonymous_40)
FNDA:2,(anonymous_41)
FNDA:1,(anonymous_42)
FNDA:1,(anonymous_43)
FNDA:1,(anonymous_44)
FNDA:1,(anonymous_45)
FNDA:1,(anonymous_46)
FNDA:1,(anonymous_47)
FNDA:0,(anonymous_48)
FNDA:0,(anonymous_49)
FNDA:0,(anonymous_50)
FNDA:0,(anonymous_51)
FNDA:0,(anonymous_52)
FNDA:0,(anonymous_53)
FNDA:0,(anonymous_54)
FNDA:0,(anonymous_55)
FNDA:0,(anonymous_56)
FNDA:0,(anonymous_57)
FNDA:0,(anonymous_58)
FNDA:0,(anonymous_59)
FNDA:0,(anonymous_60)
FNDA:0,(anonymous_61)
FNDA:0,(anonymous_62)
FNDA:0,(anonymous_63)
FNDA:0,(anonymous_64)
FNDA:0,(anonymous_65)
FNDA:0,(anonymous_66)
FNDA:0,(anonymous_67)
FNDA:0,(anonymous_68)
FNDA:0,(anonymous_69)
FNDA:0,(anonymous_70)
DA:1,9
DA:2,9
DA:4,9
DA:5,9
DA:6,9
DA:7,9
DA:8,9
DA:10,9
DA:15,139
DA:25,139
DA:38,57
DA:42,543
DA:43,543
DA:44,543
DA:46,543
DA:47,0
DA:48,543
DA:51,0
DA:60,258
DA:62,258
DA:63,258
DA:64,258
DA:66,0
DA:74,258
DA:76,258
DA:78,258
DA:80,258
DA:87,3
DA:88,3
DA:89,3
DA:91,3
DA:92,3
DA:94,3
DA:102,40
DA:104,40
DA:105,40
DA:113,0
DA:122,40
DA:123,40
DA:126,40
DA:128,40
DA:137,5
DA:139,5
DA:140,3
DA:149,2
DA:160,5
DA:162,5
DA:163,5
DA:165,5
DA:189,1
DA:190,1
DA:199,1
DA:200,1
DA:201,1
DA:203,1
DA:209,0
DA:211,0
DA:212,0
DA:227,0
DA:239,0
DA:240,0
DA:241,0
DA:244,0
DA:250,5
DA:261,5
DA:262,5
DA:263,5
DA:265,5
DA:271,13
DA:272,13
DA:282,13
DA:283,13
DA:284,13
DA:286,13
DA:293,55
DA:294,55
DA:301,55
DA:303,55
DA:304,55
DA:307,55
DA:313,147
DA:314,147
DA:318,147
DA:320,147
DA:321,147
DA:324,147
DA:340,12
DA:342,12
DA:343,2
DA:346,10
DA:350,12
DA:352,12
DA:353,12
DA:355,12
DA:361,2
DA:362,2
DA:363,2
DA:364,2
DA:365,2
DA:367,2
DA:373,1
DA:374,1
DA:375,1
DA:376,1
DA:377,1
DA:379,1
DA:385,1
DA:386,1
DA:387,1
DA:388,1
DA:389,1
DA:391,1
DA:404,0
DA:405,0
DA:407,0
DA:408,0
DA:410,0
DA:411,0
DA:412,0
DA:414,0
DA:416,0
DA:420,0
DA:422,0
DA:425,0
DA:426,0
DA:436,0
DA:439,0
DA:440,0
DA:446,0
DA:449,0
DA:452,0
DA:454,0
DA:455,0
DA:464,0
DA:465,0
DA:467,0
DA:468,0
DA:471,0
DA:472,0
DA:473,0
DA:475,0
DA:477,0
DA:481,0
DA:483,0
DA:486,0
DA:487,0
DA:495,0
DA:498,0
DA:499,0
DA:505,0
DA:508,0
DA:511,0
DA:513,0
DA:514,0
DA:518,0
DA:519,0
DA:521,0
DA:522,0
DA:525,0
DA:526,0
DA:527,0
DA:532,0
DA:533,0
DA:534,0
DA:537,0
DA:538,0
DA:541,0
DA:542,0
DA:546,0
DA:549,0
DA:550,0
DA:551,0
DA:552,0
DA:555,0
DA:556,0
DA:561,0
DA:563,0
DA:565,0
DA:568,0
DA:570,0
DA:571,0
DA:574,9
LF:182
LH:101
BRDA:63,0,0,258
BRDA:63,0,1,0
BRDA:104,1,0,40
BRDA:104,1,1,0
BRDA:136,2,0,0
BRDA:139,3,0,3
BRDA:139,3,1,2
BRDA:188,4,0,0
BRDA:188,5,0,0
BRDA:208,6,0,0
BRDA:208,7,0,0
BRDA:211,8,0,0
BRDA:211,8,1,0
BRDA:342,9,0,2
BRDA:342,9,1,10
BRDA:446,10,0,0
BRDA:446,10,1,0
BRDA:481,11,0,0
BRDA:481,11,1,0
BRDA:505,12,0,0
BRDA:505,12,1,0
BRDA:532,13,0,0
BRDA:532,13,1,0
BRDA:542,14,0,0
BRDA:542,14,1,0
BRDA:561,15,0,0
BRDA:561,15,1,0
BRF:27
BRH:6
end_of_record
TN:
SF:src\middlewares\authorization.js
FN:5,(anonymous_0)
FN:28,(anonymous_1)
FN:51,(anonymous_2)
FN:71,(anonymous_3)
FN:83,(anonymous_4)
FN:95,(anonymous_5)
FN:107,(anonymous_6)
FN:119,(anonymous_7)
FNF:8
FNH:6
FNDA:58,(anonymous_0)
FNDA:0,(anonymous_1)
FNDA:1,(anonymous_2)
FNDA:24,(anonymous_3)
FNDA:9,(anonymous_4)
FNDA:16,(anonymous_5)
FNDA:9,(anonymous_6)
FNDA:0,(anonymous_7)
DA:1,4
DA:2,4
DA:3,4
DA:5,4
DA:6,58
DA:7,58
DA:8,0
DA:14,58
DA:15,58
DA:16,58
DA:18,58
DA:20,0
DA:28,4
DA:29,0
DA:30,0
DA:31,0
DA:37,0
DA:38,0
DA:39,0
DA:41,0
DA:43,0
DA:51,4
DA:52,1
DA:53,1
DA:54,1
DA:56,0
DA:57,0
DA:59,0
DA:60,0
DA:62,0
DA:71,4
DA:72,24
DA:73,24
DA:75,0
DA:83,4
DA:84,9
DA:85,9
DA:87,0
DA:95,4
DA:96,16
DA:97,16
DA:99,0
DA:107,4
DA:108,9
DA:109,9
DA:111,0
DA:119,4
DA:120,0
DA:122,0
DA:123,0
DA:125,0
DA:126,0
DA:127,0
LF:53
LH:28
BRDA:7,0,0,0
BRDA:7,0,1,58
BRDA:30,1,0,0
BRDA:30,1,1,0
BRDA:53,2,0,1
BRDA:53,2,1,0
BRDA:72,3,0,24
BRDA:72,3,1,0
BRDA:84,4,0,9
BRDA:84,4,1,0
BRDA:96,5,0,16
BRDA:96,5,1,0
BRDA:108,6,0,9
BRDA:108,6,1,0
BRDA:122,7,0,0
BRDA:122,7,1,0
BRF:16
BRH:6
end_of_record
TN:
SF:src\models\Admin.js
FN:12,(anonymous_0)
FN:16,(anonymous_1)
FN:30,(anonymous_2)
FN:34,(anonymous_3)
FN:40,(anonymous_4)
FN:43,(anonymous_5)
FN:46,(anonymous_6)
FN:53,(anonymous_7)
FN:56,(anonymous_8)
FN:62,(anonymous_9)
FN:64,(anonymous_10)
FN:67,(anonymous_11)
FN:86,(anonymous_12)
FN:90,(anonymous_13)
FN:109,(anonymous_14)
FN:115,(anonymous_15)
FN:119,(anonymous_16)
FN:121,(anonymous_17)
FN:128,(anonymous_18)
FN:131,(anonymous_19)
FN:134,(anonymous_20)
FN:144,(anonymous_21)
FN:150,(anonymous_22)
FN:160,(anonymous_23)
FN:166,(anonymous_24)
FN:169,(anonymous_25)
FN:171,(anonymous_26)
FN:177,(anonymous_27)
FN:180,(anonymous_28)
FN:183,(anonymous_29)
FN:185,(anonymous_30)
FN:191,(anonymous_31)
FN:194,(anonymous_32)
FN:197,(anonymous_33)
FN:200,(anonymous_34)
FN:202,(anonymous_35)
FN:208,(anonymous_36)
FN:211,(anonymous_37)
FN:214,(anonymous_38)
FN:216,(anonymous_39)
FN:222,(anonymous_40)
FN:225,(anonymous_41)
FN:228,(anonymous_42)
FN:230,(anonymous_43)
FN:236,(anonymous_44)
FN:239,(anonymous_45)
FN:243,(anonymous_46)
FN:245,(anonymous_47)
FN:251,(anonymous_48)
FN:254,(anonymous_49)
FN:258,(anonymous_50)
FN:262,(anonymous_51)
FN:264,(anonymous_52)
FN:268,(anonymous_53)
FN:276,(anonymous_54)
FN:279,(anonymous_55)
FN:282,(anonymous_56)
FN:284,(anonymous_57)
FN:292,(anonymous_58)
FN:295,(anonymous_59)
FN:307,(anonymous_60)
FN:311,(anonymous_61)
FN:313,(anonymous_62)
FN:321,(anonymous_63)
FN:332,(anonymous_64)
FN:344,(anonymous_65)
FN:347,(anonymous_66)
FN:349,(anonymous_67)
FN:361,(anonymous_68)
FN:375,(anonymous_69)
FN:389,(anonymous_70)
FN:398,(anonymous_71)
FN:401,(anonymous_72)
FN:403,(anonymous_73)
FN:423,(anonymous_74)
FN:431,(anonymous_75)
FN:437,(anonymous_76)
FNF:77
FNH:58
FNDA:69,(anonymous_0)
FNDA:8,(anonymous_1)
FNDA:0,(anonymous_2)
FNDA:5,(anonymous_3)
FNDA:1,(anonymous_4)
FNDA:2,(anonymous_5)
FNDA:6,(anonymous_6)
FNDA:0,(anonymous_7)
FNDA:3,(anonymous_8)
FNDA:2,(anonymous_9)
FNDA:1,(anonymous_10)
FNDA:6,(anonymous_11)
FNDA:3,(anonymous_12)
FNDA:0,(anonymous_13)
FNDA:1,(anonymous_14)
FNDA:2,(anonymous_15)
FNDA:3,(anonymous_16)
FNDA:0,(anonymous_17)
FNDA:1,(anonymous_18)
FNDA:2,(anonymous_19)
FNDA:7,(anonymous_20)
FNDA:3,(anonymous_21)
FNDA:0,(anonymous_22)
FNDA:2,(anonymous_23)
FNDA:2,(anonymous_24)
FNDA:3,(anonymous_25)
FNDA:0,(anonymous_26)
FNDA:1,(anonymous_27)
FNDA:2,(anonymous_28)
FNDA:5,(anonymous_29)
FNDA:0,(anonymous_30)
FNDA:1,(anonymous_31)
FNDA:7,(anonymous_32)
FNDA:4,(anonymous_33)
FNDA:3,(anonymous_34)
FNDA:0,(anonymous_35)
FNDA:1,(anonymous_36)
FNDA:2,(anonymous_37)
FNDA:3,(anonymous_38)
FNDA:0,(anonymous_39)
FNDA:1,(anonymous_40)
FNDA:2,(anonymous_41)
FNDA:3,(anonymous_42)
FNDA:0,(anonymous_43)
FNDA:1,(anonymous_44)
FNDA:2,(anonymous_45)
FNDA:3,(anonymous_46)
FNDA:0,(anonymous_47)
FNDA:1,(anonymous_48)
FNDA:3,(anonymous_49)
FNDA:2,(anonymous_50)
FNDA:6,(anonymous_51)
FNDA:0,(anonymous_52)
FNDA:1,(anonymous_53)
FNDA:3,(anonymous_54)
FNDA:2,(anonymous_55)
FNDA:3,(anonymous_56)
FNDA:0,(anonymous_57)
FNDA:1,(anonymous_58)
FNDA:0,(anonymous_59)
FNDA:2,(anonymous_60)
FNDA:3,(anonymous_61)
FNDA:0,(anonymous_62)
FNDA:1,(anonymous_63)
FNDA:4,(anonymous_64)
FNDA:2,(anonymous_65)
FNDA:3,(anonymous_66)
FNDA:0,(anonymous_67)
FNDA:1,(anonymous_68)
FNDA:0,(anonymous_69)
FNDA:0,(anonymous_70)
FNDA:2,(anonymous_71)
FNDA:3,(anonymous_72)
FNDA:0,(anonymous_73)
FNDA:1,(anonymous_74)
FNDA:7,(anonymous_75)
FNDA:2,(anonymous_76)
DA:1,5
DA:2,5
DA:3,5
DA:4,5
DA:5,5
DA:6,5
DA:7,5
DA:8,5
DA:13,69
DA:17,8
DA:29,8
DA:30,0
DA:33,8
DA:34,5
DA:37,3
DA:39,3
DA:40,1
DA:43,2
DA:47,6
DA:52,6
DA:53,0
DA:55,6
DA:56,3
DA:59,3
DA:61,3
DA:62,2
DA:64,1
DA:69,6
DA:85,6
DA:86,3
DA:89,3
DA:90,0
DA:93,3
DA:98,3
DA:99,3
DA:102,3
DA:105,3
DA:108,3
DA:109,1
DA:112,2
DA:113,2
DA:115,2
DA:120,3
DA:121,0
DA:124,3
DA:127,3
DA:128,1
DA:131,2
DA:135,7
DA:143,7
DA:144,3
DA:145,3
DA:149,4
DA:150,0
DA:153,4
DA:157,4
DA:158,2
DA:159,2
DA:160,2
DA:166,2
DA:170,3
DA:171,0
DA:174,3
DA:176,3
DA:177,1
DA:180,2
DA:184,5
DA:185,0
DA:188,5
DA:190,5
DA:191,1
DA:193,4
DA:194,4
DA:195,7
DA:197,4
DA:201,3
DA:202,0
DA:205,3
DA:207,3
DA:208,1
DA:210,2
DA:211,2
DA:215,3
DA:216,0
DA:219,3
DA:221,3
DA:222,1
DA:224,2
DA:225,2
DA:229,3
DA:230,0
DA:233,3
DA:235,3
DA:236,1
DA:238,2
DA:239,2
DA:244,3
DA:245,0
DA:247,3
DA:248,3
DA:250,3
DA:251,1
DA:253,2
DA:254,2
DA:255,3
DA:258,2
DA:263,6
DA:264,0
DA:266,6
DA:267,6
DA:268,1
DA:270,5
DA:271,5
DA:272,5
DA:275,5
DA:276,3
DA:279,2
DA:283,3
DA:284,0
DA:286,3
DA:287,3
DA:288,3
DA:289,3
DA:291,3
DA:292,1
DA:295,2
DA:296,0
DA:299,2
DA:307,2
DA:312,3
DA:313,0
DA:314,0
DA:318,3
DA:319,3
DA:320,3
DA:321,1
DA:328,2
DA:330,2
DA:332,2
DA:333,4
DA:334,1
DA:336,3
DA:337,1
DA:340,2
DA:344,2
DA:348,3
DA:349,0
DA:350,0
DA:354,3
DA:360,3
DA:361,1
DA:366,2
DA:368,2
DA:374,2
DA:375,0
DA:380,2
DA:382,2
DA:388,2
DA:389,0
DA:394,2
DA:396,2
DA:398,2
DA:402,3
DA:403,0
DA:404,0
DA:416,3
DA:422,3
DA:423,1
DA:424,1
DA:428,2
DA:430,2
DA:431,2
DA:432,7
DA:437,2
DA:563,5
LF:175
LH:153
BRDA:29,0,0,0
BRDA:29,0,1,8
BRDA:33,1,0,5
BRDA:33,1,1,3
BRDA:39,2,0,1
BRDA:39,2,1,2
BRDA:52,3,0,0
BRDA:52,3,1,6
BRDA:55,4,0,3
BRDA:55,4,1,3
BRDA:61,5,0,2
BRDA:61,5,1,1
BRDA:85,6,0,3
BRDA:85,6,1,3
BRDA:89,7,0,0
BRDA:89,7,1,3
BRDA:108,8,0,1
BRDA:108,8,1,2
BRDA:120,9,0,0
BRDA:120,9,1,3
BRDA:127,10,0,1
BRDA:127,10,1,2
BRDA:143,11,0,3
BRDA:143,11,1,4
BRDA:149,12,0,0
BRDA:149,12,1,4
BRDA:157,13,0,2
BRDA:157,13,1,2
BRDA:158,14,0,0
BRDA:158,14,1,2
BRDA:170,15,0,0
BRDA:170,15,1,3
BRDA:176,16,0,1
BRDA:176,16,1,2
BRDA:184,17,0,0
BRDA:184,17,1,5
BRDA:190,18,0,1
BRDA:190,18,1,4
BRDA:201,19,0,0
BRDA:201,19,1,3
BRDA:207,20,0,1
BRDA:207,20,1,2
BRDA:215,21,0,0
BRDA:215,21,1,3
BRDA:221,22,0,1
BRDA:221,22,1,2
BRDA:229,23,0,0
BRDA:229,23,1,3
BRDA:235,24,0,1
BRDA:235,24,1,2
BRDA:244,25,0,0
BRDA:244,25,1,3
BRDA:250,26,0,1
BRDA:250,26,1,2
BRDA:263,27,0,0
BRDA:263,27,1,6
BRDA:267,28,0,1
BRDA:267,28,1,5
BRDA:275,29,0,3
BRDA:275,29,1,2
BRDA:283,30,0,0
BRDA:283,30,1,3
BRDA:291,31,0,1
BRDA:291,31,1,2
BRDA:291,32,0,3
BRDA:291,32,1,2
BRDA:291,32,2,2
BRDA:291,32,3,2
BRDA:312,33,0,0
BRDA:312,33,1,3
BRDA:320,34,0,1
BRDA:320,34,1,2
BRDA:320,35,0,3
BRDA:320,35,1,2
BRDA:333,36,0,1
BRDA:333,36,1,3
BRDA:336,37,0,1
BRDA:336,37,1,2
BRDA:348,38,0,0
BRDA:348,38,1,3
BRDA:360,39,0,1
BRDA:360,39,1,2
BRDA:360,40,0,3
BRDA:360,40,1,2
BRDA:374,41,0,0
BRDA:374,41,1,2
BRDA:374,42,0,2
BRDA:374,42,1,2
BRDA:388,43,0,0
BRDA:388,43,1,2
BRDA:388,44,0,2
BRDA:388,44,1,2
BRDA:402,45,0,0
BRDA:402,45,1,3
BRDA:422,46,0,1
BRDA:422,46,1,2
BRF:96
BRH:77
end_of_record
TN:
SF:src\models\Lecturer.js
FN:6,(anonymous_0)
FN:10,(anonymous_1)
FN:20,(anonymous_2)
FN:24,(anonymous_3)
FN:31,(anonymous_4)
FN:38,(anonymous_5)
FN:43,(anonymous_6)
FN:53,(anonymous_7)
FN:57,(anonymous_8)
FN:64,(anonymous_9)
FN:71,(anonymous_10)
FN:76,(anonymous_11)
FN:78,(anonymous_12)
FN:91,(anonymous_13)
FN:99,(anonymous_14)
FN:119,(anonymous_15)
FN:124,(anonymous_16)
FN:128,(anonymous_17)
FN:134,(anonymous_18)
FN:139,(anonymous_19)
FN:141,(anonymous_20)
FN:149,(anonymous_21)
FN:153,(anonymous_22)
FN:159,(anonymous_23)
FN:164,(anonymous_24)
FN:166,(anonymous_25)
FN:174,(anonymous_26)
FN:176,(anonymous_27)
FN:189,(anonymous_28)
FN:196,(anonymous_29)
FN:216,(anonymous_30)
FN:221,(anonymous_31)
FN:223,(anonymous_32)
FN:231,(anonymous_33)
FN:239,(anonymous_34)
FN:253,(anonymous_35)
FN:264,(anonymous_36)
FN:291,(anonymous_37)
FN:298,(anonymous_38)
FN:300,(anonymous_39)
FN:305,(anonymous_40)
FN:308,(anonymous_41)
FN:333,(anonymous_42)
FNF:43
FNH:34
FNDA:34,(anonymous_0)
FNDA:7,(anonymous_1)
FNDA:3,(anonymous_2)
FNDA:0,(anonymous_3)
FNDA:2,(anonymous_4)
FNDA:2,(anonymous_5)
FNDA:7,(anonymous_6)
FNDA:3,(anonymous_7)
FNDA:0,(anonymous_8)
FNDA:2,(anonymous_9)
FNDA:2,(anonymous_10)
FNDA:9,(anonymous_11)
FNDA:0,(anonymous_12)
FNDA:3,(anonymous_13)
FNDA:12,(anonymous_14)
FNDA:6,(anonymous_15)
FNDA:3,(anonymous_16)
FNDA:0,(anonymous_17)
FNDA:1,(anonymous_18)
FNDA:2,(anonymous_19)
FNDA:2,(anonymous_20)
FNDA:3,(anonymous_21)
FNDA:0,(anonymous_22)
FNDA:1,(anonymous_23)
FNDA:2,(anonymous_24)
FNDA:2,(anonymous_25)
FNDA:3,(anonymous_26)
FNDA:0,(anonymous_27)
FNDA:1,(anonymous_28)
FNDA:4,(anonymous_29)
FNDA:2,(anonymous_30)
FNDA:4,(anonymous_31)
FNDA:0,(anonymous_32)
FNDA:1,(anonymous_33)
FNDA:3,(anonymous_34)
FNDA:1,(anonymous_35)
FNDA:0,(anonymous_36)
FNDA:2,(anonymous_37)
FNDA:3,(anonymous_38)
FNDA:0,(anonymous_39)
FNDA:1,(anonymous_40)
FNDA:3,(anonymous_41)
FNDA:2,(anonymous_42)
DA:1,5
DA:2,5
DA:3,5
DA:7,34
DA:11,7
DA:19,7
DA:20,3
DA:23,4
DA:24,0
DA:27,4
DA:30,4
DA:31,2
DA:32,2
DA:38,2
DA:39,2
DA:44,7
DA:52,7
DA:53,3
DA:56,4
DA:57,0
DA:60,4
DA:63,4
DA:64,2
DA:65,2
DA:71,2
DA:72,2
DA:77,9
DA:78,0
DA:79,0
DA:83,9
DA:90,9
DA:91,3
DA:92,3
DA:95,6
DA:97,6
DA:98,6
DA:99,6
DA:101,12
DA:105,7
DA:106,7
DA:107,7
DA:108,7
DA:109,7
DA:119,6
DA:120,6
DA:125,3
DA:127,3
DA:128,0
DA:129,0
DA:133,3
DA:134,1
DA:135,1
DA:138,2
DA:139,2
DA:141,2
DA:142,2
DA:150,3
DA:152,3
DA:153,0
DA:154,0
DA:158,3
DA:159,1
DA:160,1
DA:163,2
DA:164,2
DA:166,2
DA:167,2
DA:175,3
DA:176,0
DA:177,0
DA:181,3
DA:188,3
DA:189,1
DA:190,1
DA:193,2
DA:195,2
DA:196,2
DA:198,4
DA:202,2
DA:203,2
DA:204,2
DA:205,2
DA:206,2
DA:216,2
DA:217,2
DA:222,4
DA:223,0
DA:224,0
DA:228,4
DA:230,4
DA:231,1
DA:232,1
DA:236,3
DA:237,3
DA:239,3
DA:240,3
DA:241,0
DA:244,3
DA:249,3
DA:251,3
DA:252,3
DA:253,1
DA:254,1
DA:257,2
DA:260,2
DA:262,2
DA:263,2
DA:264,0
DA:265,0
DA:268,2
DA:270,2
DA:272,2
DA:273,2
DA:274,2
DA:275,2
DA:276,2
DA:278,2
DA:279,2
DA:280,2
DA:281,2
DA:282,2
DA:283,2
DA:284,2
DA:285,2
DA:286,2
DA:287,2
DA:288,2
DA:289,2
DA:291,2
DA:292,2
DA:299,3
DA:300,0
DA:302,3
DA:304,3
DA:305,1
DA:308,2
DA:309,3
DA:312,2
DA:314,2
DA:315,2
DA:316,2
DA:317,6
DA:318,0
DA:323,6
DA:324,3
DA:330,3
DA:333,2
DA:338,5
LF:148
LH:131
BRDA:19,0,0,3
BRDA:19,0,1,4
BRDA:23,1,0,0
BRDA:23,1,1,4
BRDA:30,2,0,2
BRDA:30,2,1,2
BRDA:30,3,0,4
BRDA:30,3,1,3
BRDA:52,4,0,3
BRDA:52,4,1,4
BRDA:56,5,0,0
BRDA:56,5,1,4
BRDA:63,6,0,2
BRDA:63,6,1,2
BRDA:63,7,0,4
BRDA:63,7,1,3
BRDA:77,8,0,0
BRDA:77,8,1,9
BRDA:90,9,0,3
BRDA:90,9,1,6
BRDA:101,10,0,7
BRDA:101,10,1,5
BRDA:127,11,0,0
BRDA:127,11,1,3
BRDA:133,12,0,1
BRDA:133,12,1,2
BRDA:152,13,0,0
BRDA:152,13,1,3
BRDA:158,14,0,1
BRDA:158,14,1,2
BRDA:175,15,0,0
BRDA:175,15,1,3
BRDA:188,16,0,1
BRDA:188,16,1,2
BRDA:198,17,0,2
BRDA:198,17,1,2
BRDA:222,18,0,0
BRDA:222,18,1,4
BRDA:230,19,0,1
BRDA:230,19,1,3
BRDA:230,20,0,4
BRDA:230,20,1,3
BRDA:240,21,0,0
BRDA:240,21,1,3
BRDA:252,22,0,1
BRDA:252,22,1,2
BRDA:263,23,0,0
BRDA:263,23,1,2
BRDA:299,24,0,0
BRDA:299,24,1,3
BRDA:304,25,0,1
BRDA:304,25,1,2
BRDA:317,26,0,0
BRDA:317,26,1,6
BRDA:323,27,0,3
BRDA:323,27,1,3
BRF:56
BRH:45
end_of_record
TN:
SF:src\models\Student.js
FN:8,(anonymous_0)
FN:12,(anonymous_1)
FN:28,(anonymous_2)
FN:34,(anonymous_3)
FN:58,(anonymous_4)
FN:67,(anonymous_5)
FN:70,(anonymous_6)
FN:77,(anonymous_7)
FN:93,(anonymous_8)
FN:99,(anonymous_9)
FN:115,(anonymous_10)
FN:118,(anonymous_11)
FN:121,(anonymous_12)
FN:122,(anonymous_13)
FN:128,(anonymous_14)
FN:132,(anonymous_15)
FN:137,(anonymous_16)
FN:142,(anonymous_17)
FN:166,(anonymous_18)
FN:169,(anonymous_19)
FN:172,(anonymous_20)
FN:174,(anonymous_21)
FN:187,(anonymous_22)
FN:195,(anonymous_23)
FN:209,(anonymous_24)
FN:214,(anonymous_25)
FN:216,(anonymous_26)
FN:225,(anonymous_27)
FN:233,(anonymous_28)
FN:255,(anonymous_29)
FN:281,(anonymous_30)
FN:286,(anonymous_31)
FN:288,(anonymous_32)
FN:296,(anonymous_33)
FN:302,(anonymous_34)
FN:327,(anonymous_35)
FN:335,(anonymous_36)
FN:337,(anonymous_37)
FN:357,(anonymous_38)
FN:367,(anonymous_39)
FN:372,(anonymous_40)
FN:382,(anonymous_41)
FN:387,(anonymous_42)
FN:389,(anonymous_43)
FN:409,(anonymous_44)
FN:422,(anonymous_45)
FN:427,(anonymous_46)
FN:430,(anonymous_47)
FN:454,(anonymous_48)
FN:457,(anonymous_49)
FN:479,(anonymous_50)
FN:481,(anonymous_51)
FN:489,(anonymous_52)
FN:497,(anonymous_53)
FN:508,(anonymous_54)
FN:516,(anonymous_55)
FN:559,(anonymous_56)
FN:564,(anonymous_57)
FN:566,(anonymous_58)
FN:576,(anonymous_59)
FN:579,(anonymous_60)
FN:583,(anonymous_61)
FN:586,(anonymous_62)
FN:588,(anonymous_63)
FN:598,(anonymous_64)
FN:601,(anonymous_65)
FN:607,(anonymous_66)
FNF:67
FNH:48
FNDA:45,(anonymous_0)
FNDA:5,(anonymous_1)
FNDA:2,(anonymous_2)
FNDA:0,(anonymous_3)
FNDA:1,(anonymous_4)
FNDA:2,(anonymous_5)
FNDA:4,(anonymous_6)
FNDA:4,(anonymous_7)
FNDA:2,(anonymous_8)
FNDA:0,(anonymous_9)
FNDA:1,(anonymous_10)
FNDA:1,(anonymous_11)
FNDA:0,(anonymous_12)
FNDA:0,(anonymous_13)
FNDA:0,(anonymous_14)
FNDA:0,(anonymous_15)
FNDA:0,(anonymous_16)
FNDA:0,(anonymous_17)
FNDA:0,(anonymous_18)
FNDA:0,(anonymous_19)
FNDA:4,(anonymous_20)
FNDA:0,(anonymous_21)
FNDA:2,(anonymous_22)
FNDA:4,(anonymous_23)
FNDA:2,(anonymous_24)
FNDA:4,(anonymous_25)
FNDA:0,(anonymous_26)
FNDA:1,(anonymous_27)
FNDA:3,(anonymous_28)
FNDA:1,(anonymous_29)
FNDA:2,(anonymous_30)
FNDA:4,(anonymous_31)
FNDA:8,(anonymous_32)
FNDA:4,(anonymous_33)
FNDA:4,(anonymous_34)
FNDA:4,(anonymous_35)
FNDA:5,(anonymous_36)
FNDA:0,(anonymous_37)
FNDA:3,(anonymous_38)
FNDA:2,(anonymous_39)
FNDA:2,(anonymous_40)
FNDA:2,(anonymous_41)
FNDA:5,(anonymous_42)
FNDA:0,(anonymous_43)
FNDA:3,(anonymous_44)
FNDA:2,(anonymous_45)
FNDA:4,(anonymous_46)
FNDA:4,(anonymous_47)
FNDA:4,(anonymous_48)
FNDA:3,(anonymous_49)
FNDA:5,(anonymous_50)
FNDA:0,(anonymous_51)
FNDA:2,(anonymous_52)
FNDA:0,(anonymous_53)
FNDA:0,(anonymous_54)
FNDA:3,(anonymous_55)
FNDA:3,(anonymous_56)
FNDA:4,(anonymous_57)
FNDA:0,(anonymous_58)
FNDA:2,(anonymous_59)
FNDA:4,(anonymous_60)
FNDA:2,(anonymous_61)
FNDA:4,(anonymous_62)
FNDA:0,(anonymous_63)
FNDA:2,(anonymous_64)
FNDA:4,(anonymous_65)
FNDA:2,(anonymous_66)
DA:1,6
DA:2,6
DA:3,6
DA:4,6
DA:5,6
DA:9,45
DA:13,5
DA:27,5
DA:28,2
DA:29,2
DA:33,3
DA:34,0
DA:36,3
DA:39,3
DA:40,3
DA:43,3
DA:54,3
DA:57,3
DA:58,1
DA:60,2
DA:61,2
DA:67,2
DA:77,4
DA:78,4
DA:92,4
DA:93,2
DA:94,2
DA:98,2
DA:99,0
DA:104,2
DA:114,2
DA:115,1
DA:118,1
DA:122,0
DA:123,0
DA:128,0
DA:131,0
DA:132,0
DA:133,0
DA:136,0
DA:137,0
DA:139,0
DA:141,0
DA:142,0
DA:143,0
DA:150,0
DA:152,0
DA:157,0
DA:165,0
DA:166,0
DA:169,0
DA:173,4
DA:174,0
DA:175,0
DA:179,4
DA:186,4
DA:187,2
DA:188,2
DA:191,2
DA:193,2
DA:194,2
DA:195,2
DA:198,4
DA:199,4
DA:200,4
DA:201,4
DA:202,4
DA:209,2
DA:210,2
DA:215,4
DA:216,0
DA:217,0
DA:221,4
DA:224,4
DA:225,1
DA:226,1
DA:230,3
DA:231,3
DA:233,3
DA:234,3
DA:235,0
DA:237,3
DA:246,3
DA:248,3
DA:254,3
DA:255,1
DA:256,1
DA:259,2
DA:260,2
DA:262,2
DA:263,2
DA:264,2
DA:265,2
DA:266,2
DA:268,2
DA:269,2
DA:270,2
DA:271,2
DA:272,2
DA:273,2
DA:274,2
DA:275,2
DA:276,2
DA:277,2
DA:278,2
DA:279,2
DA:281,2
DA:282,2
DA:288,4
DA:289,8
DA:295,8
DA:296,4
DA:297,4
DA:302,4
DA:303,4
DA:311,4
DA:319,4
DA:320,4
DA:321,4
DA:322,8
DA:323,8
DA:327,4
DA:328,4
DA:336,5
DA:337,0
DA:338,0
DA:342,5
DA:348,5
DA:356,5
DA:357,3
DA:358,3
DA:361,2
DA:362,2
DA:365,2
DA:366,2
DA:367,2
DA:368,2
DA:369,2
DA:372,2
DA:373,2
DA:374,1
DA:378,2
DA:379,2
DA:380,2
DA:382,2
DA:383,2
DA:388,5
DA:389,0
DA:390,0
DA:394,5
DA:400,5
DA:408,5
DA:409,3
DA:410,3
DA:413,2
DA:414,2
DA:418,2
DA:419,2
DA:420,2
DA:422,2
DA:423,2
DA:428,4
DA:429,4
DA:430,4
DA:433,4
DA:434,4
DA:435,4
DA:436,4
DA:437,4
DA:438,4
DA:439,4
DA:440,4
DA:441,4
DA:442,4
DA:443,4
DA:451,4
DA:455,4
DA:456,4
DA:457,4
DA:460,3
DA:461,3
DA:462,3
DA:463,3
DA:464,3
DA:465,3
DA:466,3
DA:467,3
DA:468,3
DA:477,4
DA:480,5
DA:481,0
DA:482,0
DA:487,5
DA:488,4
DA:489,4
DA:490,2
DA:491,2
DA:496,2
DA:497,0
DA:498,0
DA:502,2
DA:504,1
DA:507,3
DA:508,0
DA:509,0
DA:513,3
DA:514,3
DA:516,3
DA:517,3
DA:518,0
DA:520,3
DA:529,3
DA:531,3
DA:532,3
DA:533,3
DA:534,3
DA:535,3
DA:536,3
DA:537,3
DA:538,3
DA:539,3
DA:540,3
DA:541,3
DA:543,3
DA:544,3
DA:545,3
DA:546,3
DA:547,3
DA:548,3
DA:549,1
DA:550,1
DA:552,2
DA:553,2
DA:554,2
DA:555,2
DA:556,2
DA:559,3
DA:560,3
DA:565,4
DA:566,0
DA:569,4
DA:575,4
DA:576,2
DA:578,2
DA:579,2
DA:580,4
DA:581,4
DA:583,2
DA:587,4
DA:588,0
DA:591,4
DA:597,4
DA:598,2
DA:600,2
DA:601,2
DA:602,4
DA:603,4
DA:604,4
DA:605,4
DA:607,2
DA:611,6
LF:261
LH:223
BRDA:27,0,0,2
BRDA:27,0,1,3
BRDA:33,1,0,0
BRDA:33,1,1,3
BRDA:57,2,0,1
BRDA:57,2,1,2
BRDA:77,3,0,2
BRDA:77,3,1,2
BRDA:92,4,0,2
BRDA:92,4,1,2
BRDA:98,5,0,0
BRDA:98,5,1,2
BRDA:114,6,0,1
BRDA:114,6,1,1
BRDA:131,7,0,0
BRDA:131,7,1,0
BRDA:136,8,0,0
BRDA:136,8,1,0
BRDA:141,9,0,0
BRDA:141,9,1,0
BRDA:165,10,0,0
BRDA:165,10,1,0
BRDA:173,11,0,0
BRDA:173,11,1,4
BRDA:186,12,0,2
BRDA:186,12,1,2
BRDA:215,13,0,0
BRDA:215,13,1,4
BRDA:224,14,0,1
BRDA:224,14,1,3
BRDA:224,15,0,4
BRDA:224,15,1,3
BRDA:234,16,0,0
BRDA:234,16,1,3
BRDA:254,17,0,1
BRDA:254,17,1,2
BRDA:295,18,0,4
BRDA:295,18,1,4
BRDA:295,19,0,8
BRDA:295,19,1,4
BRDA:323,20,0,8
BRDA:323,20,1,5
BRDA:336,21,0,0
BRDA:336,21,1,5
BRDA:356,22,0,3
BRDA:356,22,1,2
BRDA:356,23,0,5
BRDA:356,23,1,3
BRDA:368,24,0,2
BRDA:368,24,1,0
BRDA:373,25,0,1
BRDA:373,25,1,1
BRDA:388,26,0,0
BRDA:388,26,1,5
BRDA:408,27,0,3
BRDA:408,27,1,2
BRDA:408,28,0,5
BRDA:408,28,1,3
BRDA:480,29,0,0
BRDA:480,29,1,5
BRDA:487,30,0,4
BRDA:487,30,1,1
BRDA:489,31,0,2
BRDA:489,31,1,2
BRDA:496,32,0,0
BRDA:496,32,1,2
BRDA:507,33,0,0
BRDA:507,33,1,3
BRDA:507,34,0,3
BRDA:507,34,1,3
BRDA:517,35,0,0
BRDA:517,35,1,3
BRDA:531,36,0,2
BRDA:531,36,1,1
BRDA:548,37,0,1
BRDA:548,37,1,2
BRDA:565,38,0,0
BRDA:565,38,1,4
BRDA:575,39,0,2
BRDA:575,39,1,2
BRDA:587,40,0,0
BRDA:587,40,1,4
BRDA:597,41,0,2
BRDA:597,41,1,2
BRF:84
BRH:62
end_of_record
TN:
SF:src\models\TechnicalOffcier.js
FN:6,(anonymous_0)
FN:10,(anonymous_1)
FN:20,(anonymous_2)
FN:24,(anonymous_3)
FN:39,(anonymous_4)
FN:62,(anonymous_5)
FN:65,(anonymous_6)
FN:68,(anonymous_7)
FN:72,(anonymous_8)
FN:78,(anonymous_9)
FN:83,(anonymous_10)
FN:88,(anonymous_11)
FN:96,(anonymous_12)
FN:105,(anonymous_13)
FN:109,(anonymous_14)
FN:122,(anonymous_15)
FN:124,(anonymous_16)
FN:127,(anonymous_17)
FN:135,(anonymous_18)
FN:144,(anonymous_19)
FN:148,(anonymous_20)
FN:161,(anonymous_21)
FN:163,(anonymous_22)
FN:166,(anonymous_23)
FN:174,(anonymous_24)
FN:183,(anonymous_25)
FN:187,(anonymous_26)
FN:200,(anonymous_27)
FN:202,(anonymous_28)
FN:205,(anonymous_29)
FN:207,(anonymous_30)
FN:221,(anonymous_31)
FN:224,(anonymous_32)
FN:226,(anonymous_33)
FN:230,(anonymous_34)
FN:232,(anonymous_35)
FN:238,(anonymous_36)
FN:240,(anonymous_37)
FN:243,(anonymous_38)
FN:253,(anonymous_39)
FN:259,(anonymous_40)
FN:272,(anonymous_41)
FN:274,(anonymous_42)
FN:277,(anonymous_43)
FN:287,(anonymous_44)
FN:295,(anonymous_45)
FN:299,(anonymous_46)
FN:313,(anonymous_47)
FN:315,(anonymous_48)
FN:318,(anonymous_49)
FN:320,(anonymous_50)
FN:327,(anonymous_51)
FN:332,(anonymous_52)
FN:339,(anonymous_53)
FN:345,(anonymous_54)
FN:348,(anonymous_55)
FN:354,(anonymous_56)
FN:359,(anonymous_57)
FN:361,(anonymous_58)
FN:365,(anonymous_59)
FN:377,(anonymous_60)
FN:382,(anonymous_61)
FN:386,(anonymous_62)
FN:389,(anonymous_63)
FN:391,(anonymous_64)
FN:401,(anonymous_65)
FN:405,(anonymous_66)
FN:408,(anonymous_67)
FN:410,(anonymous_68)
FN:431,(anonymous_69)
FN:433,(anonymous_70)
FN:438,(anonymous_71)
FN:440,(anonymous_72)
FN:448,(anonymous_73)
FN:460,(anonymous_74)
FN:468,(anonymous_75)
FN:474,(anonymous_76)
FN:477,(anonymous_77)
FN:479,(anonymous_78)
FN:491,(anonymous_79)
FN:505,(anonymous_80)
FN:519,(anonymous_81)
FN:528,(anonymous_82)
FN:531,(anonymous_83)
FN:533,(anonymous_84)
FN:541,(anonymous_85)
FN:549,(anonymous_86)
FN:560,(anonymous_87)
FN:572,(anonymous_88)
FNF:89
FNH:69
FNDA:78,(anonymous_0)
FNDA:8,(anonymous_1)
FNDA:0,(anonymous_2)
FNDA:3,(anonymous_3)
FNDA:1,(anonymous_4)
FNDA:2,(anonymous_5)
FNDA:2,(anonymous_6)
FNDA:4,(anonymous_7)
FNDA:0,(anonymous_8)
FNDA:2,(anonymous_9)
FNDA:2,(anonymous_10)
FNDA:8,(anonymous_11)
FNDA:2,(anonymous_12)
FNDA:0,(anonymous_13)
FNDA:3,(anonymous_14)
FNDA:2,(anonymous_15)
FNDA:1,(anonymous_16)
FNDA:8,(anonymous_17)
FNDA:2,(anonymous_18)
FNDA:0,(anonymous_19)
FNDA:3,(anonymous_20)
FNDA:2,(anonymous_21)
FNDA:1,(anonymous_22)
FNDA:8,(anonymous_23)
FNDA:2,(anonymous_24)
FNDA:0,(anonymous_25)
FNDA:3,(anonymous_26)
FNDA:2,(anonymous_27)
FNDA:1,(anonymous_28)
FNDA:4,(anonymous_29)
FNDA:0,(anonymous_30)
FNDA:2,(anonymous_31)
FNDA:2,(anonymous_32)
FNDA:2,(anonymous_33)
FNDA:2,(anonymous_34)
FNDA:0,(anonymous_35)
FNDA:1,(anonymous_36)
FNDA:1,(anonymous_37)
FNDA:3,(anonymous_38)
FNDA:0,(anonymous_39)
FNDA:0,(anonymous_40)
FNDA:2,(anonymous_41)
FNDA:1,(anonymous_42)
FNDA:8,(anonymous_43)
FNDA:2,(anonymous_44)
FNDA:0,(anonymous_45)
FNDA:3,(anonymous_46)
FNDA:2,(anonymous_47)
FNDA:1,(anonymous_48)
FNDA:3,(anonymous_49)
FNDA:0,(anonymous_50)
FNDA:1,(anonymous_51)
FNDA:3,(anonymous_52)
FNDA:2,(anonymous_53)
FNDA:4,(anonymous_54)
FNDA:2,(anonymous_55)
FNDA:2,(anonymous_56)
FNDA:2,(anonymous_57)
FNDA:0,(anonymous_58)
FNDA:1,(anonymous_59)
FNDA:1,(anonymous_60)
FNDA:1,(anonymous_61)
FNDA:0,(anonymous_62)
FNDA:3,(anonymous_63)
FNDA:0,(anonymous_64)
FNDA:2,(anonymous_65)
FNDA:1,(anonymous_66)
FNDA:3,(anonymous_67)
FNDA:0,(anonymous_68)
FNDA:2,(anonymous_69)
FNDA:1,(anonymous_70)
FNDA:4,(anonymous_71)
FNDA:0,(anonymous_72)
FNDA:2,(anonymous_73)
FNDA:1,(anonymous_74)
FNDA:1,(anonymous_75)
FNDA:1,(anonymous_76)
FNDA:3,(anonymous_77)
FNDA:0,(anonymous_78)
FNDA:1,(anonymous_79)
FNDA:0,(anonymous_80)
FNDA:0,(anonymous_81)
FNDA:2,(anonymous_82)
FNDA:5,(anonymous_83)
FNDA:0,(anonymous_84)
FNDA:2,(anonymous_85)
FNDA:1,(anonymous_86)
FNDA:4,(anonymous_87)
FNDA:2,(anonymous_88)
DA:1,5
DA:2,5
DA:3,5
DA:7,78
DA:11,8
DA:19,8
DA:20,0
DA:23,8
DA:24,3
DA:25,3
DA:29,5
DA:36,5
DA:37,4
DA:39,4
DA:40,3
DA:41,3
DA:42,3
DA:44,3
DA:46,3
DA:51,3
DA:61,3
DA:62,2
DA:65,2
DA:69,4
DA:71,4
DA:72,0
DA:73,0
DA:77,4
DA:78,2
DA:79,2
DA:83,2
DA:84,2
DA:89,8
DA:95,8
DA:96,2
DA:97,2
DA:102,6
DA:104,6
DA:105,0
DA:108,6
DA:109,3
DA:112,3
DA:121,3
DA:122,2
DA:124,1
DA:128,8
DA:134,8
DA:135,2
DA:136,2
DA:141,6
DA:143,6
DA:144,0
DA:147,6
DA:148,3
DA:151,3
DA:160,3
DA:161,2
DA:163,1
DA:167,8
DA:173,8
DA:174,2
DA:175,2
DA:180,6
DA:182,6
DA:183,0
DA:186,6
DA:187,3
DA:190,3
DA:199,3
DA:200,2
DA:202,1
DA:206,4
DA:207,0
DA:210,4
DA:211,2
DA:214,2
DA:218,4
DA:219,2
DA:220,2
DA:221,2
DA:222,2
DA:224,2
DA:226,2
DA:231,2
DA:232,0
DA:235,2
DA:237,2
DA:238,1
DA:240,1
DA:244,3
DA:252,3
DA:253,0
DA:254,0
DA:258,3
DA:259,0
DA:262,3
DA:271,3
DA:272,2
DA:274,1
DA:278,8
DA:286,8
DA:287,2
DA:288,2
DA:292,6
DA:294,6
DA:295,0
DA:298,6
DA:299,3
DA:303,3
DA:312,3
DA:313,2
DA:315,1
DA:319,3
DA:320,0
DA:324,3
DA:326,3
DA:327,1
DA:329,2
DA:330,2
DA:331,2
DA:332,2
DA:333,3
DA:334,3
DA:335,3
DA:339,2
DA:340,2
DA:346,4
DA:347,4
DA:348,2
DA:349,2
DA:353,2
DA:354,2
DA:355,2
DA:360,2
DA:361,0
DA:363,2
DA:364,2
DA:365,1
DA:369,1
DA:375,1
DA:376,1
DA:377,1
DA:378,1
DA:379,1
DA:382,1
DA:383,1
DA:386,0
DA:390,3
DA:391,0
DA:394,3
DA:400,3
DA:401,2
DA:402,2
DA:405,1
DA:409,3
DA:410,0
DA:413,3
DA:418,3
DA:419,2
DA:421,2
DA:422,2
DA:423,2
DA:424,2
DA:425,4
DA:431,2
DA:433,1
DA:434,1
DA:439,4
DA:440,0
DA:441,0
DA:445,4
DA:447,4
DA:448,2
DA:452,2
DA:453,2
DA:459,2
DA:460,1
DA:461,1
DA:465,1
DA:467,1
DA:468,1
DA:469,1
DA:474,1
DA:478,3
DA:479,0
DA:480,0
DA:484,3
DA:490,3
DA:491,1
DA:496,2
DA:498,2
DA:504,2
DA:505,0
DA:510,2
DA:512,2
DA:518,2
DA:519,0
DA:524,2
DA:526,2
DA:528,2
DA:532,5
DA:533,0
DA:534,0
DA:538,5
DA:540,5
DA:541,2
DA:545,3
DA:546,3
DA:547,3
DA:548,3
DA:549,1
DA:550,1
DA:556,2
DA:558,2
DA:560,2
DA:561,4
DA:562,1
DA:564,3
DA:565,1
DA:568,2
DA:572,2
DA:577,5
LF:222
LH:197
BRDA:19,0,0,0
BRDA:19,0,1,8
BRDA:23,1,0,3
BRDA:23,1,1,5
BRDA:36,2,0,4
BRDA:36,2,1,1
BRDA:36,3,0,5
BRDA:36,3,1,1
BRDA:39,4,0,1
BRDA:39,4,1,3
BRDA:61,5,0,2
BRDA:61,5,1,1
BRDA:71,6,0,0
BRDA:71,6,1,4
BRDA:77,7,0,2
BRDA:77,7,1,2
BRDA:95,8,0,2
BRDA:95,8,1,6
BRDA:104,9,0,0
BRDA:104,9,1,6
BRDA:108,10,0,3
BRDA:108,10,1,3
BRDA:108,11,0,6
BRDA:108,11,1,4
BRDA:121,12,0,2
BRDA:121,12,1,1
BRDA:134,13,0,2
BRDA:134,13,1,6
BRDA:143,14,0,0
BRDA:143,14,1,6
BRDA:147,15,0,3
BRDA:147,15,1,3
BRDA:147,16,0,6
BRDA:147,16,1,4
BRDA:160,17,0,2
BRDA:160,17,1,1
BRDA:173,18,0,2
BRDA:173,18,1,6
BRDA:182,19,0,0
BRDA:182,19,1,6
BRDA:186,20,0,3
BRDA:186,20,1,3
BRDA:186,21,0,6
BRDA:186,21,1,4
BRDA:199,22,0,2
BRDA:199,22,1,1
BRDA:206,23,0,0
BRDA:206,23,1,4
BRDA:210,24,0,2
BRDA:210,24,1,2
BRDA:218,25,0,2
BRDA:218,25,1,2
BRDA:231,26,0,0
BRDA:231,26,1,2
BRDA:237,27,0,1
BRDA:237,27,1,1
BRDA:252,28,0,0
BRDA:252,28,1,3
BRDA:258,29,0,0
BRDA:258,29,1,3
BRDA:271,30,0,2
BRDA:271,30,1,1
BRDA:286,31,0,2
BRDA:286,31,1,6
BRDA:294,32,0,0
BRDA:294,32,1,6
BRDA:298,33,0,3
BRDA:298,33,1,3
BRDA:298,34,0,6
BRDA:298,34,1,4
BRDA:312,35,0,2
BRDA:312,35,1,1
BRDA:319,36,0,0
BRDA:319,36,1,3
BRDA:326,37,0,1
BRDA:326,37,1,2
BRDA:333,38,0,3
BRDA:333,38,1,0
BRDA:347,39,0,2
BRDA:347,39,1,2
BRDA:360,40,0,0
BRDA:360,40,1,2
BRDA:364,41,0,1
BRDA:364,41,1,1
BRDA:375,42,0,1
BRDA:375,42,1,0
BRDA:390,43,0,0
BRDA:390,43,1,3
BRDA:400,44,0,2
BRDA:400,44,1,1
BRDA:400,45,0,3
BRDA:400,45,1,2
BRDA:409,46,0,0
BRDA:409,46,1,3
BRDA:418,47,0,2
BRDA:418,47,1,1
BRDA:421,48,0,2
BRDA:421,48,1,0
BRDA:439,49,0,0
BRDA:439,49,1,4
BRDA:447,50,0,2
BRDA:447,50,1,2
BRDA:447,51,0,4
BRDA:447,51,1,2
BRDA:459,52,0,1
BRDA:459,52,1,1
BRDA:478,53,0,0
BRDA:478,53,1,3
BRDA:490,54,0,1
BRDA:490,54,1,2
BRDA:490,55,0,3
BRDA:490,55,1,2
BRDA:504,56,0,0
BRDA:504,56,1,2
BRDA:504,57,0,2
BRDA:504,57,1,2
BRDA:518,58,0,0
BRDA:518,58,1,2
BRDA:518,59,0,2
BRDA:518,59,1,2
BRDA:532,60,0,0
BRDA:532,60,1,5
BRDA:540,61,0,2
BRDA:540,61,1,3
BRDA:540,62,0,5
BRDA:540,62,1,3
BRDA:548,63,0,1
BRDA:548,63,1,2
BRDA:561,64,0,1
BRDA:561,64,1,3
BRDA:564,65,0,1
BRDA:564,65,1,2
BRF:132
BRH:110
end_of_record
TN:
SF:src\models\User.js
FN:22,(anonymous_0)
FN:31,(anonymous_1)
FN:44,(anonymous_2)
FN:49,(anonymous_3)
FN:56,(anonymous_4)
FN:70,(anonymous_5)
FN:73,(anonymous_6)
FN:85,(anonymous_7)
FN:93,(anonymous_8)
FN:99,(anonymous_9)
FN:105,(anonymous_10)
FN:111,(anonymous_11)
FN:117,(anonymous_12)
FN:122,(anonymous_13)
FN:126,(anonymous_14)
FN:133,(anonymous_15)
FN:145,(anonymous_16)
FN:154,(anonymous_17)
FN:158,(anonymous_18)
FN:162,(anonymous_19)
FN:167,(anonymous_20)
FN:171,(anonymous_21)
FN:183,(anonymous_22)
FN:187,(anonymous_23)
FN:191,(anonymous_24)
FN:197,(anonymous_25)
FN:199,(anonymous_26)
FN:209,(anonymous_27)
FN:217,(anonymous_28)
FNF:29
FNH:13
FNDA:236,(anonymous_0)
FNDA:4,(anonymous_1)
FNDA:2,(anonymous_2)
FNDA:0,(anonymous_3)
FNDA:0,(anonymous_4)
FNDA:1,(anonymous_5)
FNDA:1,(anonymous_6)
FNDA:4,(anonymous_7)
FNDA:1,(anonymous_8)
FNDA:1,(anonymous_9)
FNDA:0,(anonymous_10)
FNDA:1,(anonymous_11)
FNDA:1,(anonymous_12)
FNDA:0,(anonymous_13)
FNDA:0,(anonymous_14)
FNDA:0,(anonymous_15)
FNDA:0,(anonymous_16)
FNDA:0,(anonymous_17)
FNDA:0,(anonymous_18)
FNDA:0,(anonymous_19)
FNDA:0,(anonymous_20)
FNDA:0,(anonymous_21)
FNDA:0,(anonymous_22)
FNDA:0,(anonymous_23)
FNDA:0,(anonymous_24)
FNDA:5,(anonymous_25)
FNDA:0,(anonymous_26)
FNDA:1,(anonymous_27)
FNDA:4,(anonymous_28)
DA:1,9
DA:2,9
DA:3,9
DA:4,9
DA:5,9
DA:6,9
DA:8,9
DA:23,236
DA:24,236
DA:25,236
DA:26,236
DA:32,4
DA:42,4
DA:44,2
DA:45,2
DA:48,2
DA:49,0
DA:53,2
DA:55,2
DA:56,0
DA:58,2
DA:59,2
DA:60,2
DA:61,2
DA:62,2
DA:63,2
DA:64,2
DA:66,2
DA:69,2
DA:70,1
DA:73,1
DA:86,4
DA:90,4
DA:92,4
DA:93,1
DA:94,1
DA:98,3
DA:99,1
DA:100,1
DA:103,2
DA:104,2
DA:105,0
DA:106,0
DA:110,2
DA:111,1
DA:112,1
DA:115,1
DA:116,1
DA:117,1
DA:118,1
DA:124,0
DA:125,0
DA:126,0
DA:127,0
DA:131,0
DA:132,0
DA:133,0
DA:134,0
DA:135,0
DA:139,0
DA:140,0
DA:142,0
DA:144,0
DA:145,0
DA:146,0
DA:150,0
DA:151,0
DA:152,0
DA:153,0
DA:154,0
DA:155,0
DA:158,0
DA:159,0
DA:162,0
DA:163,0
DA:168,0
DA:169,0
DA:170,0
DA:171,0
DA:172,0
DA:175,0
DA:176,0
DA:178,0
DA:179,0
DA:180,0
DA:181,0
DA:182,0
DA:183,0
DA:184,0
DA:187,0
DA:188,0
DA:191,0
DA:192,0
DA:198,5
DA:199,0
DA:200,0
DA:206,5
DA:208,5
DA:209,1
DA:210,1
DA:214,4
DA:215,4
DA:217,4
DA:218,4
DA:223,9
LF:105
LH:56
BRDA:42,0,0,2
BRDA:42,0,1,2
BRDA:48,1,0,0
BRDA:48,1,1,2
BRDA:55,2,0,0
BRDA:55,2,1,2
BRDA:55,3,0,2
BRDA:55,3,1,2
BRDA:69,4,0,1
BRDA:69,4,1,1
BRDA:92,5,0,1
BRDA:92,5,1,3
BRDA:98,6,0,1
BRDA:98,6,1,2
BRDA:104,7,0,0
BRDA:104,7,1,2
BRDA:110,8,0,1
BRDA:110,8,1,1
BRDA:125,9,0,0
BRDA:125,9,1,0
BRDA:125,10,0,0
BRDA:125,10,1,0
BRDA:134,11,0,0
BRDA:134,11,1,0
BRDA:139,12,0,0
BRDA:139,12,1,0
BRDA:140,13,0,0
BRDA:140,13,1,0
BRDA:144,14,0,0
BRDA:144,14,1,0
BRDA:153,15,0,0
BRDA:153,15,1,0
BRDA:170,16,0,0
BRDA:170,16,1,0
BRDA:170,17,0,0
BRDA:170,17,1,0
BRDA:178,18,0,0
BRDA:178,18,1,0
BRDA:182,19,0,0
BRDA:182,19,1,0
BRDA:198,20,0,0
BRDA:198,20,1,5
BRDA:208,21,0,1
BRDA:208,21,1,4
BRDA:208,22,0,5
BRDA:208,22,1,4
BRF:46
BRH:20
end_of_record
TN:
SF:src\routes\admin.js
FNF:0
FNH:0
DA:1,4
DA:2,4
DA:3,4
DA:4,4
DA:6,4
DA:7,4
DA:8,4
DA:9,4
DA:10,4
DA:11,4
DA:12,4
DA:13,4
DA:14,4
DA:15,4
DA:16,4
DA:17,4
DA:18,4
DA:19,4
DA:20,4
DA:21,4
DA:22,4
DA:23,4
DA:30,4
LF:23
LH:23
BRF:0
BRH:0
end_of_record
TN:
SF:src\routes\auth.js
FNF:0
FNH:0
DA:1,4
DA:2,4
DA:3,4
DA:4,4
DA:6,4
DA:7,4
DA:8,4
DA:9,4
DA:10,4
DA:12,4
LF:10
LH:10
BRF:0
BRH:0
end_of_record
TN:
SF:src\routes\lecturer.js
FNF:0
FNH:0
DA:1,4
DA:2,4
DA:3,4
DA:5,4
DA:7,4
DA:8,4
DA:9,4
DA:10,4
DA:11,4
DA:12,4
DA:13,4
DA:14,4
DA:15,4
DA:16,4
DA:18,4
LF:15
LH:15
BRF:0
BRH:0
end_of_record
TN:
SF:src\routes\student.js
FNF:0
FNH:0
DA:1,4
DA:2,4
DA:3,4
DA:5,4
DA:7,4
DA:8,4
DA:9,4
DA:10,4
DA:11,4
DA:12,4
DA:13,4
DA:14,4
DA:15,4
DA:16,4
DA:17,4
DA:18,4
DA:21,4
LF:17
LH:17
BRF:0
BRH:0
end_of_record
TN:
SF:src\routes\technicalOfficer.js
FNF:0
FNH:0
DA:1,4
DA:2,4
DA:3,4
DA:5,4
DA:7,4
DA:8,4
DA:9,4
DA:10,4
DA:11,4
DA:12,4
DA:13,4
DA:14,4
DA:15,4
DA:16,4
DA:17,4
DA:18,4
DA:19,4
DA:20,4
DA:21,4
DA:22,4
DA:23,4
DA:24,4
DA:26,4
LF:23
LH:23
BRF:0
BRH:0
end_of_record
TN:
SF:src\utils\Email.js
FN:7,(anonymous_0)
FN:15,(anonymous_1)
FN:16,(anonymous_2)
FN:27,(anonymous_3)
FNF:4
FNH:4
FNDA:4,(anonymous_0)
FNDA:4,(anonymous_1)
FNDA:4,(anonymous_2)
FNDA:2,(anonymous_3)
DA:1,9
DA:2,9
DA:3,9
DA:4,9
DA:9,4
DA:16,4
DA:17,4
DA:30,2
DA:31,2
DA:38,9
LF:10
LH:10
BRDA:30,0,0,0
BRDA:30,0,1,2
BRF:2
BRH:1
end_of_record
